{
"/Users/jas/Projects/git/wave-editor/src/app/index.js":{"path":"/Users/jas/Projects/git/wave-editor/src/app/index.js","s":{"1":0,"2":0,"3":0,"4":0,"5":0,"6":0,"7":0,"8":0,"9":0,"10":0,"11":0,"12":1,"13":0,"14":0,"15":0,"16":0},"b":{"1":[0,0],"2":[0,0]},"f":{"1":0},"fnMap":{"1":{"line":25,"skip":true,"name":"_interopRequireDefault","loc":{"start":{"line":0,"column":0},"end":{"line":0,"column":0},"skip":true}}},"statementMap":{"1":{"start":{"line":0,"column":0},"end":{"line":0,"column":0},"skip":true},"2":{"start":{"line":0,"column":0},"end":{"line":0,"column":0},"skip":true},"3":{"start":{"line":0,"column":0},"end":{"line":0,"column":0},"skip":true},"4":{"start":{"line":0,"column":0},"end":{"line":0,"column":0},"skip":true},"5":{"start":{"line":0,"column":0},"end":{"line":0,"column":0},"skip":true},"6":{"start":{"line":0,"column":0},"end":{"line":0,"column":0},"skip":true},"7":{"start":{"line":0,"column":0},"end":{"line":0,"column":0},"skip":true},"8":{"start":{"line":0,"column":0},"end":{"line":0,"column":0},"skip":true},"9":{"start":{"line":0,"column":0},"end":{"line":0,"column":0},"skip":true},"10":{"start":{"line":0,"column":0},"end":{"line":0,"column":0},"skip":true},"11":{"start":{"line":0,"column":0},"end":{"line":0,"column":0},"skip":true},"12":{"start":{"line":0,"column":0},"end":{"line":0,"column":0},"skip":true},"13":{"start":{"line":0,"column":0},"end":{"line":0,"column":0},"skip":true},"14":{"start":{"line":8,"column":0},"end":{"line":8,"column":40}},"15":{"start":{"line":9,"column":0},"end":{"line":11,"column":3}},"16":{"start":{"line":13,"column":0},"end":{"line":20,"column":2}}},"branchMap":{"1":{"line":25,"type":"cond-expr","locations":[{"start":{"line":0,"column":0},"end":{"line":0,"column":0},"skip":true},{"start":{"line":0,"column":0},"end":{"line":0,"column":0},"skip":true}]},"2":{"line":25,"type":"binary-expr","locations":[{"start":{"line":0,"column":0},"end":{"line":0,"column":0},"skip":true},{"start":{"line":0,"column":0},"end":{"line":0,"column":0},"skip":true}]}},"l":{"0":1,"8":0,"9":0,"13":0}},
"/Users/jas/Projects/git/wave-editor/src/app/actions/audioContext.js":{"path":"/Users/jas/Projects/git/wave-editor/src/app/actions/audioContext.js","s":{"1":0,"2":0,"3":0,"4":0,"5":1,"6":0,"7":0,"8":0,"9":0,"10":0,"11":0,"12":0,"13":0,"14":0,"15":1,"16":0,"17":0},"b":{"1":[0,0],"2":[0,0],"3":[0,0],"4":[0,0],"5":[0,0],"6":[0,0]},"f":{"1":0,"2":0},"fnMap":{"1":{"line":12,"skip":true,"name":"_interopRequireWildcard","loc":{"start":{"line":0,"column":0},"end":{"line":0,"column":0},"skip":true}},"2":{"line":14,"name":"setAudioContext","loc":{"start":{"line":3,"column":7},"end":{"line":3,"column":60}}}},"statementMap":{"1":{"start":{"line":0,"column":0},"end":{"line":0,"column":0},"skip":true},"2":{"start":{"line":0,"column":0},"end":{"line":0,"column":0},"skip":true},"3":{"start":{"line":0,"column":0},"end":{"line":0,"column":0},"skip":true},"4":{"start":{"line":0,"column":0},"end":{"line":0,"column":0},"skip":true},"5":{"start":{"line":0,"column":0},"end":{"line":0,"column":0},"skip":true},"6":{"start":{"line":0,"column":0},"end":{"line":0,"column":0},"skip":true},"7":{"start":{"line":0,"column":0},"end":{"line":0,"column":0},"skip":true},"8":{"start":{"line":0,"column":0},"end":{"line":0,"column":0},"skip":true},"9":{"start":{"line":0,"column":0},"end":{"line":0,"column":0},"skip":true},"10":{"start":{"line":0,"column":0},"end":{"line":0,"column":0},"skip":true},"11":{"start":{"line":0,"column":0},"end":{"line":0,"column":0},"skip":true},"12":{"start":{"line":0,"column":0},"end":{"line":0,"column":0},"skip":true},"13":{"start":{"line":0,"column":0},"end":{"line":0,"column":0},"skip":true},"14":{"start":{"line":0,"column":0},"end":{"line":0,"column":0},"skip":true},"15":{"start":{"line":3,"column":7},"end":{"line":8,"column":1}},"16":{"start":{"line":0,"column":0},"end":{"line":0,"column":0},"skip":true},"17":{"start":{"line":4,"column":2},"end":{"line":7,"column":4}}},"branchMap":{"1":{"line":12,"type":"if","locations":[{"start":{"line":0,"column":0},"end":{"line":0,"column":0},"skip":true},{"start":{"line":0,"column":0},"end":{"line":0,"column":0},"skip":true}]},"2":{"line":12,"type":"binary-expr","locations":[{"start":{"line":0,"column":0},"end":{"line":0,"column":0},"skip":true},{"start":{"line":0,"column":0},"end":{"line":0,"column":0},"skip":true}]},"3":{"line":12,"type":"if","locations":[{"start":{"line":0,"column":0},"end":{"line":0,"column":0},"skip":true},{"start":{"line":0,"column":0},"end":{"line":0,"column":0},"skip":true}]},"4":{"line":12,"type":"if","locations":[{"start":{"line":0,"column":0},"end":{"line":0,"column":0},"skip":true},{"start":{"line":0,"column":0},"end":{"line":0,"column":0},"skip":true}]},"5":{"line":15,"type":"cond-expr","locations":[{"start":{"line":3,"column":40},"end":{"line":3,"column":58}},{"start":{"line":3,"column":58},"end":{"line":3,"column":58}}]},"6":{"line":15,"type":"binary-expr","locations":[{"start":{"line":3,"column":37},"end":{"line":3,"column":37}},{"start":{"line":3,"column":37},"end":{"line":3,"column":37}}]}},"l":{"0":1,"3":1,"4":0}},
"/Users/jas/Projects/git/wave-editor/src/app/actions/buffer.js":{"path":"/Users/jas/Projects/git/wave-editor/src/app/actions/buffer.js","s":{"1":0,"2":0,"3":0,"4":0,"5":0,"6":0,"7":0,"8":0,"9":0,"10":0,"11":0,"12":0,"13":0,"14":0,"15":0,"16":0,"17":1,"18":0,"19":1,"20":0,"21":0,"22":0,"23":0,"24":0,"25":0,"26":0,"27":0,"28":0,"29":0,"30":0,"31":1,"32":0,"33":0,"34":1,"35":0,"36":0,"37":0,"38":0,"39":0,"40":0,"41":0,"42":0,"43":0,"44":0,"45":1,"46":0,"47":0,"48":0,"49":0,"50":0,"51":0,"52":1,"53":0,"54":0,"55":0,"56":0,"57":0,"58":0,"59":0,"60":0,"61":0,"62":0,"63":0,"64":0,"65":0,"66":0,"67":0,"68":0,"69":0,"70":0,"71":0,"72":0,"73":0,"74":0,"75":1,"76":0,"77":0,"78":0,"79":0,"80":0,"81":0,"82":1,"83":0,"84":0,"85":0,"86":0,"87":0,"88":0,"89":0,"90":0,"91":0,"92":0},"b":{"1":[0,0],"2":[0,0],"3":[0,0],"4":[0,0],"5":[0,0],"6":[0,0],"7":[0,0],"8":[0,0],"9":[0,0],"10":[0,0],"11":[0,0],"12":[0,0],"13":[0,0],"14":[0,0],"15":[0,0]},"f":{"1":0,"2":0,"3":0,"4":0,"5":0,"6":0,"7":0,"8":0,"9":0,"10":0,"11":0,"12":0,"13":0,"14":0,"15":0,"16":0,"17":0,"18":0},"fnMap":{"1":{"line":31,"skip":true,"name":"_interopRequireDefault","loc":{"start":{"line":0,"column":0},"end":{"line":0,"column":0},"skip":true}},"2":{"line":33,"skip":true,"name":"_interopRequireWildcard","loc":{"start":{"line":0,"column":0},"end":{"line":0,"column":0},"skip":true}},"3":{"line":38,"name":"setBuffer","loc":{"start":{"line":11,"column":7},"end":{"line":11,"column":54}}},"4":{"line":47,"name":"setBufferFromUrl","loc":{"start":{"line":18,"column":7},"end":{"line":18,"column":43}}},"5":{"line":50,"name":"(anonymous_5)","loc":{"start":{"line":19,"column":9},"end":{"line":19,"column":23}}},"6":{"line":55,"name":"(anonymous_6)","loc":{"start":{"line":24,"column":19},"end":{"line":24,"column":31}}},"7":{"line":63,"name":"setBufferFromFile","loc":{"start":{"line":32,"column":7},"end":{"line":32,"column":40}}},"8":{"line":64,"name":"(anonymous_8)","loc":{"start":{"line":33,"column":9},"end":{"line":33,"column":23}}},"9":{"line":66,"name":"(anonymous_9)","loc":{"start":{"line":35,"column":18},"end":{"line":35,"column":30}}},"10":{"line":74,"name":"startWorker","loc":{"start":{"line":43,"column":7},"end":{"line":43,"column":33}}},"11":{"line":75,"name":"(anonymous_11)","loc":{"start":{"line":44,"column":9},"end":{"line":44,"column":33}}},"12":{"line":87,"name":"(anonymous_12)","loc":{"start":{"line":51,"column":29},"end":{"line":51,"column":42}}},"13":{"line":108,"name":"handleBuffer","loc":{"start":{"line":72,"column":7},"end":{"line":72,"column":43}}},"14":{"line":109,"name":"(anonymous_14)","loc":{"start":{"line":73,"column":9},"end":{"line":73,"column":23}}},"15":{"line":118,"name":"decodeAudioData","loc":{"start":{"line":82,"column":7},"end":{"line":82,"column":56}}},"16":{"line":119,"name":"(anonymous_16)","loc":{"start":{"line":83,"column":9},"end":{"line":83,"column":33}}},"17":{"line":124,"name":"(anonymous_17)","loc":{"start":{"line":85,"column":39},"end":{"line":85,"column":51}}},"18":{"line":127,"name":"(anonymous_18)","loc":{"start":{"line":88,"column":7},"end":{"line":88,"column":19}}}},"statementMap":{"1":{"start":{"line":0,"column":0},"end":{"line":0,"column":0},"skip":true},"2":{"start":{"line":0,"column":0},"end":{"line":0,"column":0},"skip":true},"3":{"start":{"line":0,"column":0},"end":{"line":0,"column":0},"skip":true},"4":{"start":{"line":0,"column":0},"end":{"line":0,"column":0},"skip":true},"5":{"start":{"line":0,"column":0},"end":{"line":0,"column":0},"skip":true},"6":{"start":{"line":0,"column":0},"end":{"line":0,"column":0},"skip":true},"7":{"start":{"line":0,"column":0},"end":{"line":0,"column":0},"skip":true},"8":{"start":{"line":0,"column":0},"end":{"line":0,"column":0},"skip":true},"9":{"start":{"line":0,"column":0},"end":{"line":0,"column":0},"skip":true},"10":{"start":{"line":0,"column":0},"end":{"line":0,"column":0},"skip":true},"11":{"start":{"line":0,"column":0},"end":{"line":0,"column":0},"skip":true},"12":{"start":{"line":0,"column":0},"end":{"line":0,"column":0},"skip":true},"13":{"start":{"line":0,"column":0},"end":{"line":0,"column":0},"skip":true},"14":{"start":{"line":0,"column":0},"end":{"line":0,"column":0},"skip":true},"15":{"start":{"line":0,"column":0},"end":{"line":0,"column":0},"skip":true},"16":{"start":{"line":0,"column":0},"end":{"line":0,"column":0},"skip":true},"17":{"start":{"line":0,"column":0},"end":{"line":0,"column":0},"skip":true},"18":{"start":{"line":0,"column":0},"end":{"line":0,"column":0},"skip":true},"19":{"start":{"line":0,"column":0},"end":{"line":0,"column":0},"skip":true},"20":{"start":{"line":0,"column":0},"end":{"line":0,"column":0},"skip":true},"21":{"start":{"line":0,"column":0},"end":{"line":0,"column":0},"skip":true},"22":{"start":{"line":0,"column":0},"end":{"line":0,"column":0},"skip":true},"23":{"start":{"line":0,"column":0},"end":{"line":0,"column":0},"skip":true},"24":{"start":{"line":0,"column":0},"end":{"line":0,"column":0},"skip":true},"25":{"start":{"line":0,"column":0},"end":{"line":0,"column":0},"skip":true},"26":{"start":{"line":0,"column":0},"end":{"line":0,"column":0},"skip":true},"27":{"start":{"line":0,"column":0},"end":{"line":0,"column":0},"skip":true},"28":{"start":{"line":0,"column":0},"end":{"line":0,"column":0},"skip":true},"29":{"start":{"line":8,"column":0},"end":{"line":8,"column":79}},"30":{"start":{"line":9,"column":0},"end":{"line":9,"column":19}},"31":{"start":{"line":11,"column":7},"end":{"line":16,"column":1}},"32":{"start":{"line":0,"column":0},"end":{"line":0,"column":0},"skip":true},"33":{"start":{"line":12,"column":2},"end":{"line":15,"column":4}},"34":{"start":{"line":18,"column":7},"end":{"line":30,"column":1}},"35":{"start":{"line":0,"column":0},"end":{"line":0,"column":0},"skip":true},"36":{"start":{"line":19,"column":2},"end":{"line":29,"column":4}},"37":{"start":{"line":20,"column":4},"end":{"line":20,"column":41}},"38":{"start":{"line":21,"column":4},"end":{"line":21,"column":36}},"39":{"start":{"line":22,"column":2},"end":{"line":22,"column":33}},"40":{"start":{"line":23,"column":2},"end":{"line":23,"column":39}},"41":{"start":{"line":24,"column":2},"end":{"line":26,"column":4}},"42":{"start":{"line":25,"column":6},"end":{"line":25,"column":62}},"43":{"start":{"line":27,"column":4},"end":{"line":27,"column":62}},"44":{"start":{"line":28,"column":2},"end":{"line":28,"column":17}},"45":{"start":{"line":32,"column":7},"end":{"line":41,"column":1}},"46":{"start":{"line":33,"column":2},"end":{"line":40,"column":4}},"47":{"start":{"line":34,"column":4},"end":{"line":34,"column":36}},"48":{"start":{"line":35,"column":2},"end":{"line":37,"column":6}},"49":{"start":{"line":36,"column":6},"end":{"line":36,"column":64}},"50":{"start":{"line":38,"column":4},"end":{"line":38,"column":67}},"51":{"start":{"line":39,"column":4},"end":{"line":39,"column":35}},"52":{"start":{"line":43,"column":7},"end":{"line":70,"column":1}},"53":{"start":{"line":44,"column":2},"end":{"line":69,"column":4}},"54":{"start":{"line":0,"column":0},"end":{"line":0,"column":0},"skip":true},"55":{"start":{"line":0,"column":0},"end":{"line":0,"column":0},"skip":true},"56":{"start":{"line":0,"column":0},"end":{"line":0,"column":0},"skip":true},"57":{"start":{"line":0,"column":0},"end":{"line":0,"column":0},"skip":true},"58":{"start":{"line":46,"column":4},"end":{"line":49,"column":5}},"59":{"start":{"line":47,"column":6},"end":{"line":47,"column":31}},"60":{"start":{"line":48,"column":6},"end":{"line":48,"column":26}},"61":{"start":{"line":50,"column":4},"end":{"line":50,"column":44}},"62":{"start":{"line":51,"column":4},"end":{"line":53,"column":6}},"63":{"start":{"line":52,"column":6},"end":{"line":52,"column":45}},"64":{"start":{"line":54,"column":4},"end":{"line":54,"column":24}},"65":{"start":{"line":55,"column":4},"end":{"line":55,"column":43}},"66":{"start":{"line":56,"column":4},"end":{"line":60,"column":5}},"67":{"start":{"line":57,"column":6},"end":{"line":57,"column":49}},"68":{"start":{"line":59,"column":6},"end":{"line":59,"column":43}},"69":{"start":{"line":61,"column":4},"end":{"line":67,"column":5}},"70":{"start":{"line":62,"column":6},"end":{"line":62,"column":34}},"71":{"start":{"line":63,"column":6},"end":{"line":63,"column":30}},"72":{"start":{"line":65,"column":6},"end":{"line":65,"column":25}},"73":{"start":{"line":66,"column":6},"end":{"line":66,"column":44}},"74":{"start":{"line":68,"column":4},"end":{"line":68,"column":39}},"75":{"start":{"line":72,"column":7},"end":{"line":80,"column":1}},"76":{"start":{"line":73,"column":2},"end":{"line":79,"column":4}},"77":{"start":{"line":74,"column":4},"end":{"line":74,"column":32}},"78":{"start":{"line":75,"column":4},"end":{"line":75,"column":28}},"79":{"start":{"line":76,"column":4},"end":{"line":76,"column":55}},"80":{"start":{"line":77,"column":4},"end":{"line":77,"column":28}},"81":{"start":{"line":78,"column":4},"end":{"line":78,"column":38}},"82":{"start":{"line":82,"column":7},"end":{"line":97,"column":1}},"83":{"start":{"line":83,"column":2},"end":{"line":96,"column":4}},"84":{"start":{"line":0,"column":0},"end":{"line":0,"column":0},"skip":true},"85":{"start":{"line":0,"column":0},"end":{"line":0,"column":0},"skip":true},"86":{"start":{"line":85,"column":4},"end":{"line":95,"column":7}},"87":{"start":{"line":86,"column":6},"end":{"line":86,"column":43}},"88":{"start":{"line":87,"column":6},"end":{"line":87,"column":39}},"89":{"start":{"line":89,"column":6},"end":{"line":89,"column":39}},"90":{"start":{"line":90,"column":6},"end":{"line":94,"column":7}},"91":{"start":{"line":91,"column":8},"end":{"line":91,"column":67}},"92":{"start":{"line":93,"column":8},"end":{"line":93,"column":42}}},"branchMap":{"1":{"line":31,"type":"cond-expr","locations":[{"start":{"line":0,"column":0},"end":{"line":0,"column":0},"skip":true},{"start":{"line":0,"column":0},"end":{"line":0,"column":0},"skip":true}]},"2":{"line":31,"type":"binary-expr","locations":[{"start":{"line":0,"column":0},"end":{"line":0,"column":0},"skip":true},{"start":{"line":0,"column":0},"end":{"line":0,"column":0},"skip":true}]},"3":{"line":33,"type":"if","locations":[{"start":{"line":0,"column":0},"end":{"line":0,"column":0},"skip":true},{"start":{"line":0,"column":0},"end":{"line":0,"column":0},"skip":true}]},"4":{"line":33,"type":"binary-expr","locations":[{"start":{"line":0,"column":0},"end":{"line":0,"column":0},"skip":true},{"start":{"line":0,"column":0},"end":{"line":0,"column":0},"skip":true}]},"5":{"line":33,"type":"if","locations":[{"start":{"line":0,"column":0},"end":{"line":0,"column":0},"skip":true},{"start":{"line":0,"column":0},"end":{"line":0,"column":0},"skip":true}]},"6":{"line":33,"type":"if","locations":[{"start":{"line":0,"column":0},"end":{"line":0,"column":0},"skip":true},{"start":{"line":0,"column":0},"end":{"line":0,"column":0},"skip":true}]},"7":{"line":39,"type":"cond-expr","locations":[{"start":{"line":11,"column":34},"end":{"line":11,"column":52}},{"start":{"line":11,"column":52},"end":{"line":11,"column":52}}]},"8":{"line":39,"type":"binary-expr","locations":[{"start":{"line":11,"column":31},"end":{"line":11,"column":31}},{"start":{"line":11,"column":31},"end":{"line":11,"column":31}}]},"9":{"line":48,"type":"cond-expr","locations":[{"start":{"line":18,"column":39},"end":{"line":18,"column":41}},{"start":{"line":18,"column":41},"end":{"line":18,"column":41}}]},"10":{"line":48,"type":"binary-expr","locations":[{"start":{"line":18,"column":36},"end":{"line":18,"column":36}},{"start":{"line":18,"column":36},"end":{"line":18,"column":36}}]},"11":{"line":82,"type":"if","locations":[{"start":{"line":46,"column":4},"end":{"line":46,"column":4}},{"start":{"line":46,"column":4},"end":{"line":46,"column":4}}]},"12":{"line":92,"type":"if","locations":[{"start":{"line":56,"column":4},"end":{"line":56,"column":4}},{"start":{"line":56,"column":4},"end":{"line":56,"column":4}}]},"13":{"line":92,"type":"binary-expr","locations":[{"start":{"line":56,"column":8},"end":{"line":56,"column":14}},{"start":{"line":56,"column":18},"end":{"line":56,"column":31}}]},"14":{"line":97,"type":"if","locations":[{"start":{"line":61,"column":4},"end":{"line":61,"column":4}},{"start":{"line":61,"column":4},"end":{"line":61,"column":4}}]},"15":{"line":129,"type":"if","locations":[{"start":{"line":90,"column":6},"end":{"line":90,"column":6}},{"start":{"line":90,"column":6},"end":{"line":90,"column":6}}]}},"l":{"0":1,"8":0,"9":0,"11":1,"12":0,"18":1,"19":0,"20":0,"21":0,"22":0,"23":0,"24":0,"25":0,"27":0,"28":0,"32":1,"33":0,"34":0,"35":0,"36":0,"38":0,"39":0,"43":1,"44":0,"46":0,"47":0,"48":0,"50":0,"51":0,"52":0,"54":0,"55":0,"56":0,"57":0,"59":0,"61":0,"62":0,"63":0,"65":0,"66":0,"68":0,"72":1,"73":0,"74":0,"75":0,"76":0,"77":0,"78":0,"82":1,"83":0,"85":0,"86":0,"87":0,"89":0,"90":0,"91":0,"93":0}},
"/Users/jas/Projects/git/wave-editor/src/app/actions/examples.js":{"path":"/Users/jas/Projects/git/wave-editor/src/app/actions/examples.js","s":{"1":0,"2":0,"3":0,"4":0,"5":0,"6":0,"7":0,"8":0,"9":0,"10":0,"11":1,"12":0,"13":0,"14":0,"15":0,"16":0,"17":0,"18":0,"19":0,"20":0,"21":1,"22":0,"23":0,"24":0,"25":0,"26":0,"27":0,"28":0,"29":0,"30":1,"31":0,"32":0,"33":0,"34":0,"35":0,"36":0,"37":1,"38":0,"39":0,"40":0,"41":0,"42":0,"43":1,"44":0,"45":0,"46":0,"47":0,"48":0},"b":{"1":[0,0],"2":[0,0],"3":[0,0],"4":[0,0],"5":[0,0],"6":[0,0],"7":[0,0],"8":[0,0],"9":[0,0],"10":[0,0],"11":[0,0]},"f":{"1":0,"2":0,"3":0,"4":0,"5":0,"6":0,"7":0,"8":0,"9":0},"fnMap":{"1":{"line":21,"skip":true,"name":"_interopRequireWildcard","loc":{"start":{"line":0,"column":0},"end":{"line":0,"column":0},"skip":true}},"2":{"line":23,"name":"setExamples","loc":{"start":{"line":6,"column":7},"end":{"line":6,"column":51}}},"3":{"line":27,"name":"(anonymous_3)","loc":{"start":{"line":7,"column":9},"end":{"line":7,"column":23}}},"4":{"line":40,"name":"loadExampleFile","loc":{"start":{"line":20,"column":7},"end":{"line":20,"column":45}}},"5":{"line":41,"name":"(anonymous_5)","loc":{"start":{"line":21,"column":9},"end":{"line":21,"column":23}}},"6":{"line":51,"name":"setRandomGroupAndFile","loc":{"start":{"line":31,"column":7},"end":{"line":31,"column":40}}},"7":{"line":52,"name":"(anonymous_7)","loc":{"start":{"line":32,"column":9},"end":{"line":32,"column":23}}},"8":{"line":60,"name":"setRandomFile","loc":{"start":{"line":40,"column":7},"end":{"line":40,"column":32}}},"9":{"line":61,"name":"(anonymous_9)","loc":{"start":{"line":41,"column":9},"end":{"line":41,"column":33}}}},"statementMap":{"1":{"start":{"line":0,"column":0},"end":{"line":0,"column":0},"skip":true},"2":{"start":{"line":0,"column":0},"end":{"line":0,"column":0},"skip":true},"3":{"start":{"line":0,"column":0},"end":{"line":0,"column":0},"skip":true},"4":{"start":{"line":0,"column":0},"end":{"line":0,"column":0},"skip":true},"5":{"start":{"line":0,"column":0},"end":{"line":0,"column":0},"skip":true},"6":{"start":{"line":0,"column":0},"end":{"line":0,"column":0},"skip":true},"7":{"start":{"line":0,"column":0},"end":{"line":0,"column":0},"skip":true},"8":{"start":{"line":0,"column":0},"end":{"line":0,"column":0},"skip":true},"9":{"start":{"line":0,"column":0},"end":{"line":0,"column":0},"skip":true},"10":{"start":{"line":0,"column":0},"end":{"line":0,"column":0},"skip":true},"11":{"start":{"line":0,"column":0},"end":{"line":0,"column":0},"skip":true},"12":{"start":{"line":0,"column":0},"end":{"line":0,"column":0},"skip":true},"13":{"start":{"line":0,"column":0},"end":{"line":0,"column":0},"skip":true},"14":{"start":{"line":0,"column":0},"end":{"line":0,"column":0},"skip":true},"15":{"start":{"line":0,"column":0},"end":{"line":0,"column":0},"skip":true},"16":{"start":{"line":0,"column":0},"end":{"line":0,"column":0},"skip":true},"17":{"start":{"line":0,"column":0},"end":{"line":0,"column":0},"skip":true},"18":{"start":{"line":0,"column":0},"end":{"line":0,"column":0},"skip":true},"19":{"start":{"line":0,"column":0},"end":{"line":0,"column":0},"skip":true},"20":{"start":{"line":0,"column":0},"end":{"line":0,"column":0},"skip":true},"21":{"start":{"line":6,"column":7},"end":{"line":18,"column":1}},"22":{"start":{"line":0,"column":0},"end":{"line":0,"column":0},"skip":true},"23":{"start":{"line":0,"column":0},"end":{"line":0,"column":0},"skip":true},"24":{"start":{"line":7,"column":2},"end":{"line":17,"column":4}},"25":{"start":{"line":8,"column":4},"end":{"line":8,"column":57}},"26":{"start":{"line":9,"column":4},"end":{"line":9,"column":43}},"27":{"start":{"line":10,"column":4},"end":{"line":10,"column":59}},"28":{"start":{"line":11,"column":4},"end":{"line":15,"column":7}},"29":{"start":{"line":16,"column":4},"end":{"line":16,"column":68}},"30":{"start":{"line":20,"column":7},"end":{"line":29,"column":1}},"31":{"start":{"line":21,"column":2},"end":{"line":28,"column":4}},"32":{"start":{"line":22,"column":4},"end":{"line":22,"column":67}},"33":{"start":{"line":23,"column":4},"end":{"line":23,"column":38}},"34":{"start":{"line":24,"column":4},"end":{"line":24,"column":39}},"35":{"start":{"line":25,"column":4},"end":{"line":27,"column":5}},"36":{"start":{"line":26,"column":6},"end":{"line":26,"column":38}},"37":{"start":{"line":31,"column":7},"end":{"line":38,"column":1}},"38":{"start":{"line":32,"column":2},"end":{"line":37,"column":4}},"39":{"start":{"line":33,"column":4},"end":{"line":33,"column":35}},"40":{"start":{"line":34,"column":4},"end":{"line":34,"column":31}},"41":{"start":{"line":35,"column":4},"end":{"line":35,"column":44}},"42":{"start":{"line":36,"column":4},"end":{"line":36,"column":46}},"43":{"start":{"line":40,"column":7},"end":{"line":46,"column":1}},"44":{"start":{"line":41,"column":2},"end":{"line":45,"column":4}},"45":{"start":{"line":0,"column":0},"end":{"line":0,"column":0},"skip":true},"46":{"start":{"line":0,"column":0},"end":{"line":0,"column":0},"skip":true},"47":{"start":{"line":43,"column":4},"end":{"line":43,"column":50}},"48":{"start":{"line":44,"column":4},"end":{"line":44,"column":52}}},"branchMap":{"1":{"line":21,"type":"if","locations":[{"start":{"line":0,"column":0},"end":{"line":0,"column":0},"skip":true},{"start":{"line":0,"column":0},"end":{"line":0,"column":0},"skip":true}]},"2":{"line":21,"type":"binary-expr","locations":[{"start":{"line":0,"column":0},"end":{"line":0,"column":0},"skip":true},{"start":{"line":0,"column":0},"end":{"line":0,"column":0},"skip":true}]},"3":{"line":21,"type":"if","locations":[{"start":{"line":0,"column":0},"end":{"line":0,"column":0},"skip":true},{"start":{"line":0,"column":0},"end":{"line":0,"column":0},"skip":true}]},"4":{"line":21,"type":"if","locations":[{"start":{"line":0,"column":0},"end":{"line":0,"column":0},"skip":true},{"start":{"line":0,"column":0},"end":{"line":0,"column":0},"skip":true}]},"5":{"line":24,"type":"cond-expr","locations":[{"start":{"line":6,"column":36},"end":{"line":6,"column":38}},{"start":{"line":6,"column":38},"end":{"line":6,"column":38}}]},"6":{"line":24,"type":"binary-expr","locations":[{"start":{"line":6,"column":33},"end":{"line":6,"column":33}},{"start":{"line":6,"column":33},"end":{"line":6,"column":33}}]},"7":{"line":25,"type":"cond-expr","locations":[{"start":{"line":6,"column":47},"end":{"line":6,"column":49}},{"start":{"line":6,"column":49},"end":{"line":6,"column":49}}]},"8":{"line":25,"type":"binary-expr","locations":[{"start":{"line":6,"column":44},"end":{"line":6,"column":44}},{"start":{"line":6,"column":44},"end":{"line":6,"column":44}}]},"9":{"line":29,"type":"binary-expr","locations":[{"start":{"line":9,"column":20},"end":{"line":9,"column":24}},{"start":{"line":9,"column":28},"end":{"line":9,"column":30}}]},"10":{"line":45,"type":"if","locations":[{"start":{"line":25,"column":4},"end":{"line":25,"column":4}},{"start":{"line":25,"column":4},"end":{"line":25,"column":4}}]},"11":{"line":45,"type":"binary-expr","locations":[{"start":{"line":25,"column":8},"end":{"line":25,"column":32}},{"start":{"line":25,"column":36},"end":{"line":25,"column":47}}]}},"l":{"0":1,"6":1,"7":0,"8":0,"9":0,"10":0,"11":0,"16":0,"20":1,"21":0,"22":0,"23":0,"24":0,"25":0,"26":0,"31":1,"32":0,"33":0,"34":0,"35":0,"36":0,"40":1,"41":0,"43":0,"44":0}},
"/Users/jas/Projects/git/wave-editor/src/app/actions/name.js":{"path":"/Users/jas/Projects/git/wave-editor/src/app/actions/name.js","s":{"1":0,"2":0,"3":0,"4":0,"5":1,"6":0,"7":0,"8":0,"9":0,"10":0,"11":0,"12":0,"13":0,"14":0,"15":1,"16":0,"17":0},"b":{"1":[0,0],"2":[0,0],"3":[0,0],"4":[0,0],"5":[0,0],"6":[0,0]},"f":{"1":0,"2":0},"fnMap":{"1":{"line":12,"skip":true,"name":"_interopRequireWildcard","loc":{"start":{"line":0,"column":0},"end":{"line":0,"column":0},"skip":true}},"2":{"line":14,"name":"setName","loc":{"start":{"line":3,"column":7},"end":{"line":3,"column":36}}}},"statementMap":{"1":{"start":{"line":0,"column":0},"end":{"line":0,"column":0},"skip":true},"2":{"start":{"line":0,"column":0},"end":{"line":0,"column":0},"skip":true},"3":{"start":{"line":0,"column":0},"end":{"line":0,"column":0},"skip":true},"4":{"start":{"line":0,"column":0},"end":{"line":0,"column":0},"skip":true},"5":{"start":{"line":0,"column":0},"end":{"line":0,"column":0},"skip":true},"6":{"start":{"line":0,"column":0},"end":{"line":0,"column":0},"skip":true},"7":{"start":{"line":0,"column":0},"end":{"line":0,"column":0},"skip":true},"8":{"start":{"line":0,"column":0},"end":{"line":0,"column":0},"skip":true},"9":{"start":{"line":0,"column":0},"end":{"line":0,"column":0},"skip":true},"10":{"start":{"line":0,"column":0},"end":{"line":0,"column":0},"skip":true},"11":{"start":{"line":0,"column":0},"end":{"line":0,"column":0},"skip":true},"12":{"start":{"line":0,"column":0},"end":{"line":0,"column":0},"skip":true},"13":{"start":{"line":0,"column":0},"end":{"line":0,"column":0},"skip":true},"14":{"start":{"line":0,"column":0},"end":{"line":0,"column":0},"skip":true},"15":{"start":{"line":3,"column":7},"end":{"line":8,"column":1}},"16":{"start":{"line":0,"column":0},"end":{"line":0,"column":0},"skip":true},"17":{"start":{"line":4,"column":2},"end":{"line":7,"column":4}}},"branchMap":{"1":{"line":12,"type":"if","locations":[{"start":{"line":0,"column":0},"end":{"line":0,"column":0},"skip":true},{"start":{"line":0,"column":0},"end":{"line":0,"column":0},"skip":true}]},"2":{"line":12,"type":"binary-expr","locations":[{"start":{"line":0,"column":0},"end":{"line":0,"column":0},"skip":true},{"start":{"line":0,"column":0},"end":{"line":0,"column":0},"skip":true}]},"3":{"line":12,"type":"if","locations":[{"start":{"line":0,"column":0},"end":{"line":0,"column":0},"skip":true},{"start":{"line":0,"column":0},"end":{"line":0,"column":0},"skip":true}]},"4":{"line":12,"type":"if","locations":[{"start":{"line":0,"column":0},"end":{"line":0,"column":0},"skip":true},{"start":{"line":0,"column":0},"end":{"line":0,"column":0},"skip":true}]},"5":{"line":15,"type":"cond-expr","locations":[{"start":{"line":3,"column":32},"end":{"line":3,"column":34}},{"start":{"line":3,"column":34},"end":{"line":3,"column":34}}]},"6":{"line":15,"type":"binary-expr","locations":[{"start":{"line":3,"column":29},"end":{"line":3,"column":29}},{"start":{"line":3,"column":29},"end":{"line":3,"column":29}}]}},"l":{"0":1,"3":1,"4":0}},
"/Users/jas/Projects/git/wave-editor/src/app/actions/playbackPosition.js":{"path":"/Users/jas/Projects/git/wave-editor/src/app/actions/playbackPosition.js","s":{"1":0,"2":0,"3":0,"4":0,"5":1,"6":0,"7":0,"8":0,"9":0,"10":0,"11":0,"12":0,"13":0,"14":0,"15":1,"16":0,"17":0,"18":0},"b":{"1":[0,0],"2":[0,0],"3":[0,0],"4":[0,0],"5":[0,0],"6":[0,0]},"f":{"1":0,"2":0},"fnMap":{"1":{"line":12,"skip":true,"name":"_interopRequireWildcard","loc":{"start":{"line":0,"column":0},"end":{"line":0,"column":0},"skip":true}},"2":{"line":14,"name":"setPlaybackPosition","loc":{"start":{"line":3,"column":7},"end":{"line":3,"column":58}}}},"statementMap":{"1":{"start":{"line":0,"column":0},"end":{"line":0,"column":0},"skip":true},"2":{"start":{"line":0,"column":0},"end":{"line":0,"column":0},"skip":true},"3":{"start":{"line":0,"column":0},"end":{"line":0,"column":0},"skip":true},"4":{"start":{"line":0,"column":0},"end":{"line":0,"column":0},"skip":true},"5":{"start":{"line":0,"column":0},"end":{"line":0,"column":0},"skip":true},"6":{"start":{"line":0,"column":0},"end":{"line":0,"column":0},"skip":true},"7":{"start":{"line":0,"column":0},"end":{"line":0,"column":0},"skip":true},"8":{"start":{"line":0,"column":0},"end":{"line":0,"column":0},"skip":true},"9":{"start":{"line":0,"column":0},"end":{"line":0,"column":0},"skip":true},"10":{"start":{"line":0,"column":0},"end":{"line":0,"column":0},"skip":true},"11":{"start":{"line":0,"column":0},"end":{"line":0,"column":0},"skip":true},"12":{"start":{"line":0,"column":0},"end":{"line":0,"column":0},"skip":true},"13":{"start":{"line":0,"column":0},"end":{"line":0,"column":0},"skip":true},"14":{"start":{"line":0,"column":0},"end":{"line":0,"column":0},"skip":true},"15":{"start":{"line":3,"column":7},"end":{"line":9,"column":1}},"16":{"start":{"line":0,"column":0},"end":{"line":0,"column":0},"skip":true},"17":{"start":{"line":0,"column":0},"end":{"line":0,"column":0},"skip":true},"18":{"start":{"line":4,"column":2},"end":{"line":8,"column":4}}},"branchMap":{"1":{"line":12,"type":"if","locations":[{"start":{"line":0,"column":0},"end":{"line":0,"column":0},"skip":true},{"start":{"line":0,"column":0},"end":{"line":0,"column":0},"skip":true}]},"2":{"line":12,"type":"binary-expr","locations":[{"start":{"line":0,"column":0},"end":{"line":0,"column":0},"skip":true},{"start":{"line":0,"column":0},"end":{"line":0,"column":0},"skip":true}]},"3":{"line":12,"type":"if","locations":[{"start":{"line":0,"column":0},"end":{"line":0,"column":0},"skip":true},{"start":{"line":0,"column":0},"end":{"line":0,"column":0},"skip":true}]},"4":{"line":12,"type":"if","locations":[{"start":{"line":0,"column":0},"end":{"line":0,"column":0},"skip":true},{"start":{"line":0,"column":0},"end":{"line":0,"column":0},"skip":true}]},"5":{"line":15,"type":"cond-expr","locations":[{"start":{"line":3,"column":47},"end":{"line":3,"column":48}},{"start":{"line":3,"column":48},"end":{"line":3,"column":48}}]},"6":{"line":15,"type":"binary-expr","locations":[{"start":{"line":3,"column":44},"end":{"line":3,"column":44}},{"start":{"line":3,"column":44},"end":{"line":3,"column":44}}]}},"l":{"0":1,"3":1,"4":0}},
"/Users/jas/Projects/git/wave-editor/src/app/actions/playbackRate.js":{"path":"/Users/jas/Projects/git/wave-editor/src/app/actions/playbackRate.js","s":{"1":0,"2":0,"3":0,"4":0,"5":1,"6":0,"7":0,"8":0,"9":0,"10":0,"11":0,"12":0,"13":0,"14":0,"15":1,"16":0,"17":0},"b":{"1":[0,0],"2":[0,0],"3":[0,0],"4":[0,0],"5":[0,0],"6":[0,0]},"f":{"1":0,"2":0},"fnMap":{"1":{"line":12,"skip":true,"name":"_interopRequireWildcard","loc":{"start":{"line":0,"column":0},"end":{"line":0,"column":0},"skip":true}},"2":{"line":14,"name":"setPlaybackRate","loc":{"start":{"line":3,"column":7},"end":{"line":3,"column":43}}}},"statementMap":{"1":{"start":{"line":0,"column":0},"end":{"line":0,"column":0},"skip":true},"2":{"start":{"line":0,"column":0},"end":{"line":0,"column":0},"skip":true},"3":{"start":{"line":0,"column":0},"end":{"line":0,"column":0},"skip":true},"4":{"start":{"line":0,"column":0},"end":{"line":0,"column":0},"skip":true},"5":{"start":{"line":0,"column":0},"end":{"line":0,"column":0},"skip":true},"6":{"start":{"line":0,"column":0},"end":{"line":0,"column":0},"skip":true},"7":{"start":{"line":0,"column":0},"end":{"line":0,"column":0},"skip":true},"8":{"start":{"line":0,"column":0},"end":{"line":0,"column":0},"skip":true},"9":{"start":{"line":0,"column":0},"end":{"line":0,"column":0},"skip":true},"10":{"start":{"line":0,"column":0},"end":{"line":0,"column":0},"skip":true},"11":{"start":{"line":0,"column":0},"end":{"line":0,"column":0},"skip":true},"12":{"start":{"line":0,"column":0},"end":{"line":0,"column":0},"skip":true},"13":{"start":{"line":0,"column":0},"end":{"line":0,"column":0},"skip":true},"14":{"start":{"line":0,"column":0},"end":{"line":0,"column":0},"skip":true},"15":{"start":{"line":3,"column":7},"end":{"line":8,"column":1}},"16":{"start":{"line":0,"column":0},"end":{"line":0,"column":0},"skip":true},"17":{"start":{"line":4,"column":2},"end":{"line":7,"column":4}}},"branchMap":{"1":{"line":12,"type":"if","locations":[{"start":{"line":0,"column":0},"end":{"line":0,"column":0},"skip":true},{"start":{"line":0,"column":0},"end":{"line":0,"column":0},"skip":true}]},"2":{"line":12,"type":"binary-expr","locations":[{"start":{"line":0,"column":0},"end":{"line":0,"column":0},"skip":true},{"start":{"line":0,"column":0},"end":{"line":0,"column":0},"skip":true}]},"3":{"line":12,"type":"if","locations":[{"start":{"line":0,"column":0},"end":{"line":0,"column":0},"skip":true},{"start":{"line":0,"column":0},"end":{"line":0,"column":0},"skip":true}]},"4":{"line":12,"type":"if","locations":[{"start":{"line":0,"column":0},"end":{"line":0,"column":0},"skip":true},{"start":{"line":0,"column":0},"end":{"line":0,"column":0},"skip":true}]},"5":{"line":15,"type":"cond-expr","locations":[{"start":{"line":3,"column":40},"end":{"line":3,"column":41}},{"start":{"line":3,"column":41},"end":{"line":3,"column":41}}]},"6":{"line":15,"type":"binary-expr","locations":[{"start":{"line":3,"column":37},"end":{"line":3,"column":37}},{"start":{"line":3,"column":37},"end":{"line":3,"column":37}}]}},"l":{"0":1,"3":1,"4":0}},
"/Users/jas/Projects/git/wave-editor/src/app/actions/playbackType.js":{"path":"/Users/jas/Projects/git/wave-editor/src/app/actions/playbackType.js","s":{"1":0,"2":0,"3":0,"4":0,"5":1,"6":0,"7":0,"8":0,"9":0,"10":0,"11":0,"12":0,"13":0,"14":0,"15":1,"16":0,"17":0},"b":{"1":[0,0],"2":[0,0],"3":[0,0],"4":[0,0],"5":[0,0],"6":[0,0]},"f":{"1":0,"2":0},"fnMap":{"1":{"line":12,"skip":true,"name":"_interopRequireWildcard","loc":{"start":{"line":0,"column":0},"end":{"line":0,"column":0},"skip":true}},"2":{"line":14,"name":"setPlaybackType","loc":{"start":{"line":3,"column":7},"end":{"line":3,"column":43}}}},"statementMap":{"1":{"start":{"line":0,"column":0},"end":{"line":0,"column":0},"skip":true},"2":{"start":{"line":0,"column":0},"end":{"line":0,"column":0},"skip":true},"3":{"start":{"line":0,"column":0},"end":{"line":0,"column":0},"skip":true},"4":{"start":{"line":0,"column":0},"end":{"line":0,"column":0},"skip":true},"5":{"start":{"line":0,"column":0},"end":{"line":0,"column":0},"skip":true},"6":{"start":{"line":0,"column":0},"end":{"line":0,"column":0},"skip":true},"7":{"start":{"line":0,"column":0},"end":{"line":0,"column":0},"skip":true},"8":{"start":{"line":0,"column":0},"end":{"line":0,"column":0},"skip":true},"9":{"start":{"line":0,"column":0},"end":{"line":0,"column":0},"skip":true},"10":{"start":{"line":0,"column":0},"end":{"line":0,"column":0},"skip":true},"11":{"start":{"line":0,"column":0},"end":{"line":0,"column":0},"skip":true},"12":{"start":{"line":0,"column":0},"end":{"line":0,"column":0},"skip":true},"13":{"start":{"line":0,"column":0},"end":{"line":0,"column":0},"skip":true},"14":{"start":{"line":0,"column":0},"end":{"line":0,"column":0},"skip":true},"15":{"start":{"line":3,"column":7},"end":{"line":8,"column":1}},"16":{"start":{"line":0,"column":0},"end":{"line":0,"column":0},"skip":true},"17":{"start":{"line":4,"column":2},"end":{"line":7,"column":4}}},"branchMap":{"1":{"line":12,"type":"if","locations":[{"start":{"line":0,"column":0},"end":{"line":0,"column":0},"skip":true},{"start":{"line":0,"column":0},"end":{"line":0,"column":0},"skip":true}]},"2":{"line":12,"type":"binary-expr","locations":[{"start":{"line":0,"column":0},"end":{"line":0,"column":0},"skip":true},{"start":{"line":0,"column":0},"end":{"line":0,"column":0},"skip":true}]},"3":{"line":12,"type":"if","locations":[{"start":{"line":0,"column":0},"end":{"line":0,"column":0},"skip":true},{"start":{"line":0,"column":0},"end":{"line":0,"column":0},"skip":true}]},"4":{"line":12,"type":"if","locations":[{"start":{"line":0,"column":0},"end":{"line":0,"column":0},"skip":true},{"start":{"line":0,"column":0},"end":{"line":0,"column":0},"skip":true}]},"5":{"line":15,"type":"cond-expr","locations":[{"start":{"line":3,"column":40},"end":{"line":3,"column":41}},{"start":{"line":3,"column":41},"end":{"line":3,"column":41}}]},"6":{"line":15,"type":"binary-expr","locations":[{"start":{"line":3,"column":37},"end":{"line":3,"column":37}},{"start":{"line":3,"column":37},"end":{"line":3,"column":37}}]}},"l":{"0":1,"3":1,"4":0}},
"/Users/jas/Projects/git/wave-editor/src/app/actions/validFile.js":{"path":"/Users/jas/Projects/git/wave-editor/src/app/actions/validFile.js","s":{"1":0,"2":0,"3":0,"4":0,"5":1,"6":0,"7":0,"8":0,"9":0,"10":0,"11":0,"12":0,"13":0,"14":0,"15":1,"16":0,"17":0,"18":0},"b":{"1":[0,0],"2":[0,0],"3":[0,0],"4":[0,0],"5":[0,0],"6":[0,0],"7":[0,0],"8":[0,0]},"f":{"1":0,"2":0},"fnMap":{"1":{"line":12,"skip":true,"name":"_interopRequireWildcard","loc":{"start":{"line":0,"column":0},"end":{"line":0,"column":0},"skip":true}},"2":{"line":14,"name":"setValidFile","loc":{"start":{"line":3,"column":7},"end":{"line":3,"column":60}}}},"statementMap":{"1":{"start":{"line":0,"column":0},"end":{"line":0,"column":0},"skip":true},"2":{"start":{"line":0,"column":0},"end":{"line":0,"column":0},"skip":true},"3":{"start":{"line":0,"column":0},"end":{"line":0,"column":0},"skip":true},"4":{"start":{"line":0,"column":0},"end":{"line":0,"column":0},"skip":true},"5":{"start":{"line":0,"column":0},"end":{"line":0,"column":0},"skip":true},"6":{"start":{"line":0,"column":0},"end":{"line":0,"column":0},"skip":true},"7":{"start":{"line":0,"column":0},"end":{"line":0,"column":0},"skip":true},"8":{"start":{"line":0,"column":0},"end":{"line":0,"column":0},"skip":true},"9":{"start":{"line":0,"column":0},"end":{"line":0,"column":0},"skip":true},"10":{"start":{"line":0,"column":0},"end":{"line":0,"column":0},"skip":true},"11":{"start":{"line":0,"column":0},"end":{"line":0,"column":0},"skip":true},"12":{"start":{"line":0,"column":0},"end":{"line":0,"column":0},"skip":true},"13":{"start":{"line":0,"column":0},"end":{"line":0,"column":0},"skip":true},"14":{"start":{"line":0,"column":0},"end":{"line":0,"column":0},"skip":true},"15":{"start":{"line":3,"column":7},"end":{"line":9,"column":1}},"16":{"start":{"line":0,"column":0},"end":{"line":0,"column":0},"skip":true},"17":{"start":{"line":0,"column":0},"end":{"line":0,"column":0},"skip":true},"18":{"start":{"line":4,"column":2},"end":{"line":8,"column":4}}},"branchMap":{"1":{"line":12,"type":"if","locations":[{"start":{"line":0,"column":0},"end":{"line":0,"column":0},"skip":true},{"start":{"line":0,"column":0},"end":{"line":0,"column":0},"skip":true}]},"2":{"line":12,"type":"binary-expr","locations":[{"start":{"line":0,"column":0},"end":{"line":0,"column":0},"skip":true},{"start":{"line":0,"column":0},"end":{"line":0,"column":0},"skip":true}]},"3":{"line":12,"type":"if","locations":[{"start":{"line":0,"column":0},"end":{"line":0,"column":0},"skip":true},{"start":{"line":0,"column":0},"end":{"line":0,"column":0},"skip":true}]},"4":{"line":12,"type":"if","locations":[{"start":{"line":0,"column":0},"end":{"line":0,"column":0},"skip":true},{"start":{"line":0,"column":0},"end":{"line":0,"column":0},"skip":true}]},"5":{"line":15,"type":"cond-expr","locations":[{"start":{"line":3,"column":39},"end":{"line":3,"column":44}},{"start":{"line":3,"column":44},"end":{"line":3,"column":44}}]},"6":{"line":15,"type":"binary-expr","locations":[{"start":{"line":3,"column":36},"end":{"line":3,"column":36}},{"start":{"line":3,"column":36},"end":{"line":3,"column":36}}]},"7":{"line":16,"type":"cond-expr","locations":[{"start":{"line":3,"column":56},"end":{"line":3,"column":58}},{"start":{"line":3,"column":58},"end":{"line":3,"column":58}}]},"8":{"line":16,"type":"binary-expr","locations":[{"start":{"line":3,"column":53},"end":{"line":3,"column":53}},{"start":{"line":3,"column":53},"end":{"line":3,"column":53}}]}},"l":{"0":1,"3":1,"4":0}},
"/Users/jas/Projects/git/wave-editor/src/app/actions/volume.js":{"path":"/Users/jas/Projects/git/wave-editor/src/app/actions/volume.js","s":{"1":0,"2":0,"3":0,"4":0,"5":1,"6":0,"7":0,"8":0,"9":0,"10":0,"11":0,"12":0,"13":0,"14":0,"15":1,"16":0,"17":0},"b":{"1":[0,0],"2":[0,0],"3":[0,0],"4":[0,0],"5":[0,0],"6":[0,0]},"f":{"1":0,"2":0},"fnMap":{"1":{"line":12,"skip":true,"name":"_interopRequireWildcard","loc":{"start":{"line":0,"column":0},"end":{"line":0,"column":0},"skip":true}},"2":{"line":14,"name":"setVolume","loc":{"start":{"line":3,"column":7},"end":{"line":3,"column":37}}}},"statementMap":{"1":{"start":{"line":0,"column":0},"end":{"line":0,"column":0},"skip":true},"2":{"start":{"line":0,"column":0},"end":{"line":0,"column":0},"skip":true},"3":{"start":{"line":0,"column":0},"end":{"line":0,"column":0},"skip":true},"4":{"start":{"line":0,"column":0},"end":{"line":0,"column":0},"skip":true},"5":{"start":{"line":0,"column":0},"end":{"line":0,"column":0},"skip":true},"6":{"start":{"line":0,"column":0},"end":{"line":0,"column":0},"skip":true},"7":{"start":{"line":0,"column":0},"end":{"line":0,"column":0},"skip":true},"8":{"start":{"line":0,"column":0},"end":{"line":0,"column":0},"skip":true},"9":{"start":{"line":0,"column":0},"end":{"line":0,"column":0},"skip":true},"10":{"start":{"line":0,"column":0},"end":{"line":0,"column":0},"skip":true},"11":{"start":{"line":0,"column":0},"end":{"line":0,"column":0},"skip":true},"12":{"start":{"line":0,"column":0},"end":{"line":0,"column":0},"skip":true},"13":{"start":{"line":0,"column":0},"end":{"line":0,"column":0},"skip":true},"14":{"start":{"line":0,"column":0},"end":{"line":0,"column":0},"skip":true},"15":{"start":{"line":3,"column":7},"end":{"line":8,"column":1}},"16":{"start":{"line":0,"column":0},"end":{"line":0,"column":0},"skip":true},"17":{"start":{"line":4,"column":2},"end":{"line":7,"column":4}}},"branchMap":{"1":{"line":12,"type":"if","locations":[{"start":{"line":0,"column":0},"end":{"line":0,"column":0},"skip":true},{"start":{"line":0,"column":0},"end":{"line":0,"column":0},"skip":true}]},"2":{"line":12,"type":"binary-expr","locations":[{"start":{"line":0,"column":0},"end":{"line":0,"column":0},"skip":true},{"start":{"line":0,"column":0},"end":{"line":0,"column":0},"skip":true}]},"3":{"line":12,"type":"if","locations":[{"start":{"line":0,"column":0},"end":{"line":0,"column":0},"skip":true},{"start":{"line":0,"column":0},"end":{"line":0,"column":0},"skip":true}]},"4":{"line":12,"type":"if","locations":[{"start":{"line":0,"column":0},"end":{"line":0,"column":0},"skip":true},{"start":{"line":0,"column":0},"end":{"line":0,"column":0},"skip":true}]},"5":{"line":15,"type":"cond-expr","locations":[{"start":{"line":3,"column":34},"end":{"line":3,"column":35}},{"start":{"line":3,"column":35},"end":{"line":3,"column":35}}]},"6":{"line":15,"type":"binary-expr","locations":[{"start":{"line":3,"column":31},"end":{"line":3,"column":31}},{"start":{"line":3,"column":31},"end":{"line":3,"column":31}}]}},"l":{"0":1,"3":1,"4":0}},
"/Users/jas/Projects/git/wave-editor/src/app/actions/waveformData.js":{"path":"/Users/jas/Projects/git/wave-editor/src/app/actions/waveformData.js","s":{"1":0,"2":0,"3":0,"4":0,"5":1,"6":0,"7":0,"8":0,"9":0,"10":0,"11":0,"12":0,"13":0,"14":0,"15":1,"16":0,"17":0,"18":0,"19":0,"20":0},"b":{"1":[0,0],"2":[0,0],"3":[0,0],"4":[0,0]},"f":{"1":0,"2":0},"fnMap":{"1":{"line":12,"skip":true,"name":"_interopRequireWildcard","loc":{"start":{"line":0,"column":0},"end":{"line":0,"column":0},"skip":true}},"2":{"line":14,"name":"setWaveformData","loc":{"start":{"line":3,"column":7},"end":{"line":3,"column":43}}}},"statementMap":{"1":{"start":{"line":0,"column":0},"end":{"line":0,"column":0},"skip":true},"2":{"start":{"line":0,"column":0},"end":{"line":0,"column":0},"skip":true},"3":{"start":{"line":0,"column":0},"end":{"line":0,"column":0},"skip":true},"4":{"start":{"line":0,"column":0},"end":{"line":0,"column":0},"skip":true},"5":{"start":{"line":0,"column":0},"end":{"line":0,"column":0},"skip":true},"6":{"start":{"line":0,"column":0},"end":{"line":0,"column":0},"skip":true},"7":{"start":{"line":0,"column":0},"end":{"line":0,"column":0},"skip":true},"8":{"start":{"line":0,"column":0},"end":{"line":0,"column":0},"skip":true},"9":{"start":{"line":0,"column":0},"end":{"line":0,"column":0},"skip":true},"10":{"start":{"line":0,"column":0},"end":{"line":0,"column":0},"skip":true},"11":{"start":{"line":0,"column":0},"end":{"line":0,"column":0},"skip":true},"12":{"start":{"line":0,"column":0},"end":{"line":0,"column":0},"skip":true},"13":{"start":{"line":0,"column":0},"end":{"line":0,"column":0},"skip":true},"14":{"start":{"line":0,"column":0},"end":{"line":0,"column":0},"skip":true},"15":{"start":{"line":3,"column":7},"end":{"line":9,"column":1}},"16":{"start":{"line":4,"column":2},"end":{"line":4,"column":20}},"17":{"start":{"line":5,"column":2},"end":{"line":5,"column":19}},"18":{"start":{"line":6,"column":2},"end":{"line":6,"column":40}},"19":{"start":{"line":7,"column":2},"end":{"line":7,"column":40}},"20":{"start":{"line":8,"column":2},"end":{"line":8,"column":16}}},"branchMap":{"1":{"line":12,"type":"if","locations":[{"start":{"line":0,"column":0},"end":{"line":0,"column":0},"skip":true},{"start":{"line":0,"column":0},"end":{"line":0,"column":0},"skip":true}]},"2":{"line":12,"type":"binary-expr","locations":[{"start":{"line":0,"column":0},"end":{"line":0,"column":0},"skip":true},{"start":{"line":0,"column":0},"end":{"line":0,"column":0},"skip":true}]},"3":{"line":12,"type":"if","locations":[{"start":{"line":0,"column":0},"end":{"line":0,"column":0},"skip":true},{"start":{"line":0,"column":0},"end":{"line":0,"column":0},"skip":true}]},"4":{"line":12,"type":"if","locations":[{"start":{"line":0,"column":0},"end":{"line":0,"column":0},"skip":true},{"start":{"line":0,"column":0},"end":{"line":0,"column":0},"skip":true}]}},"l":{"0":1,"3":1,"4":0,"5":0,"6":0,"7":0,"8":0}},
"/Users/jas/Projects/git/wave-editor/src/app/actions/zoom.js":{"path":"/Users/jas/Projects/git/wave-editor/src/app/actions/zoom.js","s":{"1":0,"2":0,"3":0,"4":0,"5":0,"6":0,"7":0,"8":0,"9":0,"10":0,"11":0,"12":1,"13":0,"14":0,"15":0,"16":0,"17":0,"18":0,"19":0,"20":0,"21":0,"22":1,"23":0,"24":0,"25":0,"26":0,"27":0,"28":0,"29":0,"30":0,"31":0,"32":0,"33":0,"34":0,"35":1,"36":0,"37":0,"38":0,"39":0,"40":0,"41":0,"42":0,"43":1,"44":0,"45":0,"46":0,"47":0,"48":0,"49":0,"50":0,"51":0,"52":0,"53":0,"54":0,"55":0,"56":0,"57":1,"58":0,"59":0,"60":0,"61":0,"62":1,"63":0,"64":0,"65":0,"66":0,"67":0,"68":0,"69":0,"70":0,"71":0,"72":0,"73":0,"74":0,"75":0,"76":0,"77":0,"78":1,"79":0,"80":0,"81":1,"82":0,"83":0,"84":0,"85":0},"b":{"1":[0,0],"2":[0,0],"3":[0,0],"4":[0,0],"5":[0,0],"6":[0,0],"7":[0,0],"8":[0,0]},"f":{"1":0,"2":0,"3":0,"4":0,"5":0,"6":0,"7":0,"8":0,"9":0,"10":0,"11":0,"12":0,"13":0,"14":0,"15":0},"fnMap":{"1":{"line":20,"skip":true,"name":"_interopRequireWildcard","loc":{"start":{"line":0,"column":0},"end":{"line":0,"column":0},"skip":true}},"2":{"line":22,"name":"setZoom","loc":{"start":{"line":4,"column":7},"end":{"line":4,"column":36}}},"3":{"line":23,"name":"(anonymous_3)","loc":{"start":{"line":5,"column":9},"end":{"line":5,"column":23}}},"4":{"line":44,"name":"zoomIn","loc":{"start":{"line":24,"column":7},"end":{"line":24,"column":25}}},"5":{"line":45,"name":"(anonymous_5)","loc":{"start":{"line":25,"column":9},"end":{"line":25,"column":33}}},"6":{"line":57,"name":"zoomOut","loc":{"start":{"line":34,"column":7},"end":{"line":34,"column":26}}},"7":{"line":58,"name":"(anonymous_7)","loc":{"start":{"line":35,"column":9},"end":{"line":35,"column":33}}},"8":{"line":77,"name":"zoomShowAll","loc":{"start":{"line":50,"column":7},"end":{"line":50,"column":30}}},"9":{"line":78,"name":"(anonymous_9)","loc":{"start":{"line":51,"column":9},"end":{"line":51,"column":33}}},"10":{"line":87,"name":"zoomMoveCenter","loc":{"start":{"line":57,"column":7},"end":{"line":57,"column":38}}},"11":{"line":88,"name":"(anonymous_11)","loc":{"start":{"line":58,"column":9},"end":{"line":58,"column":33}}},"12":{"line":121,"name":"setZoomEdit","loc":{"start":{"line":87,"column":7},"end":{"line":87,"column":49}}},"13":{"line":122,"name":"(anonymous_13)","loc":{"start":{"line":88,"column":9},"end":{"line":88,"column":23}}},"14":{"line":131,"name":"toggleZoomPanel","loc":{"start":{"line":97,"column":7},"end":{"line":97,"column":34}}},"15":{"line":132,"name":"(anonymous_15)","loc":{"start":{"line":98,"column":9},"end":{"line":98,"column":33}}}},"statementMap":{"1":{"start":{"line":0,"column":0},"end":{"line":0,"column":0},"skip":true},"2":{"start":{"line":0,"column":0},"end":{"line":0,"column":0},"skip":true},"3":{"start":{"line":0,"column":0},"end":{"line":0,"column":0},"skip":true},"4":{"start":{"line":0,"column":0},"end":{"line":0,"column":0},"skip":true},"5":{"start":{"line":0,"column":0},"end":{"line":0,"column":0},"skip":true},"6":{"start":{"line":0,"column":0},"end":{"line":0,"column":0},"skip":true},"7":{"start":{"line":0,"column":0},"end":{"line":0,"column":0},"skip":true},"8":{"start":{"line":0,"column":0},"end":{"line":0,"column":0},"skip":true},"9":{"start":{"line":0,"column":0},"end":{"line":0,"column":0},"skip":true},"10":{"start":{"line":0,"column":0},"end":{"line":0,"column":0},"skip":true},"11":{"start":{"line":0,"column":0},"end":{"line":0,"column":0},"skip":true},"12":{"start":{"line":0,"column":0},"end":{"line":0,"column":0},"skip":true},"13":{"start":{"line":0,"column":0},"end":{"line":0,"column":0},"skip":true},"14":{"start":{"line":0,"column":0},"end":{"line":0,"column":0},"skip":true},"15":{"start":{"line":0,"column":0},"end":{"line":0,"column":0},"skip":true},"16":{"start":{"line":0,"column":0},"end":{"line":0,"column":0},"skip":true},"17":{"start":{"line":0,"column":0},"end":{"line":0,"column":0},"skip":true},"18":{"start":{"line":0,"column":0},"end":{"line":0,"column":0},"skip":true},"19":{"start":{"line":0,"column":0},"end":{"line":0,"column":0},"skip":true},"20":{"start":{"line":0,"column":0},"end":{"line":0,"column":0},"skip":true},"21":{"start":{"line":0,"column":0},"end":{"line":0,"column":0},"skip":true},"22":{"start":{"line":4,"column":7},"end":{"line":22,"column":1}},"23":{"start":{"line":5,"column":2},"end":{"line":21,"column":4}},"24":{"start":{"line":6,"column":4},"end":{"line":6,"column":30}},"25":{"start":{"line":7,"column":4},"end":{"line":7,"column":26}},"26":{"start":{"line":8,"column":4},"end":{"line":10,"column":5}},"27":{"start":{"line":0,"column":0},"end":{"line":0,"column":0},"skip":true},"28":{"start":{"line":9,"column":7},"end":{"line":9,"column":12}},"29":{"start":{"line":9,"column":14},"end":{"line":9,"column":17}},"30":{"start":{"line":11,"column":4},"end":{"line":11,"column":31}},"31":{"start":{"line":12,"column":4},"end":{"line":12,"column":31}},"32":{"start":{"line":13,"column":4},"end":{"line":13,"column":31}},"33":{"start":{"line":14,"column":4},"end":{"line":19,"column":7}},"34":{"start":{"line":20,"column":4},"end":{"line":20,"column":34}},"35":{"start":{"line":24,"column":7},"end":{"line":32,"column":1}},"36":{"start":{"line":25,"column":2},"end":{"line":31,"column":4}},"37":{"start":{"line":0,"column":0},"end":{"line":0,"column":0},"skip":true},"38":{"start":{"line":0,"column":0},"end":{"line":0,"column":0},"skip":true},"39":{"start":{"line":27,"column":4},"end":{"line":27,"column":38}},"40":{"start":{"line":28,"column":4},"end":{"line":28,"column":40}},"41":{"start":{"line":29,"column":4},"end":{"line":29,"column":46}},"42":{"start":{"line":30,"column":4},"end":{"line":30,"column":42}},"43":{"start":{"line":34,"column":7},"end":{"line":48,"column":1}},"44":{"start":{"line":35,"column":2},"end":{"line":47,"column":4}},"45":{"start":{"line":0,"column":0},"end":{"line":0,"column":0},"skip":true},"46":{"start":{"line":0,"column":0},"end":{"line":0,"column":0},"skip":true},"47":{"start":{"line":0,"column":0},"end":{"line":0,"column":0},"skip":true},"48":{"start":{"line":37,"column":4},"end":{"line":37,"column":38}},"49":{"start":{"line":38,"column":4},"end":{"line":38,"column":30}},"50":{"start":{"line":39,"column":4},"end":{"line":39,"column":38}},"51":{"start":{"line":40,"column":4},"end":{"line":43,"column":5}},"52":{"start":{"line":41,"column":6},"end":{"line":41,"column":29}},"53":{"start":{"line":42,"column":6},"end":{"line":42,"column":36}},"54":{"start":{"line":44,"column":4},"end":{"line":44,"column":50}},"55":{"start":{"line":45,"column":4},"end":{"line":45,"column":37}},"56":{"start":{"line":46,"column":4},"end":{"line":46,"column":40}},"57":{"start":{"line":50,"column":7},"end":{"line":55,"column":1}},"58":{"start":{"line":51,"column":2},"end":{"line":54,"column":4}},"59":{"start":{"line":0,"column":0},"end":{"line":0,"column":0},"skip":true},"60":{"start":{"line":0,"column":0},"end":{"line":0,"column":0},"skip":true},"61":{"start":{"line":53,"column":4},"end":{"line":53,"column":45}},"62":{"start":{"line":57,"column":7},"end":{"line":85,"column":1}},"63":{"start":{"line":58,"column":2},"end":{"line":84,"column":4}},"64":{"start":{"line":0,"column":0},"end":{"line":0,"column":0},"skip":true},"65":{"start":{"line":0,"column":0},"end":{"line":0,"column":0},"skip":true},"66":{"start":{"line":0,"column":0},"end":{"line":0,"column":0},"skip":true},"67":{"start":{"line":60,"column":4},"end":{"line":60,"column":39}},"68":{"start":{"line":61,"column":4},"end":{"line":61,"column":45}},"69":{"start":{"line":62,"column":4},"end":{"line":62,"column":50}},"70":{"start":{"line":63,"column":4},"end":{"line":63,"column":45}},"71":{"start":{"line":64,"column":4},"end":{"line":64,"column":47}},"72":{"start":{"line":65,"column":4},"end":{"line":65,"column":48}},"73":{"start":{"line":66,"column":4},"end":{"line":66,"column":27}},"74":{"start":{"line":67,"column":4},"end":{"line":67,"column":38}},"75":{"start":{"line":68,"column":4},"end":{"line":68,"column":31}},"76":{"start":{"line":69,"column":4},"end":{"line":69,"column":34}},"77":{"start":{"line":69,"column":35},"end":{"line":83,"column":34}},"78":{"start":{"line":87,"column":7},"end":{"line":95,"column":1}},"79":{"start":{"line":88,"column":2},"end":{"line":94,"column":4}},"80":{"start":{"line":89,"column":4},"end":{"line":93,"column":7}},"81":{"start":{"line":97,"column":7},"end":{"line":105,"column":1}},"82":{"start":{"line":98,"column":2},"end":{"line":104,"column":4}},"83":{"start":{"line":0,"column":0},"end":{"line":0,"column":0},"skip":true},"84":{"start":{"line":0,"column":0},"end":{"line":0,"column":0},"skip":true},"85":{"start":{"line":100,"column":4},"end":{"line":103,"column":7}}},"branchMap":{"1":{"line":20,"type":"if","locations":[{"start":{"line":0,"column":0},"end":{"line":0,"column":0},"skip":true},{"start":{"line":0,"column":0},"end":{"line":0,"column":0},"skip":true}]},"2":{"line":20,"type":"binary-expr","locations":[{"start":{"line":0,"column":0},"end":{"line":0,"column":0},"skip":true},{"start":{"line":0,"column":0},"end":{"line":0,"column":0},"skip":true}]},"3":{"line":20,"type":"if","locations":[{"start":{"line":0,"column":0},"end":{"line":0,"column":0},"skip":true},{"start":{"line":0,"column":0},"end":{"line":0,"column":0},"skip":true}]},"4":{"line":20,"type":"if","locations":[{"start":{"line":0,"column":0},"end":{"line":0,"column":0},"skip":true},{"start":{"line":0,"column":0},"end":{"line":0,"column":0},"skip":true}]},"5":{"line":26,"type":"if","locations":[{"start":{"line":8,"column":4},"end":{"line":8,"column":4}},{"start":{"line":8,"column":4},"end":{"line":8,"column":4}}]},"6":{"line":67,"type":"if","locations":[{"start":{"line":40,"column":4},"end":{"line":40,"column":4}},{"start":{"line":40,"column":4},"end":{"line":40,"column":4}}]},"7":{"line":71,"type":"binary-expr","locations":[{"start":{"line":44,"column":30},"end":{"line":44,"column":43}},{"start":{"line":44,"column":47},"end":{"line":44,"column":48}}]},"8":{"line":83,"type":"binary-expr","locations":[{"start":{"line":53,"column":24},"end":{"line":53,"column":37}},{"start":{"line":53,"column":41},"end":{"line":53,"column":42}}]}},"l":{"0":1,"4":1,"5":0,"6":0,"7":0,"8":0,"9":0,"11":0,"12":0,"13":0,"14":0,"20":0,"24":1,"25":0,"27":0,"28":0,"29":0,"30":0,"34":1,"35":0,"37":0,"38":0,"39":0,"40":0,"41":0,"42":0,"44":0,"45":0,"46":0,"50":1,"51":0,"53":0,"57":1,"58":0,"60":0,"61":0,"62":0,"63":0,"64":0,"65":0,"66":0,"67":0,"68":0,"69":0,"87":1,"88":0,"89":0,"97":1,"98":0,"100":0}},
"/Users/jas/Projects/git/wave-editor/src/app/constants/ActionTypes.js":{"path":"/Users/jas/Projects/git/wave-editor/src/app/constants/ActionTypes.js","s":{"1":0,"2":0,"3":0,"4":0,"5":0,"6":0,"7":0,"8":0,"9":0,"10":0,"11":0,"12":0,"13":0,"14":0,"15":0},"b":{},"f":{},"fnMap":{},"statementMap":{"1":{"start":{"line":0,"column":0},"end":{"line":0,"column":0},"skip":true},"2":{"start":{"line":1,"column":-8},"end":{"line":1,"column":38}},"3":{"start":{"line":2,"column":7},"end":{"line":2,"column":39}},"4":{"start":{"line":3,"column":7},"end":{"line":3,"column":43}},"5":{"start":{"line":4,"column":7},"end":{"line":4,"column":35}},"6":{"start":{"line":5,"column":7},"end":{"line":5,"column":61}},"7":{"start":{"line":6,"column":7},"end":{"line":6,"column":53}},"8":{"start":{"line":7,"column":7},"end":{"line":7,"column":53}},"9":{"start":{"line":8,"column":7},"end":{"line":8,"column":47}},"10":{"start":{"line":9,"column":7},"end":{"line":9,"column":39}},"11":{"start":{"line":10,"column":7},"end":{"line":10,"column":53}},"12":{"start":{"line":11,"column":7},"end":{"line":11,"column":35}},"13":{"start":{"line":12,"column":7},"end":{"line":12,"column":45}},"14":{"start":{"line":13,"column":7},"end":{"line":13,"column":65}},"15":{"start":{"line":14,"column":7},"end":{"line":14,"column":65}}},"branchMap":{},"l":{"0":1,"1":0,"2":0,"3":0,"4":0,"5":0,"6":0,"7":0,"8":0,"9":0,"10":0,"11":0,"12":0,"13":0,"14":0}},
"/Users/jas/Projects/git/wave-editor/src/app/components/AudioEditor.js":{"path":"/Users/jas/Projects/git/wave-editor/src/app/components/AudioEditor.js","s":{"1":0,"2":0,"3":0,"4":0,"5":0,"6":0,"7":0,"8":0,"9":1,"10":0,"11":0,"12":0,"13":0,"14":0,"15":0,"16":0,"17":0,"18":0,"19":0,"20":0,"21":0,"22":0,"23":0,"24":0,"25":0,"26":0,"27":0,"28":0,"29":0,"30":0,"31":0,"32":0,"33":0,"34":0,"35":0,"36":0,"37":0,"38":0,"39":0,"40":0,"41":0,"42":0,"43":0,"44":0,"45":0,"46":0,"47":0,"48":0,"49":0,"50":0,"51":0,"52":0,"53":0,"54":0,"55":0,"56":0,"57":0,"58":0,"59":0,"60":1,"61":0,"62":0,"63":0,"64":0,"65":0,"66":0,"67":0,"68":0,"69":0,"70":1,"71":0,"72":1,"73":0,"74":0,"75":1,"76":0,"77":0,"78":0,"79":1,"80":0,"81":0,"82":0,"83":0,"84":0,"85":0,"86":0,"87":1,"88":0,"89":0,"90":0,"91":0,"92":0,"93":0,"94":0,"95":0,"96":0,"97":0,"98":0,"99":0,"100":0,"101":0,"102":0,"103":0,"104":0,"105":0,"106":0,"107":0,"108":0,"109":0,"110":0,"111":0,"112":0,"113":0,"114":0,"115":0,"116":0,"117":0,"118":0,"119":0,"120":0,"121":0,"122":0,"123":0,"124":0,"125":0,"126":0,"127":0,"128":0,"129":0,"130":0,"131":0,"132":0,"133":0,"134":0,"135":0,"136":0,"137":0,"138":0,"139":0,"140":0,"141":0,"142":0,"143":0,"144":0,"145":0,"146":0,"147":0,"148":0,"149":0,"150":0,"151":0,"152":0,"153":0,"154":0,"155":0},"b":{"1":[0,0],"2":[0,0],"3":[0,0],"4":[0,0],"5":[0,0],"6":[0,0],"7":[0,0],"8":[0,0],"9":[0,0],"10":[0,0],"11":[0,0],"12":[0,0],"13":[0,0],"14":[0,0],"15":[0,0],"16":[0,0,0],"17":[0,0],"18":[0,0],"19":[0,0],"20":[0,0],"21":[0,0],"22":[0,0],"23":[0,0],"24":[0,0],"25":[0,0],"26":[0,0],"27":[0,0],"28":[0,0,0],"29":[0,0],"30":[0,0],"31":[0,0]},"f":{"1":0,"2":0,"3":0,"4":0,"5":0,"6":0,"7":0,"8":0,"9":0,"10":0,"11":0,"12":0,"13":0,"14":0,"15":0,"16":0,"17":0,"18":0},"fnMap":{"1":{"line":3,"skip":true,"name":"(anonymous_1)","loc":{"start":{"line":0,"column":0},"end":{"line":0,"column":0},"skip":true}},"2":{"line":5,"skip":true,"name":"(anonymous_2)","loc":{"start":{"line":0,"column":0},"end":{"line":0,"column":0},"skip":true}},"3":{"line":5,"skip":true,"name":"defineProperties","loc":{"start":{"line":0,"column":0},"end":{"line":0,"column":0},"skip":true}},"4":{"line":5,"skip":true,"name":"(anonymous_4)","loc":{"start":{"line":0,"column":0},"end":{"line":0,"column":0},"skip":true}},"5":{"line":83,"skip":true,"name":"_interopRequireWildcard","loc":{"start":{"line":0,"column":0},"end":{"line":0,"column":0},"skip":true}},"6":{"line":85,"skip":true,"name":"_interopRequireDefault","loc":{"start":{"line":0,"column":0},"end":{"line":0,"column":0},"skip":true}},"7":{"line":87,"skip":true,"name":"_classCallCheck","loc":{"start":{"line":0,"column":0},"end":{"line":0,"column":0},"skip":true}},"8":{"line":89,"skip":true,"name":"_possibleConstructorReturn","loc":{"start":{"line":0,"column":0},"end":{"line":0,"column":0},"skip":true}},"9":{"line":91,"skip":true,"name":"_inherits","loc":{"start":{"line":0,"column":0},"end":{"line":0,"column":0},"skip":true}},"10":{"line":93,"name":"(anonymous_10)","loc":{"start":{"line":22,"column":17},"end":{"line":22,"column":17}}},"11":{"line":96,"name":"AudioEditor","loc":{"start":{"line":23,"column":2},"end":{"line":23,"column":21}}},"12":{"line":109,"skip":true,"name":"componentDidMount","loc":{"start":{"line":0,"column":0},"end":{"line":0,"column":0},"skip":true}},"13":{"line":127,"skip":true,"name":"componentWillReceiveProps","loc":{"start":{"line":0,"column":0},"end":{"line":0,"column":0},"skip":true}},"14":{"line":136,"skip":true,"name":"componentWillUnmount","loc":{"start":{"line":0,"column":0},"end":{"line":0,"column":0},"skip":true}},"15":{"line":150,"skip":true,"name":"handleUpdatePlaybackPosition","loc":{"start":{"line":0,"column":0},"end":{"line":0,"column":0},"skip":true}},"16":{"line":166,"skip":true,"name":"onAudioProcess","loc":{"start":{"line":0,"column":0},"end":{"line":0,"column":0},"skip":true}},"17":{"line":201,"skip":true,"name":"render","loc":{"start":{"line":0,"column":0},"end":{"line":0,"column":0},"skip":true}},"18":{"line":312,"name":"(anonymous_18)","loc":{"start":{"line":166,"column":23},"end":{"line":166,"column":40}}}},"statementMap":{"1":{"start":{"line":0,"column":0},"end":{"line":0,"column":0},"skip":true},"2":{"start":{"line":0,"column":0},"end":{"line":0,"column":0},"skip":true},"3":{"start":{"line":0,"column":0},"end":{"line":0,"column":0},"skip":true},"4":{"start":{"line":0,"column":0},"end":{"line":0,"column":0},"skip":true},"5":{"start":{"line":0,"column":0},"end":{"line":0,"column":0},"skip":true},"6":{"start":{"line":0,"column":0},"end":{"line":0,"column":0},"skip":true},"7":{"start":{"line":0,"column":0},"end":{"line":0,"column":0},"skip":true},"8":{"start":{"line":0,"column":0},"end":{"line":0,"column":0},"skip":true},"9":{"start":{"line":0,"column":0},"end":{"line":0,"column":0},"skip":true},"10":{"start":{"line":0,"column":0},"end":{"line":0,"column":0},"skip":true},"11":{"start":{"line":0,"column":0},"end":{"line":0,"column":0},"skip":true},"12":{"start":{"line":0,"column":0},"end":{"line":0,"column":0},"skip":true},"13":{"start":{"line":0,"column":0},"end":{"line":0,"column":0},"skip":true},"14":{"start":{"line":0,"column":0},"end":{"line":0,"column":0},"skip":true},"15":{"start":{"line":0,"column":0},"end":{"line":0,"column":0},"skip":true},"16":{"start":{"line":0,"column":0},"end":{"line":0,"column":0},"skip":true},"17":{"start":{"line":0,"column":0},"end":{"line":0,"column":0},"skip":true},"18":{"start":{"line":0,"column":0},"end":{"line":0,"column":0},"skip":true},"19":{"start":{"line":0,"column":0},"end":{"line":0,"column":0},"skip":true},"20":{"start":{"line":0,"column":0},"end":{"line":0,"column":0},"skip":true},"21":{"start":{"line":0,"column":0},"end":{"line":0,"column":0},"skip":true},"22":{"start":{"line":0,"column":0},"end":{"line":0,"column":0},"skip":true},"23":{"start":{"line":0,"column":0},"end":{"line":0,"column":0},"skip":true},"24":{"start":{"line":0,"column":0},"end":{"line":0,"column":0},"skip":true},"25":{"start":{"line":0,"column":0},"end":{"line":0,"column":0},"skip":true},"26":{"start":{"line":0,"column":0},"end":{"line":0,"column":0},"skip":true},"27":{"start":{"line":0,"column":0},"end":{"line":0,"column":0},"skip":true},"28":{"start":{"line":0,"column":0},"end":{"line":0,"column":0},"skip":true},"29":{"start":{"line":0,"column":0},"end":{"line":0,"column":0},"skip":true},"30":{"start":{"line":0,"column":0},"end":{"line":0,"column":0},"skip":true},"31":{"start":{"line":0,"column":0},"end":{"line":0,"column":0},"skip":true},"32":{"start":{"line":0,"column":0},"end":{"line":0,"column":0},"skip":true},"33":{"start":{"line":0,"column":0},"end":{"line":0,"column":0},"skip":true},"34":{"start":{"line":0,"column":0},"end":{"line":0,"column":0},"skip":true},"35":{"start":{"line":0,"column":0},"end":{"line":0,"column":0},"skip":true},"36":{"start":{"line":0,"column":0},"end":{"line":0,"column":0},"skip":true},"37":{"start":{"line":0,"column":0},"end":{"line":0,"column":0},"skip":true},"38":{"start":{"line":0,"column":0},"end":{"line":0,"column":0},"skip":true},"39":{"start":{"line":0,"column":0},"end":{"line":0,"column":0},"skip":true},"40":{"start":{"line":0,"column":0},"end":{"line":0,"column":0},"skip":true},"41":{"start":{"line":0,"column":0},"end":{"line":0,"column":0},"skip":true},"42":{"start":{"line":0,"column":0},"end":{"line":0,"column":0},"skip":true},"43":{"start":{"line":0,"column":0},"end":{"line":0,"column":0},"skip":true},"44":{"start":{"line":0,"column":0},"end":{"line":0,"column":0},"skip":true},"45":{"start":{"line":0,"column":0},"end":{"line":0,"column":0},"skip":true},"46":{"start":{"line":0,"column":0},"end":{"line":0,"column":0},"skip":true},"47":{"start":{"line":0,"column":0},"end":{"line":0,"column":0},"skip":true},"48":{"start":{"line":0,"column":0},"end":{"line":0,"column":0},"skip":true},"49":{"start":{"line":0,"column":0},"end":{"line":0,"column":0},"skip":true},"50":{"start":{"line":0,"column":0},"end":{"line":0,"column":0},"skip":true},"51":{"start":{"line":0,"column":0},"end":{"line":0,"column":0},"skip":true},"52":{"start":{"line":0,"column":0},"end":{"line":0,"column":0},"skip":true},"53":{"start":{"line":0,"column":0},"end":{"line":0,"column":0},"skip":true},"54":{"start":{"line":0,"column":0},"end":{"line":0,"column":0},"skip":true},"55":{"start":{"line":0,"column":0},"end":{"line":0,"column":0},"skip":true},"56":{"start":{"line":0,"column":0},"end":{"line":0,"column":0},"skip":true},"57":{"start":{"line":0,"column":0},"end":{"line":0,"column":0},"skip":true},"58":{"start":{"line":0,"column":0},"end":{"line":0,"column":0},"skip":true},"59":{"start":{"line":0,"column":0},"end":{"line":0,"column":0},"skip":true},"60":{"start":{"line":0,"column":0},"end":{"line":0,"column":0},"skip":true},"61":{"start":{"line":0,"column":0},"end":{"line":0,"column":0},"skip":true},"62":{"start":{"line":0,"column":0},"end":{"line":0,"column":0},"skip":true},"63":{"start":{"line":0,"column":0},"end":{"line":0,"column":0},"skip":true},"64":{"start":{"line":0,"column":0},"end":{"line":0,"column":0},"skip":true},"65":{"start":{"line":0,"column":0},"end":{"line":0,"column":0},"skip":true},"66":{"start":{"line":0,"column":0},"end":{"line":0,"column":0},"skip":true},"67":{"start":{"line":0,"column":0},"end":{"line":0,"column":0},"skip":true},"68":{"start":{"line":0,"column":0},"end":{"line":0,"column":0},"skip":true},"69":{"start":{"line":0,"column":0},"end":{"line":0,"column":0},"skip":true},"70":{"start":{"line":0,"column":0},"end":{"line":0,"column":0},"skip":true},"71":{"start":{"line":0,"column":0},"end":{"line":0,"column":0},"skip":true},"72":{"start":{"line":0,"column":0},"end":{"line":0,"column":0},"skip":true},"73":{"start":{"line":0,"column":0},"end":{"line":0,"column":0},"skip":true},"74":{"start":{"line":0,"column":0},"end":{"line":0,"column":0},"skip":true},"75":{"start":{"line":0,"column":0},"end":{"line":0,"column":0},"skip":true},"76":{"start":{"line":0,"column":0},"end":{"line":0,"column":0},"skip":true},"77":{"start":{"line":0,"column":0},"end":{"line":0,"column":0},"skip":true},"78":{"start":{"line":0,"column":0},"end":{"line":0,"column":0},"skip":true},"79":{"start":{"line":0,"column":0},"end":{"line":0,"column":0},"skip":true},"80":{"start":{"line":0,"column":0},"end":{"line":0,"column":0},"skip":true},"81":{"start":{"line":0,"column":0},"end":{"line":0,"column":0},"skip":true},"82":{"start":{"line":0,"column":0},"end":{"line":0,"column":0},"skip":true},"83":{"start":{"line":0,"column":0},"end":{"line":0,"column":0},"skip":true},"84":{"start":{"line":0,"column":0},"end":{"line":0,"column":0},"skip":true},"85":{"start":{"line":0,"column":0},"end":{"line":0,"column":0},"skip":true},"86":{"start":{"line":0,"column":0},"end":{"line":0,"column":0},"skip":true},"87":{"start":{"line":23,"column":2},"end":{"line":28,"column":3}},"88":{"start":{"line":0,"column":0},"end":{"line":0,"column":0},"skip":true},"89":{"start":{"line":0,"column":0},"end":{"line":0,"column":0},"skip":true},"90":{"start":{"line":25,"column":4},"end":{"line":25,"column":27}},"91":{"start":{"line":26,"column":4},"end":{"line":26,"column":28}},"92":{"start":{"line":27,"column":4},"end":{"line":27,"column":31}},"93":{"start":{"line":0,"column":0},"end":{"line":0,"column":0},"skip":true},"94":{"start":{"line":0,"column":0},"end":{"line":0,"column":0},"skip":true},"95":{"start":{"line":0,"column":0},"end":{"line":0,"column":0},"skip":true},"96":{"start":{"line":0,"column":0},"end":{"line":0,"column":0},"skip":true},"97":{"start":{"line":0,"column":0},"end":{"line":0,"column":0},"skip":true},"98":{"start":{"line":31,"column":4},"end":{"line":31,"column":56}},"99":{"start":{"line":32,"column":4},"end":{"line":32,"column":57}},"100":{"start":{"line":33,"column":4},"end":{"line":33,"column":33}},"101":{"start":{"line":34,"column":4},"end":{"line":34,"column":84}},"102":{"start":{"line":35,"column":4},"end":{"line":35,"column":71}},"103":{"start":{"line":35,"column":72},"end":{"line":37,"column":50}},"104":{"start":{"line":38,"column":4},"end":{"line":38,"column":57}},"105":{"start":{"line":38,"column":58},"end":{"line":40,"column":54}},"106":{"start":{"line":0,"column":0},"end":{"line":0,"column":0},"skip":true},"107":{"start":{"line":44,"column":4},"end":{"line":47,"column":5}},"108":{"start":{"line":46,"column":6},"end":{"line":46,"column":53}},"109":{"start":{"line":0,"column":0},"end":{"line":0,"column":0},"skip":true},"110":{"start":{"line":0,"column":0},"end":{"line":0,"column":0},"skip":true},"111":{"start":{"line":0,"column":0},"end":{"line":0,"column":0},"skip":true},"112":{"start":{"line":52,"column":4},"end":{"line":52,"column":61}},"113":{"start":{"line":53,"column":4},"end":{"line":53,"column":53}},"114":{"start":{"line":54,"column":4},"end":{"line":54,"column":31}},"115":{"start":{"line":55,"column":4},"end":{"line":55,"column":28}},"116":{"start":{"line":56,"column":4},"end":{"line":56,"column":33}},"117":{"start":{"line":0,"column":0},"end":{"line":0,"column":0},"skip":true},"118":{"start":{"line":0,"column":0},"end":{"line":0,"column":0},"skip":true},"119":{"start":{"line":0,"column":0},"end":{"line":0,"column":0},"skip":true},"120":{"start":{"line":60,"column":4},"end":{"line":66,"column":5}},"121":{"start":{"line":61,"column":6},"end":{"line":61,"column":51}},"122":{"start":{"line":62,"column":6},"end":{"line":64,"column":7}},"123":{"start":{"line":63,"column":8},"end":{"line":63,"column":34}},"124":{"start":{"line":65,"column":6},"end":{"line":65,"column":72}},"125":{"start":{"line":67,"column":4},"end":{"line":67,"column":54}},"126":{"start":{"line":0,"column":0},"end":{"line":0,"column":0},"skip":true},"127":{"start":{"line":0,"column":0},"end":{"line":0,"column":0},"skip":true},"128":{"start":{"line":0,"column":0},"end":{"line":0,"column":0},"skip":true},"129":{"start":{"line":0,"column":0},"end":{"line":0,"column":0},"skip":true},"130":{"start":{"line":0,"column":0},"end":{"line":0,"column":0},"skip":true},"131":{"start":{"line":76,"column":4},"end":{"line":76,"column":27}},"132":{"start":{"line":77,"column":4},"end":{"line":77,"column":52}},"133":{"start":{"line":78,"column":4},"end":{"line":84,"column":5}},"134":{"start":{"line":81,"column":6},"end":{"line":83,"column":7}},"135":{"start":{"line":82,"column":8},"end":{"line":82,"column":50}},"136":{"start":{"line":85,"column":4},"end":{"line":102,"column":5}},"137":{"start":{"line":86,"column":6},"end":{"line":86,"column":20}},"138":{"start":{"line":87,"column":6},"end":{"line":90,"column":7}},"139":{"start":{"line":89,"column":8},"end":{"line":89,"column":66}},"140":{"start":{"line":90,"column":7},"end":{"line":94,"column":7}},"141":{"start":{"line":93,"column":8},"end":{"line":93,"column":51}},"142":{"start":{"line":94,"column":7},"end":{"line":96,"column":37}},"143":{"start":{"line":97,"column":6},"end":{"line":101,"column":7}},"144":{"start":{"line":98,"column":8},"end":{"line":98,"column":63}},"145":{"start":{"line":99,"column":13},"end":{"line":101,"column":7}},"146":{"start":{"line":100,"column":8},"end":{"line":100,"column":63}},"147":{"start":{"line":0,"column":0},"end":{"line":0,"column":0},"skip":true},"148":{"start":{"line":0,"column":0},"end":{"line":0,"column":0},"skip":true},"149":{"start":{"line":0,"column":0},"end":{"line":0,"column":0},"skip":true},"150":{"start":{"line":0,"column":0},"end":{"line":0,"column":0},"skip":true},"151":{"start":{"line":0,"column":0},"end":{"line":0,"column":0},"skip":true},"152":{"start":{"line":106,"column":2},"end":{"line":162,"column":4}},"153":{"start":{"line":0,"column":0},"end":{"line":0,"column":0},"skip":true},"154":{"start":{"line":0,"column":0},"end":{"line":0,"column":0},"skip":true},"155":{"start":{"line":167,"column":2},"end":{"line":176,"column":4}}},"branchMap":{"1":{"line":3,"type":"binary-expr","locations":[{"start":{"line":0,"column":0},"end":{"line":0,"column":0},"skip":true},{"start":{"line":0,"column":0},"end":{"line":0,"column":0},"skip":true}]},"2":{"line":3,"type":"if","locations":[{"start":{"line":0,"column":0},"end":{"line":0,"column":0},"skip":true},{"start":{"line":0,"column":0},"end":{"line":0,"column":0},"skip":true}]},"3":{"line":5,"type":"binary-expr","locations":[{"start":{"line":0,"column":0},"end":{"line":0,"column":0},"skip":true},{"start":{"line":0,"column":0},"end":{"line":0,"column":0},"skip":true}]},"4":{"line":5,"type":"if","locations":[{"start":{"line":0,"column":0},"end":{"line":0,"column":0},"skip":true},{"start":{"line":0,"column":0},"end":{"line":0,"column":0},"skip":true}]},"5":{"line":5,"type":"if","locations":[{"start":{"line":0,"column":0},"end":{"line":0,"column":0},"skip":true},{"start":{"line":0,"column":0},"end":{"line":0,"column":0},"skip":true}]},"6":{"line":5,"type":"if","locations":[{"start":{"line":0,"column":0},"end":{"line":0,"column":0},"skip":true},{"start":{"line":0,"column":0},"end":{"line":0,"column":0},"skip":true}]},"7":{"line":83,"type":"if","locations":[{"start":{"line":0,"column":0},"end":{"line":0,"column":0},"skip":true},{"start":{"line":0,"column":0},"end":{"line":0,"column":0},"skip":true}]},"8":{"line":83,"type":"binary-expr","locations":[{"start":{"line":0,"column":0},"end":{"line":0,"column":0},"skip":true},{"start":{"line":0,"column":0},"end":{"line":0,"column":0},"skip":true}]},"9":{"line":83,"type":"if","locations":[{"start":{"line":0,"column":0},"end":{"line":0,"column":0},"skip":true},{"start":{"line":0,"column":0},"end":{"line":0,"column":0},"skip":true}]},"10":{"line":83,"type":"if","locations":[{"start":{"line":0,"column":0},"end":{"line":0,"column":0},"skip":true},{"start":{"line":0,"column":0},"end":{"line":0,"column":0},"skip":true}]},"11":{"line":85,"type":"cond-expr","locations":[{"start":{"line":0,"column":0},"end":{"line":0,"column":0},"skip":true},{"start":{"line":0,"column":0},"end":{"line":0,"column":0},"skip":true}]},"12":{"line":85,"type":"binary-expr","locations":[{"start":{"line":0,"column":0},"end":{"line":0,"column":0},"skip":true},{"start":{"line":0,"column":0},"end":{"line":0,"column":0},"skip":true}]},"13":{"line":87,"type":"if","locations":[{"start":{"line":0,"column":0},"end":{"line":0,"column":0},"skip":true},{"start":{"line":0,"column":0},"end":{"line":0,"column":0},"skip":true}]},"14":{"line":89,"type":"if","locations":[{"start":{"line":0,"column":0},"end":{"line":0,"column":0},"skip":true},{"start":{"line":0,"column":0},"end":{"line":0,"column":0},"skip":true}]},"15":{"line":89,"type":"cond-expr","locations":[{"start":{"line":0,"column":0},"end":{"line":0,"column":0},"skip":true},{"start":{"line":0,"column":0},"end":{"line":0,"column":0},"skip":true}]},"16":{"line":89,"type":"binary-expr","locations":[{"start":{"line":0,"column":0},"end":{"line":0,"column":0},"skip":true},{"start":{"line":0,"column":0},"end":{"line":0,"column":0},"skip":true},{"start":{"line":0,"column":0},"end":{"line":0,"column":0},"skip":true}]},"17":{"line":91,"type":"if","locations":[{"start":{"line":0,"column":0},"end":{"line":0,"column":0},"skip":true},{"start":{"line":0,"column":0},"end":{"line":0,"column":0},"skip":true}]},"18":{"line":91,"type":"binary-expr","locations":[{"start":{"line":0,"column":0},"end":{"line":0,"column":0},"skip":true},{"start":{"line":0,"column":0},"end":{"line":0,"column":0},"skip":true}]},"19":{"line":91,"type":"binary-expr","locations":[{"start":{"line":0,"column":0},"end":{"line":0,"column":0},"skip":true},{"start":{"line":0,"column":0},"end":{"line":0,"column":0},"skip":true}]},"20":{"line":91,"type":"if","locations":[{"start":{"line":0,"column":0},"end":{"line":0,"column":0},"skip":true},{"start":{"line":0,"column":0},"end":{"line":0,"column":0},"skip":true}]},"21":{"line":91,"type":"cond-expr","locations":[{"start":{"line":0,"column":0},"end":{"line":0,"column":0},"skip":true},{"start":{"line":0,"column":0},"end":{"line":0,"column":0},"skip":true}]},"22":{"line":114,"type":"binary-expr","locations":[{"start":{"line":31,"column":25},"end":{"line":31,"column":50}},{"start":{"line":31,"column":54},"end":{"line":31,"column":55}}]},"23":{"line":130,"type":"if","locations":[{"start":{"line":44,"column":4},"end":{"line":44,"column":4}},{"start":{"line":44,"column":4},"end":{"line":44,"column":4}}]},"24":{"line":130,"type":"binary-expr","locations":[{"start":{"line":44,"column":8},"end":{"line":44,"column":65}},{"start":{"line":45,"column":6},"end":{"line":45,"column":48}}]},"25":{"line":155,"type":"if","locations":[{"start":{"line":60,"column":4},"end":{"line":60,"column":4}},{"start":{"line":60,"column":4},"end":{"line":60,"column":4}}]},"26":{"line":157,"type":"if","locations":[{"start":{"line":62,"column":6},"end":{"line":62,"column":6}},{"start":{"line":62,"column":6},"end":{"line":62,"column":6}}]},"27":{"line":175,"type":"if","locations":[{"start":{"line":78,"column":4},"end":{"line":78,"column":4}},{"start":{"line":78,"column":4},"end":{"line":78,"column":4}}]},"28":{"line":175,"type":"binary-expr","locations":[{"start":{"line":78,"column":8},"end":{"line":78,"column":21}},{"start":{"line":79,"column":6},"end":{"line":79,"column":49}},{"start":{"line":80,"column":6},"end":{"line":80,"column":24}}]},"29":{"line":187,"type":"if","locations":[{"start":{"line":90,"column":7},"end":{"line":90,"column":7}},{"start":{"line":90,"column":7},"end":{"line":90,"column":7}}]},"30":{"line":192,"type":"if","locations":[{"start":{"line":97,"column":6},"end":{"line"
[...]
p":true}}},"statementMap":{"1":{"start":{"line":0,"column":0},"end":{"line":0,"column":0},"skip":true},"2":{"start":{"line":0,"column":0},"end":{"line":0,"column":0},"skip":true},"3":{"start":{"line":0,"column":0},"end":{"line":0,"column":0},"skip":true},"4":{"start":{"line":0,"column":0},"end":{"line":0,"column":0},"skip":true},"5":{"start":{"line":5,"column":2},"end":{"line":27,"column":3}},"6":{"start":{"line":7,"column":6},"end":{"line":7,"column":28}},"7":{"start":{"line":8,"column":6},"end":{"line":12,"column":9}},"8":{"start":{"line":9,"column":8},"end":{"line":11,"column":9}},"9":{"start":{"line":10,"column":10},"end":{"line":10,"column":27}},"10":{"start":{"line":13,"column":6},"end":{"line":15,"column":7}},"11":{"start":{"line":14,"column":8},"end":{"line":14,"column":21}},"12":{"start":{"line":16,"column":6},"end":{"line":16,"column":25}},"13":{"start":{"line":17,"column":6},"end":{"line":17,"column":36}},"14":{"start":{"line":18,"column":6},"end":{"line":18,"column":31}},"15":{"start":{"line":19,"column":6},"end":{"line":23,"column":9}},"16":{"start":{"line":20,"column":8},"end":{"line":22,"column":9}},"17":{"start":{"line":21,"column":10},"end":{"line":21,"column":52}},"18":{"start":{"line":24,"column":6},"end":{"line":24,"column":47}},"19":{"start":{"line":26,"column":6},"end":{"line":26,"column":19}},"20":{"start":{"line":0,"column":0},"end":{"line":0,"column":0},"skip":true},"21":{"start":{"line":0,"column":0},"end":{"line":0,"column":0},"skip":true},"22":{"start":{"line":0,"column":0},"end":{"line":0,"column":0},"skip":true},"23":{"start":{"line":0,"column":0},"end":{"line":0,"column":0},"skip":true},"24":{"start":{"line":0,"column":0},"end":{"line":0,"column":0},"skip":true},"25":{"start":{"line":0,"column":0},"end":{"line":0,"column":0},"skip":true},"26":{"start":{"line":0,"column":0},"end":{"line":0,"column":0},"skip":true},"27":{"start":{"line":0,"column":0},"end":{"line":0,"column":0},"skip":true},"28":{"start":{"line":0,"column":0},"end":{"line":0,"column":0},"skip":true},"29":{"start":{"line":0,"column":0},"end":{"line":0,"column":0},"skip":true},"30":{"start":{"line":0,"column":0},"end":{"line":0,"column":0},"skip":true},"31":{"start":{"line":0,"column":0},"end":{"line":0,"column":0},"skip":true},"32":{"start":{"line":0,"column":0},"end":{"line":0,"column":0},"skip":true},"33":{"start":{"line":0,"column":0},"end":{"line":0,"column":0},"skip":true},"34":{"start":{"line":0,"column":0},"end":{"line":0,"column":0},"skip":true},"35":{"start":{"line":0,"column":0},"end":{"line":0,"column":0},"skip":true}},"branchMap":{"1":{"line":8,"type":"cond-expr","locations":[{"start":{"line":4,"column":33},"end":{"line":4,"column":49}},{"start":{"line":4,"column":49},"end":{"line":4,"column":49}}]},"2":{"line":8,"type":"binary-expr","locations":[{"start":{"line":4,"column":30},"end":{"line":4,"column":30}},{"start":{"line":4,"column":30},"end":{"line":4,"column":30}}]},"3":{"line":11,"type":"switch","locations":[{"start":{"line":6,"column":4},"end":{"line":24,"column":47}},{"start":{"line":24,"column":47},"end":{"line":26,"column":19}}]},"4":{"line":15,"type":"if","locations":[{"start":{"line":9,"column":8},"end":{"line":9,"column":8}},{"start":{"line":9,"column":8},"end":{"line":9,"column":8}}]},"5":{"line":19,"type":"if","locations":[{"start":{"line":13,"column":6},"end":{"line":13,"column":6}},{"start":{"line":13,"column":6},"end":{"line":13,"column":6}}]},"6":{"line":26,"type":"if","locations":[{"start":{"line":20,"column":8},"end":{"line":20,"column":8}},{"start":{"line":20,"column":8},"end":{"line":20,"column":8}}]},"7":{"line":44,"type":"cond-expr","locations":[{"start":{"line":0,"column":0},"end":{"line":0,"column":0},"skip":true},{"start":{"line":0,"column":0},"end":{"line":0,"column":0},"skip":true}]},"8":{"line":44,"type":"binary-expr","locations":[{"start":{"line":0,"column":0},"end":{"line":0,"column":0},"skip":true},{"start":{"line":0,"column":0},"end":{"line":0,"column":0},"skip":true}]},"9":{"line":46,"type":"if","locations":[{"start":{"line":0,"column":0},"end":{"line":0,"column":0},"skip":true},{"start":{"line":0,"column":0},"end":{"line":0,"column":0},"skip":true}]},"10":{"line":46,"type":"binary-expr","locations":[{"start":{"line":0,"column":0},"end":{"line":0,"column":0},"skip":true},{"start":{"line":0,"column":0},"end":{"line":0,"column":0},"skip":true}]},"11":{"line":46,"type":"if","locations":[{"start":{"line":0,"column":0},"end":{"line":0,"column":0},"skip":true},{"start":{"line":0,"column":0},"end":{"line":0,"column":0},"skip":true}]},"12":{"line":46,"type":"if","locations":[{"start":{"line":0,"column":0},"end":{"line":0,"column":0},"skip":true},{"start":{"line":0,"column":0},"end":{"line":0,"column":0},"skip":true}]}},"l":{"0":1,"5":0,"7":0,"8":0,"9":0,"10":0,"13":0,"14":0,"16":0,"17":0,"18":0,"19":0,"20":0,"21":0,"24":0,"26":0}},
"/Users/jas/Projects/git/wave-editor/src/app/reducers/zoom.js":{"path":"/Users/jas/Projects/git/wave-editor/src/app/reducers/zoom.js","s":{"1":0,"2":0,"3":0,"4":0,"5":0,"6":0,"7":0,"8":0,"9":0,"10":0,"11":0,"12":1,"13":0,"14":0,"15":0,"16":0,"17":0,"18":0,"19":0,"20":0,"21":0,"22":1,"23":0},"b":{"1":[0,0],"2":[0,0],"3":[0,0,0,0],"4":[0,0],"5":[0,0],"6":[0,0],"7":[0,0]},"f":{"1":0,"2":0,"3":0},"fnMap":{"1":{"line":7,"name":"(anonymous_1)","loc":{"start":{"line":14,"column":15},"end":{"line":14,"column":59}}},"2":{"line":36,"skip":true,"name":"_interopRequireWildcard","loc":{"start":{"line":0,"column":0},"end":{"line":0,"column":0},"skip":true}},"3":{"line":38,"name":"getDefaultData","loc":{"start":{"line":3,"column":0},"end":{"line":3,"column":26}}}},"statementMap":{"1":{"start":{"line":0,"column":0},"end":{"line":0,"column":0},"skip":true},"2":{"start":{"line":0,"column":0},"end":{"line":0,"column":0},"skip":true},"3":{"start":{"line":0,"column":0},"end":{"line":0,"column":0},"skip":true},"4":{"start":{"line":0,"column":0},"end":{"line":0,"column":0},"skip":true},"5":{"start":{"line":15,"column":2},"end":{"line":33,"column":3}},"6":{"start":{"line":17,"column":6},"end":{"line":21,"column":9}},"7":{"start":{"line":23,"column":6},"end":{"line":26,"column":9}},"8":{"start":{"line":28,"column":6},"end":{"line":30,"column":9}},"9":{"start":{"line":32,"column":6},"end":{"line":32,"column":19}},"10":{"start":{"line":0,"column":0},"end":{"line":0,"column":0},"skip":true},"11":{"start":{"line":0,"column":0},"end":{"line":0,"column":0},"skip":true},"12":{"start":{"line":0,"column":0},"end":{"line":0,"column":0},"skip":true},"13":{"start":{"line":0,"column":0},"end":{"line":0,"column":0},"skip":true},"14":{"start":{"line":0,"column":0},"end":{"line":0,"column":0},"skip":true},"15":{"start":{"line":0,"column":0},"end":{"line":0,"column":0},"skip":true},"16":{"start":{"line":0,"column":0},"end":{"line":0,"column":0},"skip":true},"17":{"start":{"line":0,"column":0},"end":{"line":0,"column":0},"skip":true},"18":{"start":{"line":0,"column":0},"end":{"line":0,"column":0},"skip":true},"19":{"start":{"line":0,"column":0},"end":{"line":0,"column":0},"skip":true},"20":{"start":{"line":0,"column":0},"end":{"line":0,"column":0},"skip":true},"21":{"start":{"line":0,"column":0},"end":{"line":0,"column":0},"skip":true},"22":{"start":{"line":3,"column":0},"end":{"line":12,"column":1}},"23":{"start":{"line":4,"column":2},"end":{"line":11,"column":4}}},"branchMap":{"1":{"line":8,"type":"cond-expr","locations":[{"start":{"line":14,"column":33},"end":{"line":14,"column":49}},{"start":{"line":14,"column":49},"end":{"line":14,"column":49}}]},"2":{"line":8,"type":"binary-expr","locations":[{"start":{"line":14,"column":30},"end":{"line":14,"column":30}},{"start":{"line":14,"column":30},"end":{"line":14,"column":30}}]},"3":{"line":11,"type":"switch","locations":[{"start":{"line":16,"column":4},"end":{"line":21,"column":9}},{"start":{"line":21,"column":9},"end":{"line":26,"column":9}},{"start":{"line":26,"column":9},"end":{"line":30,"column":9}},{"start":{"line":30,"column":9},"end":{"line":32,"column":19}}]},"4":{"line":36,"type":"if","locations":[{"start":{"line":0,"column":0},"end":{"line":0,"column":0},"skip":true},{"start":{"line":0,"column":0},"end":{"line":0,"column":0},"skip":true}]},"5":{"line":36,"type":"binary-expr","locations":[{"start":{"line":0,"column":0},"end":{"line":0,"column":0},"skip":true},{"start":{"line":0,"column":0},"end":{"line":0,"column":0},"skip":true}]},"6":{"line":36,"type":"if","locations":[{"start":{"line":0,"column":0},"end":{"line":0,"column":0},"skip":true},{"start":{"line":0,"column":0},"end":{"line":0,"column":0},"skip":true}]},"7":{"line":36,"type":"if","locations":[{"start":{"line":0,"column":0},"end":{"line":0,"column":0},"skip":true},{"start":{"line":0,"column":0},"end":{"line":0,"column":0},"skip":true}]}},"l":{"0":1,"3":1,"4":0,"15":0,"17":0,"23":0,"28":0,"32":0}},
"/Users/jas/Projects/git/wave-editor/src/app/store/configureStore.js":{"path":"/Users/jas/Projects/git/wave-editor/src/app/store/configureStore.js","s":{"1":0,"2":0,"3":0,"4":0,"5":0,"6":0,"7":0,"8":0,"9":0,"10":0,"11":0,"12":1,"13":0,"14":1,"15":0,"16":0,"17":0,"18":0,"19":0,"20":0},"b":{"1":[0,0],"2":[0,0],"3":[0,0]},"f":{"1":0,"2":0,"3":0},"fnMap":{"1":{"line":26,"skip":true,"name":"_interopRequireDefault","loc":{"start":{"line":0,"column":0},"end":{"line":0,"column":0},"skip":true}},"2":{"line":28,"name":"configureStore","loc":{"start":{"line":8,"column":15},"end":{"line":8,"column":53}}},"3":{"line":36,"name":"(anonymous_3)","loc":{"start":{"line":19,"column":37},"end":{"line":19,"column":43}}}},"statementMap":{"1":{"start":{"line":0,"column":0},"end":{"line":0,"column":0},"skip":true},"2":{"start":{"line":0,"column":0},"end":{"line":0,"column":0},"skip":true},"3":{"start":{"line":0,"column":0},"end":{"line":0,"column":0},"skip":true},"4":{"start":{"line":0,"column":0},"end":{"line":0,"column":0},"skip":true},"5":{"start":{"line":0,"column":0},"end":{"line":0,"column":0},"skip":true},"6":{"start":{"line":0,"column":0},"end":{"line":0,"column":0},"skip":true},"7":{"start":{"line":0,"column":0},"end":{"line":0,"column":0},"skip":true},"8":{"start":{"line":0,"column":0},"end":{"line":0,"column":0},"skip":true},"9":{"start":{"line":0,"column":0},"end":{"line":0,"column":0},"skip":true},"10":{"start":{"line":0,"column":0},"end":{"line":0,"column":0},"skip":true},"11":{"start":{"line":0,"column":0},"end":{"line":0,"column":0},"skip":true},"12":{"start":{"line":0,"column":0},"end":{"line":0,"column":0},"skip":true},"13":{"start":{"line":0,"column":0},"end":{"line":0,"column":0},"skip":true},"14":{"start":{"line":8,"column":15},"end":{"line":26,"column":1}},"15":{"start":{"line":9,"column":2},"end":{"line":15,"column":44}},"16":{"start":{"line":17,"column":2},"end":{"line":23,"column":3}},"17":{"start":{"line":19,"column":4},"end":{"line":22,"column":7}},"18":{"start":{"line":20,"column":6},"end":{"line":20,"column":49}},"19":{"start":{"line":21,"column":6},"end":{"line":21,"column":40}},"20":{"start":{"line":25,"column":2},"end":{"line":25,"column":15}}},"branchMap":{"1":{"line":26,"type":"cond-expr","locations":[{"start":{"line":0,"column":0},"end":{"line":0,"column":0},"skip":true},{"start":{"line":0,"column":0},"end":{"line":0,"column":0},"skip":true}]},"2":{"line":26,"type":"binary-expr","locations":[{"start":{"line":0,"column":0},"end":{"line":0,"column":0},"skip":true},{"start":{"line":0,"column":0},"end":{"line":0,"column":0},"skip":true}]},"3":{"line":34,"type":"if","locations":[{"start":{"line":17,"column":2},"end":{"line":17,"column":2}},{"start":{"line":17,"column":2},"end":{"line":17,"column":2}}]}},"l":{"0":1,"8":1,"9":0,"17":0,"19":0,"20":0,"21":0,"25":0}},
"/Users/jas/Projects/git/wave-editor/src/app/workers/waveformData.js":{"path":"/Users/jas/Projects/git/wave-editor/src/app/workers/waveformData.js","s":{"1":0,"2":0,"3":0,"4":0,"5":0,"6":0,"7":0,"8":0,"9":0,"10":0,"11":0,"12":0,"13":0,"14":0,"15":0,"16":0,"17":0,"18":0,"19":0,"20":0,"21":0,"22":0,"23":0,"24":0,"25":0,"26":0,"27":0,"28":0,"29":0,"30":0,"31":0,"32":0,"33":0,"34":0,"35":0,"36":0,"37":0,"38":0,"39":0,"40":0,"41":0,"42":0,"43":0,"44":0,"45":0,"46":0,"47":0,"48":0,"49":0,"50":0,"51":0,"52":0,"53":0,"54":0,"55":0,"56":0,"57":0,"58":0,"59":0,"60":0,"61":0,"62":0,"63":0,"64":0},"b":{"1":[0,0],"2":[0,0],"3":[0,0],"4":[0,0],"5":[0,0],"6":[0,0],"7":[0,0],"8":[0,0],"9":[0,0],"10":[0,0],"11":[0,0],"12":[0,0],"13":[0,0]},"f":{"1":0,"2":0,"3":0,"4":0,"5":0},"fnMap":{"1":{"line":5,"name":"(anonymous_1)","loc":{"start":{"line":3,"column":17},"end":{"line":3,"column":30}}},"2":{"line":23,"name":"emit","loc":{"start":{"line":16,"column":15},"end":{"line":16,"column":37}}},"3":{"line":44,"name":"initBucket","loc":{"start":{"line":37,"column":21},"end":{"line":37,"column":51}}},"4":{"line":62,"name":"updateBucket","loc":{"start":{"line":55,"column":23},"end":{"line":55,"column":48}}},"5":{"line":97,"name":"(anonymous_5)","loc":{"start":{"line":90,"column":15},"end":{"line":90,"column":30}}}},"statementMap":{"1":{"start":{"line":0,"column":0},"end":{"line":0,"column":0},"skip":true},"2":{"start":{"line":3,"column":0},"end":{"line":88,"column":2}},"3":{"start":{"line":4,"column":2},"end":{"line":4,"column":37}},"4":{"start":{"line":5,"column":2},"end":{"line":5,"column":30}},"5":{"start":{"line":6,"column":2},"end":{"line":6,"column":39}},"6":{"start":{"line":0,"column":0},"end":{"line":0,"column":0},"skip":true},"7":{"start":{"line":0,"column":0},"end":{"line":0,"column":0},"skip":true},"8":{"start":{"line":0,"column":0},"end":{"line":0,"column":0},"skip":true},"9":{"start":{"line":0,"column":0},"end":{"line":0,"column":0},"skip":true},"10":{"start":{"line":0,"column":0},"end":{"line":0,"column":0},"skip":true},"11":{"start":{"line":8,"column":2},"end":{"line":8,"column":36}},"12":{"start":{"line":9,"column":2},"end":{"line":9,"column":51}},"13":{"start":{"line":10,"column":2},"end":{"line":10,"column":39}},"14":{"start":{"line":11,"column":2},"end":{"line":11,"column":49}},"15":{"start":{"line":12,"column":2},"end":{"line":12,"column":21}},"16":{"start":{"line":13,"column":2},"end":{"line":13,"column":54}},"17":{"start":{"line":14,"column":2},"end":{"line":14,"column":28}},"18":{"start":{"line":15,"column":2},"end":{"line":15,"column":46}},"19":{"start":{"line":16,"column":2},"end":{"line":36,"column":4}},"20":{"start":{"line":17,"column":4},"end":{"line":32,"column":5}},"21":{"start":{"line":18,"column":6},"end":{"line":18,"column":45}},"22":{"start":{"line":19,"column":6},"end":{"line":28,"column":7}},"23":{"start":{"line":20,"column":8},"end":{"line":20,"column":35}},"24":{"start":{"line":21,"column":8},"end":{"line":21,"column":35}},"25":{"start":{"line":22,"column":8},"end":{"line":22,"column":41}},"26":{"start":{"line":23,"column":8},"end":{"line":23,"column":55}},"27":{"start":{"line":24,"column":8},"end":{"line":24,"column":41}},"28":{"start":{"line":25,"column":8},"end":{"line":25,"column":47}},"29":{"start":{"line":26,"column":8},"end":{"line":26,"column":61}},"30":{"start":{"line":27,"column":8},"end":{"line":27,"column":47}},"31":{"start":{"line":29,"column":6},"end":{"line":29,"column":55}},"32":{"start":{"line":30,"column":6},"end":{"line":30,"column":31}},"33":{"start":{"line":31,"column":6},"end":{"line":31,"column":34}},"34":{"start":{"line":33,"column":4},"end":{"line":35,"column":5}},"35":{"start":{"line":34,"column":6},"end":{"line":34,"column":19}},"36":{"start":{"line":37,"column":2},"end":{"line":54,"column":4}},"37":{"start":{"line":38,"column":4},"end":{"line":53,"column":6}},"38":{"start":{"line":55,"column":2},"end":{"line":65,"column":3}},"39":{"start":{"line":56,"column":4},"end":{"line":56,"column":21}},"40":{"start":{"line":57,"column":4},"end":{"line":57,"column":24}},"41":{"start":{"line":58,"column":4},"end":{"line":60,"column":5}},"42":{"start":{"line":59,"column":6},"end":{"line":59,"column":25}},"43":{"start":{"line":61,"column":4},"end":{"line":63,"column":5}},"44":{"start":{"line":62,"column":6},"end":{"line":62,"column":25}},"45":{"start":{"line":64,"column":4},"end":{"line":64,"column":15}},"46":{"start":{"line":65,"column":4},"end":{"line":67,"column":32}},"47":{"start":{"line":68,"column":2},"end":{"line":72,"column":3}},"48":{"start":{"line":69,"column":4},"end":{"line":69,"column":47}},"49":{"start":{"line":70,"column":4},"end":{"line":70,"column":60}},"50":{"start":{"line":71,"column":4},"end":{"line":71,"column":32}},"51":{"start":{"line":73,"column":2},"end":{"line":86,"column":3}},"52":{"start":{"line":74,"column":4},"end":{"line":84,"column":5}},"53":{"start":{"line":75,"column":6},"end":{"line":75,"column":45}},"54":{"start":{"line":76,"column":6},"end":{"line":81,"column":7}},"55":{"start":{"line":77,"column":8},"end":{"line":77,"column":28}},"56":{"start":{"line":78,"column":8},"end":{"line":78,"column":58}},"57":{"start":{"line":79,"column":13},"end":{"line":81,"column":7}},"58":{"start":{"line":80,"column":8},"end":{"line":80,"column":58}},"59":{"start":{"line":82,"column":6},"end":{"line":82,"column":29}},"60":{"start":{"line":83,"column":6},"end":{"line":83,"column":22}},"61":{"start":{"line":85,"column":4},"end":{"line":85,"column":16}},"62":{"start":{"line":87,"column":2},"end":{"line":87,"column":13}},"63":{"start":{"line":90,"column":0},"end":{"line":94,"column":2}},"64":{"start":{"line":92,"column":2},"end":{"line":92,"column":48}}},"branchMap":{"1":{"line":24,"type":"if","locations":[{"start":{"line":17,"column":4},"end":{"line":17,"column":4}},{"start":{"line":17,"column":4},"end":{"line":17,"column":4}}]},"2":{"line":24,"type":"binary-expr","locations":[{"start":{"line":17,"column":8},"end":{"line":17,"column":18}},{"start":{"line":17,"column":22},"end":{"line":17,"column":67}}]},"3":{"line":29,"type":"binary-expr","locations":[{"start":{"line":22,"column":27},"end":{"line":22,"column":34}},{"start":{"line":22,"column":38},"end":{"line":22,"column":39}}]},"4":{"line":30,"type":"binary-expr","locations":[{"start":{"line":23,"column":38},"end":{"line":23,"column":47}},{"start":{"line":23,"column":51},"end":{"line":23,"column":52}}]},"5":{"line":31,"type":"binary-expr","locations":[{"start":{"line":24,"column":27},"end":{"line":24,"column":34}},{"start":{"line":24,"column":38},"end":{"line":24,"column":39}}]},"6":{"line":32,"type":"binary-expr","locations":[{"start":{"line":25,"column":27},"end":{"line":25,"column":39}},{"start":{"line":25,"column":44},"end":{"line":25,"column":45}}]},"7":{"line":33,"type":"binary-expr","locations":[{"start":{"line":26,"column":43},"end":{"line":26,"column":52}},{"start":{"line":26,"column":56},"end":{"line":26,"column":57}}]},"8":{"line":34,"type":"binary-expr","locations":[{"start":{"line":27,"column":27},"end":{"line":27,"column":39}},{"start":{"line":27,"column":44},"end":{"line":27,"column":45}}]},"9":{"line":40,"type":"if","locations":[{"start":{"line":33,"column":4},"end":{"line":33,"column":4}},{"start":{"line":33,"column":4},"end":{"line":33,"column":4}}]},"10":{"line":65,"type":"if","locations":[{"start":{"line":58,"column":4},"end":{"line":58,"column":4}},{"start":{"line":58,"column":4},"end":{"line":58,"column":4}}]},"11":{"line":68,"type":"if","locations":[{"start":{"line":61,"column":4},"end":{"line":61,"column":4}},{"start":{"line":61,"column":4},"end":{"line":61,"column":4}}]},"12":{"line":83,"type":"if","locations":[{"start":{"line":76,"column":6},"end":{"line":76,"column":6}},{"start":{"line":76,"column":6},"end":{"line":76,"column":6}}]},"13":{"line":86,"type":"if","locations":[{"start":{"line":79,"column":13},"end":{"line":79,"column":13}},{"start":{"line":79,"column":13},"end":{"line":79,"column":13}}]}},"l":{"0":1,"3":0,"4":0,"5":0,"6":0,"8":0,"9":0,"10":0,"11":0,"12":0,"13":0,"14":0,"15":0,"16":0,"17":0,"18":0,"19":0,"20":0,"21":0,"22":0,"23":0,"24":0,"25":0,"26":0,"27":0,"29":0,"30":0,"31":0,"33":0,"34":0,"37":0,"38":0,"55":0,"56":0,"57":0,"58":0,"59":0,"61":0,"62":0,"64":0,"65":0,"68":0,"69":0,"70":0,"71":0,"73":0,"74":0,"75":0,"76":0,"77":0,"78":0,"79":0,"80":0,"82":0,"83":0,"85":0,"87":0,"90":0,"92":0}}}
