TN:
SF:/Users/jas/Projects/git/wave-editor/src/app/index.js
FN:25,_interopRequireDefault
FNF:1
FNH:1
FNDA:0,_interopRequireDefault
DA:0,1
DA:8,0
DA:9,0
DA:13,0
LF:4
LH:1
BRDA:25,1,0,0
BRDA:25,1,1,0
BRDA:25,2,0,0
BRDA:25,2,1,0
BRF:4
BRH:4
end_of_record
TN:
SF:/Users/jas/Projects/git/wave-editor/src/app/actions/audioContext.js
FN:12,_interopRequireWildcard
FN:14,setAudioContext
FNF:2
FNH:1
FNDA:0,_interopRequireWildcard
FNDA:0,setAudioContext
DA:0,1
DA:3,1
DA:4,0
LF:3
LH:2
BRDA:12,1,0,0
BRDA:12,1,1,0
BRDA:12,2,0,0
BRDA:12,2,1,0
BRDA:12,3,0,0
BRDA:12,3,1,0
BRDA:12,4,0,0
BRDA:12,4,1,0
BRDA:15,5,0,0
BRDA:15,5,1,0
BRDA:15,6,0,0
BRDA:15,6,1,0
BRF:12
BRH:8
end_of_record
TN:
SF:/Users/jas/Projects/git/wave-editor/src/app/actions/buffer.js
FN:31,_interopRequireDefault
FN:33,_interopRequireWildcard
FN:38,setBuffer
FN:47,setBufferFromUrl
FN:50,(anonymous_5)
FN:55,(anonymous_6)
FN:63,setBufferFromFile
FN:64,(anonymous_8)
FN:66,(anonymous_9)
FN:74,startWorker
FN:75,(anonymous_11)
FN:87,(anonymous_12)
FN:108,handleBuffer
FN:109,(anonymous_14)
FN:118,decodeAudioData
FN:119,(anonymous_16)
FN:124,(anonymous_17)
FN:127,(anonymous_18)
FNF:18
FNH:2
FNDA:0,_interopRequireDefault
FNDA:0,_interopRequireWildcard
FNDA:0,setBuffer
FNDA:0,setBufferFromUrl
FNDA:0,(anonymous_5)
FNDA:0,(anonymous_6)
FNDA:0,setBufferFromFile
FNDA:0,(anonymous_8)
FNDA:0,(anonymous_9)
FNDA:0,startWorker
FNDA:0,(anonymous_11)
FNDA:0,(anonymous_12)
FNDA:0,handleBuffer
FNDA:0,(anonymous_14)
FNDA:0,decodeAudioData
FNDA:0,(anonymous_16)
FNDA:0,(anonymous_17)
FNDA:0,(anonymous_18)
DA:0,1
DA:8,0
DA:9,0
DA:11,1
DA:12,0
DA:18,1
DA:19,0
DA:20,0
DA:21,0
DA:22,0
DA:23,0
DA:24,0
DA:25,0
DA:27,0
DA:28,0
DA:32,1
DA:33,0
DA:34,0
DA:35,0
DA:36,0
DA:38,0
DA:39,0
DA:43,1
DA:44,0
DA:46,0
DA:47,0
DA:48,0
DA:50,0
DA:51,0
DA:52,0
DA:54,0
DA:55,0
DA:56,0
DA:57,0
DA:59,0
DA:61,0
DA:62,0
DA:63,0
DA:65,0
DA:66,0
DA:68,0
DA:72,1
DA:73,0
DA:74,0
DA:75,0
DA:76,0
DA:77,0
DA:78,0
DA:82,1
DA:83,0
DA:85,0
DA:86,0
DA:87,0
DA:89,0
DA:90,0
DA:91,0
DA:93,0
LF:57
LH:7
BRDA:31,1,0,0
BRDA:31,1,1,0
BRDA:31,2,0,0
BRDA:31,2,1,0
BRDA:33,3,0,0
BRDA:33,3,1,0
BRDA:33,4,0,0
BRDA:33,4,1,0
BRDA:33,5,0,0
BRDA:33,5,1,0
BRDA:33,6,0,0
BRDA:33,6,1,0
BRDA:39,7,0,0
BRDA:39,7,1,0
BRDA:39,8,0,0
BRDA:39,8,1,0
BRDA:48,9,0,0
BRDA:48,9,1,0
BRDA:48,10,0,0
BRDA:48,10,1,0
BRDA:82,11,0,0
BRDA:82,11,1,0
BRDA:92,12,0,0
BRDA:92,12,1,0
BRDA:92,13,0,0
BRDA:92,13,1,0
BRDA:97,14,0,0
BRDA:97,14,1,0
BRDA:129,15,0,0
BRDA:129,15,1,0
BRF:30
BRH:12
end_of_record
TN:
SF:/Users/jas/Projects/git/wave-editor/src/app/actions/examples.js
FN:21,_interopRequireWildcard
FN:23,setExamples
FN:27,(anonymous_3)
FN:40,loadExampleFile
FN:41,(anonymous_5)
FN:51,setRandomGroupAndFile
FN:52,(anonymous_7)
FN:60,setRandomFile
FN:61,(anonymous_9)
FNF:9
FNH:1
FNDA:0,_interopRequireWildcard
FNDA:0,setExamples
FNDA:0,(anonymous_3)
FNDA:0,loadExampleFile
FNDA:0,(anonymous_5)
FNDA:0,setRandomGroupAndFile
FNDA:0,(anonymous_7)
FNDA:0,setRandomFile
FNDA:0,(anonymous_9)
DA:0,1
DA:6,1
DA:7,0
DA:8,0
DA:9,0
DA:10,0
DA:11,0
DA:16,0
DA:20,1
DA:21,0
DA:22,0
DA:23,0
DA:24,0
DA:25,0
DA:26,0
DA:31,1
DA:32,0
DA:33,0
DA:34,0
DA:35,0
DA:36,0
DA:40,1
DA:41,0
DA:43,0
DA:44,0
LF:25
LH:5
BRDA:21,1,0,0
BRDA:21,1,1,0
BRDA:21,2,0,0
BRDA:21,2,1,0
BRDA:21,3,0,0
BRDA:21,3,1,0
BRDA:21,4,0,0
BRDA:21,4,1,0
BRDA:24,5,0,0
BRDA:24,5,1,0
BRDA:24,6,0,0
BRDA:24,6,1,0
BRDA:25,7,0,0
BRDA:25,7,1,0
BRDA:25,8,0,0
BRDA:25,8,1,0
BRDA:29,9,0,0
BRDA:29,9,1,0
BRDA:45,10,0,0
BRDA:45,10,1,0
BRDA:45,11,0,0
BRDA:45,11,1,0
BRF:22
BRH:8
end_of_record
TN:
SF:/Users/jas/Projects/git/wave-editor/src/app/actions/name.js
FN:12,_interopRequireWildcard
FN:14,setName
FNF:2
FNH:1
FNDA:0,_interopRequireWildcard
FNDA:0,setName
DA:0,1
DA:3,1
DA:4,0
LF:3
LH:2
BRDA:12,1,0,0
BRDA:12,1,1,0
BRDA:12,2,0,0
BRDA:12,2,1,0
BRDA:12,3,0,0
BRDA:12,3,1,0
BRDA:12,4,0,0
BRDA:12,4,1,0
BRDA:15,5,0,0
BRDA:15,5,1,0
BRDA:15,6,0,0
BRDA:15,6,1,0
BRF:12
BRH:8
end_of_record
TN:
SF:/Users/jas/Projects/git/wave-editor/src/app/actions/playbackPosition.js
FN:12,_interopRequireWildcard
FN:14,setPlaybackPosition
FNF:2
FNH:1
FNDA:0,_interopRequireWildcard
FNDA:0,setPlaybackPosition
DA:0,1
DA:3,1
DA:4,0
LF:3
LH:2
BRDA:12,1,0,0
BRDA:12,1,1,0
BRDA:12,2,0,0
BRDA:12,2,1,0
BRDA:12,3,0,0
BRDA:12,3,1,0
BRDA:12,4,0,0
BRDA:12,4,1,0
BRDA:15,5,0,0
BRDA:15,5,1,0
BRDA:15,6,0,0
BRDA:15,6,1,0
BRF:12
BRH:8
end_of_record
TN:
SF:/Users/jas/Projects/git/wave-editor/src/app/actions/playbackRate.js
FN:12,_interopRequireWildcard
FN:14,setPlaybackRate
FNF:2
FNH:1
FNDA:0,_interopRequireWildcard
FNDA:0,setPlaybackRate
DA:0,1
DA:3,1
DA:4,0
LF:3
LH:2
BRDA:12,1,0,0
BRDA:12,1,1,0
BRDA:12,2,0,0
BRDA:12,2,1,0
BRDA:12,3,0,0
BRDA:12,3,1,0
BRDA:12,4,0,0
BRDA:12,4,1,0
BRDA:15,5,0,0
BRDA:15,5,1,0
BRDA:15,6,0,0
BRDA:15,6,1,0
BRF:12
BRH:8
end_of_record
TN:
SF:/Users/jas/Projects/git/wave-editor/src/app/actions/playbackType.js
FN:12,_interopRequireWildcard
FN:14,setPlaybackType
FNF:2
FNH:1
FNDA:0,_interopRequireWildcard
FNDA:0,setPlaybackType
DA:0,1
DA:3,1
DA:4,0
LF:3
LH:2
BRDA:12,1,0,0
BRDA:12,1,1,0
BRDA:12,2,0,0
BRDA:12,2,1,0
BRDA:12,3,0,0
BRDA:12,3,1,0
BRDA:12,4,0,0
BRDA:12,4,1,0
BRDA:15,5,0,0
BRDA:15,5,1,0
BRDA:15,6,0,0
BRDA:15,6,1,0
BRF:12
BRH:8
end_of_record
TN:
SF:/Users/jas/Projects/git/wave-editor/src/app/actions/validFile.js
FN:12,_interopRequireWildcard
FN:14,setValidFile
FNF:2
FNH:1
FNDA:0,_interopRequireWildcard
FNDA:0,setValidFile
DA:0,1
DA:3,1
DA:4,0
LF:3
LH:2
BRDA:12,1,0,0
BRDA:12,1,1,0
BRDA:12,2,0,0
BRDA:12,2,1,0
BRDA:12,3,0,0
BRDA:12,3,1,0
BRDA:12,4,0,0
BRDA:12,4,1,0
BRDA:15,5,0,0
BRDA:15,5,1,0
BRDA:15,6,0,0
BRDA:15,6,1,0
BRDA:16,7,0,0
BRDA:16,7,1,0
BRDA:16,8,0,0
BRDA:16,8,1,0
BRF:16
BRH:8
end_of_record
TN:
SF:/Users/jas/Projects/git/wave-editor/src/app/actions/volume.js
FN:12,_interopRequireWildcard
FN:14,setVolume
FNF:2
FNH:1
FNDA:0,_interopRequireWildcard
FNDA:0,setVolume
DA:0,1
DA:3,1
DA:4,0
LF:3
LH:2
BRDA:12,1,0,0
BRDA:12,1,1,0
BRDA:12,2,0,0
BRDA:12,2,1,0
BRDA:12,3,0,0
BRDA:12,3,1,0
BRDA:12,4,0,0
BRDA:12,4,1,0
BRDA:15,5,0,0
BRDA:15,5,1,0
BRDA:15,6,0,0
BRDA:15,6,1,0
BRF:12
BRH:8
end_of_record
TN:
SF:/Users/jas/Projects/git/wave-editor/src/app/actions/waveformData.js
FN:12,_interopRequireWildcard
FN:14,setWaveformData
FNF:2
FNH:1
FNDA:0,_interopRequireWildcard
FNDA:0,setWaveformData
DA:0,1
DA:3,1
DA:4,0
DA:5,0
DA:6,0
DA:7,0
DA:8,0
LF:7
LH:2
BRDA:12,1,0,0
BRDA:12,1,1,0
BRDA:12,2,0,0
BRDA:12,2,1,0
BRDA:12,3,0,0
BRDA:12,3,1,0
BRDA:12,4,0,0
BRDA:12,4,1,0
BRF:8
BRH:8
end_of_record
TN:
SF:/Users/jas/Projects/git/wave-editor/src/app/actions/zoom.js
FN:20,_interopRequireWildcard
FN:22,setZoom
FN:23,(anonymous_3)
FN:44,zoomIn
FN:45,(anonymous_5)
FN:57,zoomOut
FN:58,(anonymous_7)
FN:77,zoomShowAll
FN:78,(anonymous_9)
FN:87,zoomMoveCenter
FN:88,(anonymous_11)
FN:121,setZoomEdit
FN:122,(anonymous_13)
FN:131,toggleZoomPanel
FN:132,(anonymous_15)
FNF:15
FNH:1
FNDA:0,_interopRequireWildcard
FNDA:0,setZoom
FNDA:0,(anonymous_3)
FNDA:0,zoomIn
FNDA:0,(anonymous_5)
FNDA:0,zoomOut
FNDA:0,(anonymous_7)
FNDA:0,zoomShowAll
FNDA:0,(anonymous_9)
FNDA:0,zoomMoveCenter
FNDA:0,(anonymous_11)
FNDA:0,setZoomEdit
FNDA:0,(anonymous_13)
FNDA:0,toggleZoomPanel
FNDA:0,(anonymous_15)
DA:0,1
DA:4,1
DA:5,0
DA:6,0
DA:7,0
DA:8,0
DA:9,0
DA:11,0
DA:12,0
DA:13,0
DA:14,0
DA:20,0
DA:24,1
DA:25,0
DA:27,0
DA:28,0
DA:29,0
DA:30,0
DA:34,1
DA:35,0
DA:37,0
DA:38,0
DA:39,0
DA:40,0
DA:41,0
DA:42,0
DA:44,0
DA:45,0
DA:46,0
DA:50,1
DA:51,0
DA:53,0
DA:57,1
DA:58,0
DA:60,0
DA:61,0
DA:62,0
DA:63,0
DA:64,0
DA:65,0
DA:66,0
DA:67,0
DA:68,0
DA:69,0
DA:87,1
DA:88,0
DA:89,0
DA:97,1
DA:98,0
DA:100,0
LF:50
LH:8
BRDA:20,1,0,0
BRDA:20,1,1,0
BRDA:20,2,0,0
BRDA:20,2,1,0
BRDA:20,3,0,0
BRDA:20,3,1,0
BRDA:20,4,0,0
BRDA:20,4,1,0
BRDA:26,5,0,0
BRDA:26,5,1,0
BRDA:67,6,0,0
BRDA:67,6,1,0
BRDA:71,7,0,0
BRDA:71,7,1,0
BRDA:83,8,0,0
BRDA:83,8,1,0
BRF:16
BRH:8
end_of_record
TN:
SF:/Users/jas/Projects/git/wave-editor/src/app/constants/ActionTypes.js
FNF:0
FNH:0
DA:0,1
DA:1,0
DA:2,0
DA:3,0
DA:4,0
DA:5,0
DA:6,0
DA:7,0
DA:8,0
DA:9,0
DA:10,0
DA:11,0
DA:12,0
DA:13,0
DA:14,0
LF:15
LH:1
BRF:0
BRH:0
end_of_record
TN:
SF:/Users/jas/Projects/git/wave-editor/src/app/components/AudioEditor.js
FN:3,(anonymous_1)
FN:5,(anonymous_2)
FN:5,defineProperties
FN:5,(anonymous_4)
FN:83,_interopRequireWildcard
FN:85,_interopRequireDefault
FN:87,_classCallCheck
FN:89,_possibleConstructorReturn
FN:91,_inherits
FN:93,(anonymous_10)
FN:96,AudioEditor
FN:109,componentDidMount
FN:127,componentWillReceiveProps
FN:136,componentWillUnmount
FN:150,handleUpdatePlaybackPosition
FN:166,onAudioProcess
FN:201,render
FN:312,(anonymous_18)
FNF:18
FNH:15
FNDA:0,(anonymous_1)
FNDA:0,(anonymous_2)
FNDA:0,defineProperties
FNDA:0,(anonymous_4)
FNDA:0,_interopRequireWildcard
FNDA:0,_interopRequireDefault
FNDA:0,_classCallCheck
FNDA:0,_possibleConstructorReturn
FNDA:0,_inherits
FNDA:0,(anonymous_10)
FNDA:0,AudioEditor
FNDA:0,componentDidMount
FNDA:0,componentWillReceiveProps
FNDA:0,componentWillUnmount
FNDA:0,handleUpdatePlaybackPosition
FNDA:0,onAudioProcess
FNDA:0,render
FNDA:0,(anonymous_18)
DA:0,1
DA:23,1
DA:25,0
DA:26,0
DA:27,0
DA:31,0
DA:32,0
DA:33,0
DA:34,0
DA:35,0
DA:38,0
DA:44,0
DA:46,0
DA:52,0
DA:53,0
DA:54,0
DA:55,0
DA:56,0
DA:60,0
DA:61,0
DA:62,0
DA:63,0
DA:65,0
DA:67,0
DA:76,0
DA:77,0
DA:78,0
DA:81,0
DA:82,0
DA:85,0
DA:86,0
DA:87,0
DA:89,0
DA:90,0
DA:93,0
DA:94,0
DA:97,0
DA:98,0
DA:99,0
DA:100,0
DA:106,0
DA:167,0
LF:42
LH:2
BRDA:3,1,0,0
BRDA:3,1,1,0
BRDA:3,2,0,0
BRDA:3,2,1,0
BRDA:5,3,0,0
BRDA:5,3,1,0
BRDA:5,4,0,0
BRDA:5,4,1,0
BRDA:5,5,0,0
BRDA:5,5,1,0
BRDA:5,6,0,0
BRDA:5,6,1,0
BRDA:83,7,0,0
BRDA:83,7,1,0
BRDA:83,8,0,0
BRDA:83,8,1,0
BRDA:83,9,0,0
BRDA:83,9,1,0
BRDA:83,10,0,0
BRDA:83,10,1,0
BRDA:85,11,0,0
BRDA:85,11,1,0
BRDA:85,12,0,0
BRDA:85,12,1,0
BRDA:87,13,0,0
BRDA:87,13,1,0
BRDA:89,14,0,0
BRDA:89,14,1,0
BRDA:89,15,0,0
BRDA:89,15,1,0
BRDA:89,16,0,0
BRDA:89,16,1,0
BRDA:89,16,2,0
BRDA:91,17,0,0
BRDA:91,17,1,0
BRDA:91,18,0,0
BRDA:91,18,1,0
BRDA:91,19,0,0
BRDA:91,19,1,0
BRDA:91,20,0,0
BRDA:91,20,1,0
BRDA:91,21,0,0
BRDA:91,21,1,0
BRDA:114,22,0,0
BRDA:114,22,1,0
BRDA:130,23,0,0
BRDA:130,23,1,0
BRDA:130,24,0,0
BRDA:130,24,1,0
BRDA:155,25,0,0
BRDA:155,25,1,0
BRDA:157,26,0,0
BRDA:157,26,1,0
BRDA:175,27,0,0
BRDA:175,27,1,0
BRDA:175,28,0,0
BRDA:175,28,1,0
BRDA:175,28,2,0
BRDA:187,29,0,0
BRDA:187,29,1,0
BRDA:192,30,0,0
BRDA:192,30,1,0
BRDA:194,31,0,0
BRDA:194,31,1,0
BRF:64
BRH:43
end_of_record
TN:
SF:/Users/jas/Projects/git/wave-editor/src/app/components/DisplayAmplitudePath.js
FN:3,(anonymous_1)
FN:3,defineProperties
FN:3,(anonymous_3)
FN:17,_interopRequireDefault
FN:19,_classCallCheck
FN:21,_possibleConstructorReturn
FN:23,_inherits
FN:25,(anonymous_8)
FN:28,DisplayAmplitudePath
FN:36,render
FN:43,(anonymous_11)
FN:50,getPath
FN:53,(anonymous_13)
FNF:13
FNH:9
FNDA:0,(anonymous_1)
FNDA:0,defineProperties
FNDA:0,(anonymous_3)
FNDA:0,_interopRequireDefault
FNDA:0,_classCallCheck
FNDA:0,_possibleConstructorReturn
FNDA:0,_inherits
FNDA:0,(anonymous_8)
FNDA:0,DisplayAmplitudePath
FNDA:0,render
FNDA:0,(anonymous_11)
FNDA:0,getPath
FNDA:0,(anonymous_13)
DA:0,1
DA:7,0
DA:8,0
DA:12,0
DA:13,0
DA:14,0
DA:15,0
DA:18,0
DA:19,0
DA:20,0
DA:21,0
DA:22,0
DA:23,0
DA:24,0
DA:27,0
DA:28,0
DA:30,0
DA:53,0
LF:18
LH:1
BRDA:3,1,0,0
BRDA:3,1,1,0
BRDA:3,2,0,0
BRDA:3,2,1,0
BRDA:3,3,0,0
BRDA:3,3,1,0
BRDA:3,4,0,0
BRDA:3,4,1,0
BRDA:17,5,0,0
BRDA:17,5,1,0
BRDA:17,6,0,0
BRDA:17,6,1,0
BRDA:19,7,0,0
BRDA:19,7,1,0
BRDA:21,8,0,0
BRDA:21,8,1,0
BRDA:21,9,0,0
BRDA:21,9,1,0
BRDA:21,10,0,0
BRDA:21,10,1,0
BRDA:21,10,2,0
BRDA:23,11,0,0
BRDA:23,11,1,0
BRDA:23,12,0,0
BRDA:23,12,1,0
BRDA:23,13,0,0
BRDA:23,13,1,0
BRDA:23,14,0,0
BRDA:23,14,1,0
BRDA:23,15,0,0
BRDA:23,15,1,0
BRDA:44,16,0,0
BRDA:44,16,1,0
BRDA:45,17,0,0
BRDA:45,17,1,0
BRDA:52,18,0,0
BRDA:52,18,1,0
BRF:37
BRH:31
end_of_record
TN:
SF:/Users/jas/Projects/git/wave-editor/src/app/components/DisplayContainer.js
FN:3,(anonymous_1)
FN:3,defineProperties
FN:3,(anonymous_3)
FN:15,_interopRequireDefault
FN:17,_classCallCheck
FN:19,_possibleConstructorReturn
FN:21,_inherits
FN:23,(anonymous_8)
FN:26,DisplayContainer
FN:34,render
FNF:10
FNH:9
FNDA:0,(anonymous_1)
FNDA:0,defineProperties
FNDA:0,(anonymous_3)
FNDA:0,_interopRequireDefault
FNDA:0,_classCallCheck
FNDA:0,_possibleConstructorReturn
FNDA:0,_inherits
FNDA:0,(anonymous_8)
FNDA:0,DisplayContainer
FNDA:0,render
DA:0,1
DA:6,0
LF:2
LH:1
BRDA:3,1,0,0
BRDA:3,1,1,0
BRDA:3,2,0,0
BRDA:3,2,1,0
BRDA:3,3,0,0
BRDA:3,3,1,0
BRDA:3,4,0,0
BRDA:3,4,1,0
BRDA:15,5,0,0
BRDA:15,5,1,0
BRDA:15,6,0,0
BRDA:15,6,1,0
BRDA:17,7,0,0
BRDA:17,7,1,0
BRDA:19,8,0,0
BRDA:19,8,1,0
BRDA:19,9,0,0
BRDA:19,9,1,0
BRDA:19,10,0,0
BRDA:19,10,1,0
BRDA:19,10,2,0
BRDA:21,11,0,0
BRDA:21,11,1,0
BRDA:21,12,0,0
BRDA:21,12,1,0
BRDA:21,13,0,0
BRDA:21,13,1,0
BRDA:21,14,0,0
BRDA:21,14,1,0
BRDA:21,15,0,0
BRDA:21,15,1,0
BRF:31
BRH:31
end_of_record
TN:
SF:/Users/jas/Projects/git/wave-editor/src/app/components/DisplayMessage.js
FN:3,(anonymous_1)
FN:3,defineProperties
FN:3,(anonymous_3)
FN:15,_interopRequireDefault
FN:17,_classCallCheck
FN:19,_possibleConstructorReturn
FN:21,_inherits
FN:23,(anonymous_8)
FN:26,DisplayMessage
FN:34,render
FN:72,(anonymous_11)
FNF:11
FNH:9
FNDA:0,(anonymous_1)
FNDA:0,defineProperties
FNDA:0,(anonymous_3)
FNDA:0,_interopRequireDefault
FNDA:0,_classCallCheck
FNDA:0,_possibleConstructorReturn
FNDA:0,_inherits
FNDA:0,(anonymous_8)
FNDA:0,DisplayMessage
FNDA:0,render
FNDA:0,(anonymous_11)
DA:0,1
DA:7,0
DA:8,0
DA:9,0
DA:10,0
DA:11,0
DA:12,0
DA:15,0
DA:16,0
DA:18,0
DA:29,0
LF:11
LH:1
BRDA:3,1,0,0
BRDA:3,1,1,0
BRDA:3,2,0,0
BRDA:3,2,1,0
BRDA:3,3,0,0
BRDA:3,3,1,0
BRDA:3,4,0,0
BRDA:3,4,1,0
BRDA:15,5,0,0
BRDA:15,5,1,0
BRDA:15,6,0,0
BRDA:15,6,1,0
BRDA:17,7,0,0
BRDA:17,7,1,0
BRDA:19,8,0,0
BRDA:19,8,1,0
BRDA:19,9,0,0
BRDA:19,9,1,0
BRDA:19,10,0,0
BRDA:19,10,1,0
BRDA:19,10,2,0
BRDA:21,11,0,0
BRDA:21,11,1,0
BRDA:21,12,0,0
BRDA:21,12,1,0
BRDA:21,13,0,0
BRDA:21,13,1,0
BRDA:21,14,0,0
BRDA:21,14,1,0
BRDA:21,15,0,0
BRDA:21,15,1,0
BRDA:39,16,0,0
BRDA:39,16,1,0
BRDA:45,17,0,0
BRDA:45,17,1,0
BRDA:45,18,0,0
BRDA:45,18,1,0
BRDA:54,19,0,0
BRDA:54,19,1,0
BRF:39
BRH:31
end_of_record
TN:
SF:/Users/jas/Projects/git/wave-editor/src/app/components/DisplayPlaybackPosition.js
FN:3,(anonymous_1)
FN:3,defineProperties
FN:3,(anonymous_3)
FN:15,_interopRequireDefault
FN:17,_classCallCheck
FN:19,_possibleConstructorReturn
FN:21,_inherits
FN:23,(anonymous_8)
FN:26,DisplayPlaybackPosition
FN:34,render
FN:69,(anonymous_11)
FNF:11
FNH:9
FNDA:0,(anonymous_1)
FNDA:0,defineProperties
FNDA:0,(anonymous_3)
FNDA:0,_interopRequireDefault
FNDA:0,_classCallCheck
FNDA:0,_possibleConstructorReturn
FNDA:0,_inherits
FNDA:0,(anonymous_8)
FNDA:0,DisplayPlaybackPosition
FNDA:0,render
FNDA:0,(anonymous_11)
DA:0,1
DA:7,0
DA:8,0
DA:9,0
DA:10,0
DA:13,0
DA:14,0
DA:16,0
DA:26,0
DA:32,0
DA:38,0
LF:11
LH:1
BRDA:3,1,0,0
BRDA:3,1,1,0
BRDA:3,2,0,0
BRDA:3,2,1,0
BRDA:3,3,0,0
BRDA:3,3,1,0
BRDA:3,4,0,0
BRDA:3,4,1,0
BRDA:15,5,0,0
BRDA:15,5,1,0
BRDA:15,6,0,0
BRDA:15,6,1,0
BRDA:17,7,0,0
BRDA:17,7,1,0
BRDA:19,8,0,0
BRDA:19,8,1,0
BRDA:19,9,0,0
BRDA:19,9,1,0
BRDA:19,10,0,0
BRDA:19,10,1,0
BRDA:19,10,2,0
BRDA:21,11,0,0
BRDA:21,11,1,0
BRDA:21,12,0,0
BRDA:21,12,1,0
BRDA:21,13,0,0
BRDA:21,13,1,0
BRDA:21,14,0,0
BRDA:21,14,1,0
BRDA:21,15,0,0
BRDA:21,15,1,0
BRDA:43,16,0,0
BRDA:43,16,1,0
BRDA:43,17,0,0
BRDA:43,17,1,0
BRDA:43,17,2,0
BRF:36
BRH:31
end_of_record
TN:
SF:/Users/jas/Projects/git/wave-editor/src/app/components/ExampleFileSelector.js
FN:3,(anonymous_1)
FN:3,defineProperties
FN:3,(anonymous_3)
FN:43,_interopRequireDefault
FN:45,_classCallCheck
FN:47,_possibleConstructorReturn
FN:49,_inherits
FN:58,getRandomGroup
FN:63,getRandomFile
FN:68,getGroups
FN:72,getFilesByGroup
FN:76,(anonymous_12)
FN:79,ExampleFileSelector
FN:87,componentDidMount
FN:92,componentWillReceiveProps
FN:101,dispatchBasedOnUrlParams
FN:109,(anonymous_17)
FN:119,loadSelectedExampleFile
FN:132,render
FN:169,onChange
FN:177,(anonymous_21)
FN:212,(anonymous_22)
FN:244,onClick
FN:252,onClick
FN:267,(anonymous_25)
FNF:25
FNH:13
FNDA:0,(anonymous_1)
FNDA:0,defineProperties
FNDA:0,(anonymous_3)
FNDA:0,_interopRequireDefault
FNDA:0,_classCallCheck
FNDA:0,_possibleConstructorReturn
FNDA:0,_inherits
FNDA:0,getRandomGroup
FNDA:0,getRandomFile
FNDA:0,getGroups
FNDA:0,getFilesByGroup
FNDA:0,(anonymous_12)
FNDA:0,ExampleFileSelector
FNDA:0,componentDidMount
FNDA:0,componentWillReceiveProps
FNDA:0,dispatchBasedOnUrlParams
FNDA:0,(anonymous_17)
FNDA:0,loadSelectedExampleFile
FNDA:0,render
FNDA:0,onChange
FNDA:0,(anonymous_21)
FNDA:0,(anonymous_22)
FNDA:0,onClick
FNDA:0,onClick
FNDA:0,(anonymous_25)
DA:0,1
DA:16,0
DA:23,1
DA:24,0
DA:25,0
DA:28,1
DA:29,0
DA:30,0
DA:33,1
DA:34,0
DA:42,1
DA:43,0
DA:48,0
DA:51,0
DA:52,0
DA:53,0
DA:55,0
DA:60,0
DA:61,0
DA:62,0
DA:63,0
DA:64,0
DA:65,0
DA:66,0
DA:69,0
DA:74,0
DA:75,0
DA:76,0
DA:77,0
DA:79,0
DA:84,0
DA:85,0
DA:86,0
DA:87,0
DA:88,0
DA:89,0
DA:90,0
DA:92,0
DA:93,0
DA:95,0
DA:104,0
DA:108,0
DA:127,0
DA:152,0
DA:159,0
DA:173,0
LF:46
LH:5
BRDA:3,1,0,0
BRDA:3,1,1,0
BRDA:3,2,0,0
BRDA:3,2,1,0
BRDA:3,3,0,0
BRDA:3,3,1,0
BRDA:3,4,0,0
BRDA:3,4,1,0
BRDA:43,5,0,0
BRDA:43,5,1,0
BRDA:43,6,0,0
BRDA:43,6,1,0
BRDA:45,7,0,0
BRDA:45,7,1,0
BRDA:47,8,0,0
BRDA:47,8,1,0
BRDA:47,9,0,0
BRDA:47,9,1,0
BRDA:47,10,0,0
BRDA:47,10,1,0
BRDA:47,10,2,0
BRDA:49,11,0,0
BRDA:49,11,1,0
BRDA:49,12,0,0
BRDA:49,12,1,0
BRDA:49,13,0,0
BRDA:49,13,1,0
BRDA:49,14,0,0
BRDA:49,14,1,0
BRDA:49,15,0,0
BRDA:49,15,1,0
BRDA:73,16,0,0
BRDA:73,16,1,0
BRDA:95,17,0,0
BRDA:95,17,1,0
BRDA:95,18,0,0
BRDA:95,18,1,0
BRDA:108,19,0,0
BRDA:108,19,1,0
BRDA:110,20,0,0
BRDA:110,20,1,0
BRDA:124,21,0,0
BRDA:124,21,1,0
BRDA:124,22,0,0
BRDA:124,22,1,0
BRDA:142,23,0,0
BRDA:142,23,1,0
BRDA:142,24,0,0
BRDA:142,24,1,0
BRDA:145,25,0,0
BRDA:145,25,1,0
BRDA:145,26,0,0
BRDA:145,26,1,0
BRF:53
BRH:31
end_of_record
TN:
SF:/Users/jas/Projects/git/wave-editor/src/app/components/Footer.js
FN:3,(anonymous_1)
FN:3,defineProperties
FN:3,(anonymous_3)
FN:17,_interopRequireDefault
FN:19,_classCallCheck
FN:21,_possibleConstructorReturn
FN:23,_inherits
FN:25,(anonymous_8)
FN:28,Footer
FN:36,render
FNF:10
FNH:9
FNDA:0,(anonymous_1)
FNDA:0,defineProperties
FNDA:0,(anonymous_3)
FNDA:0,_interopRequireDefault
FNDA:0,_classCallCheck
FNDA:0,_possibleConstructorReturn
FNDA:0,_inherits
FNDA:0,(anonymous_8)
FNDA:0,Footer
FNDA:0,render
DA:0,1
DA:7,0
DA:8,0
LF:3
LH:1
BRDA:3,1,0,0
BRDA:3,1,1,0
BRDA:3,2,0,0
BRDA:3,2,1,0
BRDA:3,3,0,0
BRDA:3,3,1,0
BRDA:3,4,0,0
BRDA:3,4,1,0
BRDA:17,5,0,0
BRDA:17,5,1,0
BRDA:17,6,0,0
BRDA:17,6,1,0
BRDA:19,7,0,0
BRDA:19,7,1,0
BRDA:21,8,0,0
BRDA:21,8,1,0
BRDA:21,9,0,0
BRDA:21,9,1,0
BRDA:21,10,0,0
BRDA:21,10,1,0
BRDA:21,10,2,0
BRDA:23,11,0,0
BRDA:23,11,1,0
BRDA:23,12,0,0
BRDA:23,12,1,0
BRDA:23,13,0,0
BRDA:23,13,1,0
BRDA:23,14,0,0
BRDA:23,14,1,0
BRDA:23,15,0,0
BRDA:23,15,1,0
BRF:31
BRH:31
end_of_record
TN:
SF:/Users/jas/Projects/git/wave-editor/src/app/components/GithubCorner.js
FN:3,(anonymous_1)
FN:3,defineProperties
FN:3,(anonymous_3)
FN:15,_interopRequireDefault
FN:17,_classCallCheck
FN:19,_possibleConstructorReturn
FN:21,_inherits
FN:23,(anonymous_8)
FN:26,GithubCorner
FN:34,render
FNF:10
FNH:9
FNDA:0,(anonymous_1)
FNDA:0,defineProperties
FNDA:0,(anonymous_3)
FNDA:0,_interopRequireDefault
FNDA:0,_classCallCheck
FNDA:0,_possibleConstructorReturn
FNDA:0,_inherits
FNDA:0,(anonymous_8)
FNDA:0,GithubCorner
FNDA:0,render
DA:0,1
DA:6,0
DA:18,0
LF:3
LH:1
BRDA:3,1,0,0
BRDA:3,1,1,0
BRDA:3,2,0,0
BRDA:3,2,1,0
BRDA:3,3,0,0
BRDA:3,3,1,0
BRDA:3,4,0,0
BRDA:3,4,1,0
BRDA:15,5,0,0
BRDA:15,5,1,0
BRDA:15,6,0,0
BRDA:15,6,1,0
BRDA:17,7,0,0
BRDA:17,7,1,0
BRDA:19,8,0,0
BRDA:19,8,1,0
BRDA:19,9,0,0
BRDA:19,9,1,0
BRDA:19,10,0,0
BRDA:19,10,1,0
BRDA:19,10,2,0
BRDA:21,11,0,0
BRDA:21,11,1,0
BRDA:21,12,0,0
BRDA:21,12,1,0
BRDA:21,13,0,0
BRDA:21,13,1,0
BRDA:21,14,0,0
BRDA:21,14,1,0
BRDA:21,15,0,0
BRDA:21,15,1,0
BRF:31
BRH:31
end_of_record
TN:
SF:/Users/jas/Projects/git/wave-editor/src/app/components/Header.js
FN:3,(anonymous_1)
FN:3,defineProperties
FN:3,(anonymous_3)
FN:19,_interopRequireDefault
FN:21,_classCallCheck
FN:23,_possibleConstructorReturn
FN:25,_inherits
FN:29,(anonymous_8)
FN:32,Header
FN:40,isLinkActive
FN:45,render
FNF:11
FNH:10
FNDA:0,(anonymous_1)
FNDA:0,defineProperties
FNDA:0,(anonymous_3)
FNDA:0,_interopRequireDefault
FNDA:0,_classCallCheck
FNDA:0,_possibleConstructorReturn
FNDA:0,_inherits
FNDA:0,(anonymous_8)
FNDA:0,Header
FNDA:0,isLinkActive
FNDA:0,render
DA:0,1
DA:5,0
DA:9,0
DA:12,0
DA:48,0
LF:5
LH:1
BRDA:3,1,0,0
BRDA:3,1,1,0
BRDA:3,2,0,0
BRDA:3,2,1,0
BRDA:3,3,0,0
BRDA:3,3,1,0
BRDA:3,4,0,0
BRDA:3,4,1,0
BRDA:19,5,0,0
BRDA:19,5,1,0
BRDA:19,6,0,0
BRDA:19,6,1,0
BRDA:21,7,0,0
BRDA:21,7,1,0
BRDA:23,8,0,0
BRDA:23,8,1,0
BRDA:23,9,0,0
BRDA:23,9,1,0
BRDA:23,10,0,0
BRDA:23,10,1,0
BRDA:23,10,2,0
BRDA:25,11,0,0
BRDA:25,11,1,0
BRDA:25,12,0,0
BRDA:25,12,1,0
BRDA:25,13,0,0
BRDA:25,13,1,0
BRDA:25,14,0,0
BRDA:25,14,1,0
BRDA:25,15,0,0
BRDA:25,15,1,0
BRDA:41,16,0,0
BRDA:41,16,1,0
BRF:33
BRH:31
end_of_record
TN:
SF:/Users/jas/Projects/git/wave-editor/src/app/components/PlayBar.js
FN:3,(anonymous_1)
FN:3,defineProperties
FN:3,(anonymous_3)
FN:21,_interopRequireDefault
FN:23,_classCallCheck
FN:25,_possibleConstructorReturn
FN:27,_inherits
FN:29,(anonymous_8)
FN:32,PlayBar
FN:40,handlePlaybackTypeChange
FN:47,handlePlaybackPositionChange
FN:59,render
FN:134,(anonymous_13)
FNF:13
FNH:11
FNDA:0,(anonymous_1)
FNDA:0,defineProperties
FNDA:0,(anonymous_3)
FNDA:0,_interopRequireDefault
FNDA:0,_classCallCheck
FNDA:0,_possibleConstructorReturn
FNDA:0,_inherits
FNDA:0,(anonymous_8)
FNDA:0,PlayBar
FNDA:0,handlePlaybackTypeChange
FNDA:0,handlePlaybackPositionChange
FNDA:0,render
FNDA:0,(anonymous_13)
DA:0,1
DA:10,0
DA:14,0
DA:15,0
DA:17,0
DA:21,0
DA:22,0
DA:23,0
DA:24,0
DA:25,0
DA:78,0
LF:11
LH:1
BRDA:3,1,0,0
BRDA:3,1,1,0
BRDA:3,2,0,0
BRDA:3,2,1,0
BRDA:3,3,0,0
BRDA:3,3,1,0
BRDA:3,4,0,0
BRDA:3,4,1,0
BRDA:21,5,0,0
BRDA:21,5,1,0
BRDA:21,6,0,0
BRDA:21,6,1,0
BRDA:23,7,0,0
BRDA:23,7,1,0
BRDA:25,8,0,0
BRDA:25,8,1,0
BRDA:25,9,0,0
BRDA:25,9,1,0
BRDA:25,10,0,0
BRDA:25,10,1,0
BRDA:25,10,2,0
BRDA:27,11,0,0
BRDA:27,11,1,0
BRDA:27,12,0,0
BRDA:27,12,1,0
BRDA:27,13,0,0
BRDA:27,13,1,0
BRDA:27,14,0,0
BRDA:27,14,1,0
BRDA:27,15,0,0
BRDA:27,15,1,0
BRDA:52,16,0,0
BRDA:52,16,1,0
BRDA:53,17,0,0
BRDA:53,17,1,0
BRF:35
BRH:31
end_of_record
TN:
SF:/Users/jas/Projects/git/wave-editor/src/app/components/PlaybackPositionSlider.js
FN:3,(anonymous_1)
FN:3,defineProperties
FN:3,(anonymous_3)
FN:19,_interopRequireDefault
FN:21,_classCallCheck
FN:23,_possibleConstructorReturn
FN:25,_inherits
FN:27,(anonymous_8)
FN:30,PlaybackPositionSlider
FN:38,handlePlaybackPositionChange
FN:45,render
FN:83,(anonymous_12)
FNF:12
FNH:10
FNDA:0,(anonymous_1)
FNDA:0,defineProperties
FNDA:0,(anonymous_3)
FNDA:0,_interopRequireDefault
FNDA:0,_classCallCheck
FNDA:0,_possibleConstructorReturn
FNDA:0,_inherits
FNDA:0,(anonymous_8)
FNDA:0,PlaybackPositionSlider
FNDA:0,handlePlaybackPositionChange
FNDA:0,render
FNDA:0,(anonymous_12)
DA:0,1
DA:9,0
DA:13,0
DA:33,0
DA:39,0
LF:5
LH:1
BRDA:3,1,0,0
BRDA:3,1,1,0
BRDA:3,2,0,0
BRDA:3,2,1,0
BRDA:3,3,0,0
BRDA:3,3,1,0
BRDA:3,4,0,0
BRDA:3,4,1,0
BRDA:19,5,0,0
BRDA:19,5,1,0
BRDA:19,6,0,0
BRDA:19,6,1,0
BRDA:21,7,0,0
BRDA:21,7,1,0
BRDA:23,8,0,0
BRDA:23,8,1,0
BRDA:23,9,0,0
BRDA:23,9,1,0
BRDA:23,10,0,0
BRDA:23,10,1,0
BRDA:23,10,2,0
BRDA:25,11,0,0
BRDA:25,11,1,0
BRDA:25,12,0,0
BRDA:25,12,1,0
BRDA:25,13,0,0
BRDA:25,13,1,0
BRDA:25,14,0,0
BRDA:25,14,1,0
BRDA:25,15,0,0
BRDA:25,15,1,0
BRF:31
BRH:31
end_of_record
TN:
SF:/Users/jas/Projects/git/wave-editor/src/app/components/PlaybackRateBar.js
FN:3,(anonymous_1)
FN:3,defineProperties
FN:3,(anonymous_3)
FN:19,_interopRequireDefault
FN:21,_classCallCheck
FN:23,_possibleConstructorReturn
FN:25,_inherits
FN:27,(anonymous_8)
FN:30,PlaybackRateBar
FN:38,handlePlaybackRateChange
FN:45,render
FN:61,(anonymous_12)
FN:83,(anonymous_13)
FNF:13
FNH:10
FNDA:0,(anonymous_1)
FNDA:0,defineProperties
FNDA:0,(anonymous_3)
FNDA:0,_interopRequireDefault
FNDA:0,_classCallCheck
FNDA:0,_possibleConstructorReturn
FNDA:0,_inherits
FNDA:0,(anonymous_8)
FNDA:0,PlaybackRateBar
FNDA:0,handlePlaybackRateChange
FNDA:0,render
FNDA:0,(anonymous_12)
FNDA:0,(anonymous_13)
DA:0,1
DA:9,0
DA:13,0
DA:14,0
DA:15,0
DA:16,0
DA:17,0
DA:22,0
DA:42,0
LF:9
LH:1
BRDA:3,1,0,0
BRDA:3,1,1,0
BRDA:3,2,0,0
BRDA:3,2,1,0
BRDA:3,3,0,0
BRDA:3,3,1,0
BRDA:3,4,0,0
BRDA:3,4,1,0
BRDA:19,5,0,0
BRDA:19,5,1,0
BRDA:19,6,0,0
BRDA:19,6,1,0
BRDA:21,7,0,0
BRDA:21,7,1,0
BRDA:23,8,0,0
BRDA:23,8,1,0
BRDA:23,9,0,0
BRDA:23,9,1,0
BRDA:23,10,0,0
BRDA:23,10,1,0
BRDA:23,10,2,0
BRDA:25,11,0,0
BRDA:25,11,1,0
BRDA:25,12,0,0
BRDA:25,12,1,0
BRDA:25,13,0,0
BRDA:25,13,1,0
BRDA:25,14,0,0
BRDA:25,14,1,0
BRDA:25,15,0,0
BRDA:25,15,1,0
BRF:31
BRH:31
end_of_record
TN:
SF:/Users/jas/Projects/git/wave-editor/src/app/components/PlaybackRateSlider.js
FN:3,(anonymous_1)
FN:3,defineProperties
FN:3,(anonymous_3)
FN:19,_interopRequireDefault
FN:21,_classCallCheck
FN:23,_possibleConstructorReturn
FN:25,_inherits
FN:27,(anonymous_8)
FN:30,PlaybackRateSlider
FN:38,handlePlaybackRateChange
FN:45,render
FN:90,(anonymous_12)
FNF:12
FNH:10
FNDA:0,(anonymous_1)
FNDA:0,defineProperties
FNDA:0,(anonymous_3)
FNDA:0,_interopRequireDefault
FNDA:0,_classCallCheck
FNDA:0,_possibleConstructorReturn
FNDA:0,_inherits
FNDA:0,(anonymous_8)
FNDA:0,PlaybackRateSlider
FNDA:0,handlePlaybackRateChange
FNDA:0,render
FNDA:0,(anonymous_12)
DA:0,1
DA:9,0
DA:13,0
DA:39,0
LF:4
LH:1
BRDA:3,1,0,0
BRDA:3,1,1,0
BRDA:3,2,0,0
BRDA:3,2,1,0
BRDA:3,3,0,0
BRDA:3,3,1,0
BRDA:3,4,0,0
BRDA:3,4,1,0
BRDA:19,5,0,0
BRDA:19,5,1,0
BRDA:19,6,0,0
BRDA:19,6,1,0
BRDA:21,7,0,0
BRDA:21,7,1,0
BRDA:23,8,0,0
BRDA:23,8,1,0
BRDA:23,9,0,0
BRDA:23,9,1,0
BRDA:23,10,0,0
BRDA:23,10,1,0
BRDA:23,10,2,0
BRDA:25,11,0,0
BRDA:25,11,1,0
BRDA:25,12,0,0
BRDA:25,12,1,0
BRDA:25,13,0,0
BRDA:25,13,1,0
BRDA:25,14,0,0
BRDA:25,14,1,0
BRDA:25,15,0,0
BRDA:25,15,1,0
BRF:31
BRH:31
end_of_record
TN:
SF:/Users/jas/Projects/git/wave-editor/src/app/components/VolumeSlider.js
FN:3,(anonymous_1)
FN:3,defineProperties
FN:3,(anonymous_3)
FN:19,_interopRequireDefault
FN:21,_classCallCheck
FN:23,_possibleConstructorReturn
FN:25,_inherits
FN:27,(anonymous_8)
FN:30,VolumeSlider
FN:38,handleVolumeChange
FN:45,render
FN:90,(anonymous_12)
FNF:12
FNH:10
FNDA:0,(anonymous_1)
FNDA:0,defineProperties
FNDA:0,(anonymous_3)
FNDA:0,_interopRequireDefault
FNDA:0,_classCallCheck
FNDA:0,_possibleConstructorReturn
FNDA:0,_inherits
FNDA:0,(anonymous_8)
FNDA:0,VolumeSlider
FNDA:0,handleVolumeChange
FNDA:0,render
FNDA:0,(anonymous_12)
DA:0,1
DA:9,0
DA:13,0
DA:39,0
LF:4
LH:1
BRDA:3,1,0,0
BRDA:3,1,1,0
BRDA:3,2,0,0
BRDA:3,2,1,0
BRDA:3,3,0,0
BRDA:3,3,1,0
BRDA:3,4,0,0
BRDA:3,4,1,0
BRDA:19,5,0,0
BRDA:19,5,1,0
BRDA:19,6,0,0
BRDA:19,6,1,0
BRDA:21,7,0,0
BRDA:21,7,1,0
BRDA:23,8,0,0
BRDA:23,8,1,0
BRDA:23,9,0,0
BRDA:23,9,1,0
BRDA:23,10,0,0
BRDA:23,10,1,0
BRDA:23,10,2,0
BRDA:25,11,0,0
BRDA:25,11,1,0
BRDA:25,12,0,0
BRDA:25,12,1,0
BRDA:25,13,0,0
BRDA:25,13,1,0
BRDA:25,14,0,0
BRDA:25,14,1,0
BRDA:25,15,0,0
BRDA:25,15,1,0
BRF:31
BRH:31
end_of_record
TN:
SF:/Users/jas/Projects/git/wave-editor/src/app/components/WaveformDataDebugBar.js
FN:3,(anonymous_1)
FN:3,defineProperties
FN:3,(anonymous_3)
FN:19,_interopRequireDefault
FN:21,_classCallCheck
FN:23,_possibleConstructorReturn
FN:25,_inherits
FN:27,(anonymous_8)
FN:30,WaveformDataDebugBar
FN:38,render
FNF:10
FNH:9
FNDA:0,(anonymous_1)
FNDA:0,defineProperties
FNDA:0,(anonymous_3)
FNDA:0,_interopRequireDefault
FNDA:0,_classCallCheck
FNDA:0,_possibleConstructorReturn
FNDA:0,_inherits
FNDA:0,(anonymous_8)
FNDA:0,WaveformDataDebugBar
FNDA:0,render
DA:0,1
DA:7,0
DA:19,0
LF:3
LH:1
BRDA:3,1,0,0
BRDA:3,1,1,0
BRDA:3,2,0,0
BRDA:3,2,1,0
BRDA:3,3,0,0
BRDA:3,3,1,0
BRDA:3,4,0,0
BRDA:3,4,1,0
BRDA:19,5,0,0
BRDA:19,5,1,0
BRDA:19,6,0,0
BRDA:19,6,1,0
BRDA:21,7,0,0
BRDA:21,7,1,0
BRDA:23,8,0,0
BRDA:23,8,1,0
BRDA:23,9,0,0
BRDA:23,9,1,0
BRDA:23,10,0,0
BRDA:23,10,1,0
BRDA:23,10,2,0
BRDA:25,11,0,0
BRDA:25,11,1,0
BRDA:25,12,0,0
BRDA:25,12,1,0
BRDA:25,13,0,0
BRDA:25,13,1,0
BRDA:25,14,0,0
BRDA:25,14,1,0
BRDA:25,15,0,0
BRDA:25,15,1,0
BRF:31
BRH:31
end_of_record
TN:
SF:/Users/jas/Projects/git/wave-editor/src/app/components/ZoomBar.js
FN:3,(anonymous_1)
FN:3,defineProperties
FN:3,(anonymous_3)
FN:21,_interopRequireWildcard
FN:23,_interopRequireDefault
FN:25,_classCallCheck
FN:27,_possibleConstructorReturn
FN:29,_inherits
FN:31,(anonymous_9)
FN:34,ZoomBar
FN:42,handleZoom
FN:51,handleSlide
FN:64,render
FN:115,onClick
FN:177,(anonymous_15)
FNF:15
FNH:12
FNDA:0,(anonymous_1)
FNDA:0,defineProperties
FNDA:0,(anonymous_3)
FNDA:0,_interopRequireWildcard
FNDA:0,_interopRequireDefault
FNDA:0,_classCallCheck
FNDA:0,_possibleConstructorReturn
FNDA:0,_inherits
FNDA:0,(anonymous_9)
FNDA:0,ZoomBar
FNDA:0,handleZoom
FNDA:0,handleSlide
FNDA:0,render
FNDA:0,onClick
FNDA:0,(anonymous_15)
DA:0,1
DA:9,0
DA:10,0
DA:15,0
DA:16,0
DA:17,0
DA:18,0
DA:23,0
DA:24,0
DA:25,0
DA:26,0
DA:27,0
DA:28,0
DA:29,0
DA:30,0
DA:31,0
DA:33,0
DA:63,0
DA:103,0
LF:19
LH:1
BRDA:3,1,0,0
BRDA:3,1,1,0
BRDA:3,2,0,0
BRDA:3,2,1,0
BRDA:3,3,0,0
BRDA:3,3,1,0
BRDA:3,4,0,0
BRDA:3,4,1,0
BRDA:21,5,0,0
BRDA:21,5,1,0
BRDA:21,6,0,0
BRDA:21,6,1,0
BRDA:21,7,0,0
BRDA:21,7,1,0
BRDA:21,8,0,0
BRDA:21,8,1,0
BRDA:23,9,0,0
BRDA:23,9,1,0
BRDA:23,10,0,0
BRDA:23,10,1,0
BRDA:25,11,0,0
BRDA:25,11,1,0
BRDA:27,12,0,0
BRDA:27,12,1,0
BRDA:27,13,0,0
BRDA:27,13,1,0
BRDA:27,14,0,0
BRDA:27,14,1,0
BRDA:27,14,2,0
BRDA:29,15,0,0
BRDA:29,15,1,0
BRDA:29,16,0,0
BRDA:29,16,1,0
BRDA:29,17,0,0
BRDA:29,17,1,0
BRDA:29,18,0,0
BRDA:29,18,1,0
BRDA:29,19,0,0
BRDA:29,19,1,0
BRDA:45,20,0,0
BRDA:45,20,1,0
BRDA:56,21,0,0
BRDA:56,21,1,0
BRDA:58,22,0,0
BRDA:58,22,1,0
BRDA:77,23,0,0
BRDA:77,23,1,0
BRF:47
BRH:39
end_of_record
TN:
SF:/Users/jas/Projects/git/wave-editor/src/app/components/ZoomSlider.js
FN:3,(anonymous_1)
FN:3,defineProperties
FN:3,(anonymous_3)
FN:17,_interopRequireDefault
FN:19,_classCallCheck
FN:21,_possibleConstructorReturn
FN:23,_inherits
FN:25,(anonymous_8)
FN:28,ZoomSlider
FN:36,componentDidMount
FN:44,componentWillUnmount
FN:50,getPosition
FN:61,handleCenter
FN:69,handleMouseDown
FN:84,handleMouseUp
FN:92,handleMouseMove
FN:114,render
FN:143,(anonymous_18)
FNF:18
FNH:16
FNDA:0,(anonymous_1)
FNDA:0,defineProperties
FNDA:0,(anonymous_3)
FNDA:0,_interopRequireDefault
FNDA:0,_classCallCheck
FNDA:0,_possibleConstructorReturn
FNDA:0,_inherits
FNDA:0,(anonymous_8)
FNDA:0,ZoomSlider
FNDA:0,componentDidMount
FNDA:0,componentWillUnmount
FNDA:0,getPosition
FNDA:0,handleCenter
FNDA:0,handleMouseDown
FNDA:0,handleMouseUp
FNDA:0,handleMouseMove
FNDA:0,render
FNDA:0,(anonymous_18)
DA:0,1
DA:7,0
DA:8,0
DA:9,0
DA:10,0
DA:13,0
DA:14,0
DA:17,0
DA:18,0
DA:19,0
DA:20,0
DA:21,0
DA:22,0
DA:23,0
DA:27,0
DA:28,0
DA:32,0
DA:33,0
DA:34,0
DA:35,0
DA:36,0
DA:37,0
DA:38,0
DA:40,0
DA:44,0
DA:45,0
DA:49,0
DA:50,0
DA:51,0
DA:53,0
DA:54,0
DA:55,0
DA:56,0
DA:57,0
DA:58,0
DA:65,0
DA:66,0
DA:67,0
DA:68,0
DA:69,0
DA:70,0
DA:71,0
DA:72,0
DA:85,0
LF:44
LH:1
BRDA:3,1,0,0
BRDA:3,1,1,0
BRDA:3,2,0,0
BRDA:3,2,1,0
BRDA:3,3,0,0
BRDA:3,3,1,0
BRDA:3,4,0,0
BRDA:3,4,1,0
BRDA:17,5,0,0
BRDA:17,5,1,0
BRDA:17,6,0,0
BRDA:17,6,1,0
BRDA:19,7,0,0
BRDA:19,7,1,0
BRDA:21,8,0,0
BRDA:21,8,1,0
BRDA:21,9,0,0
BRDA:21,9,1,0
BRDA:21,10,0,0
BRDA:21,10,1,0
BRDA:21,10,2,0
BRDA:23,11,0,0
BRDA:23,11,1,0
BRDA:23,12,0,0
BRDA:23,12,1,0
BRDA:23,13,0,0
BRDA:23,13,1,0
BRDA:23,14,0,0
BRDA:23,14,1,0
BRDA:23,15,0,0
BRDA:23,15,1,0
BRDA:72,16,0,0
BRDA:72,16,1,0
BRDA:72,17,0,0
BRDA:72,17,1,0
BRDA:75,18,0,0
BRDA:75,18,1,0
BRDA:77,19,0,0
BRDA:77,19,1,0
BRDA:98,20,0,0
BRDA:98,20,1,0
BRDA:99,21,0,0
BRDA:99,21,1,0
BRDA:104,22,0,0
BRDA:104,22,1,0
BRDA:106,23,0,0
BRDA:106,23,1,0
BRF:47
BRH:31
end_of_record
TN:
SF:/Users/jas/Projects/git/wave-editor/src/app/containers/App.js
FN:3,(anonymous_1)
FN:3,defineProperties
FN:3,(anonymous_3)
FN:35,_interopRequireDefault
FN:37,_classCallCheck
FN:39,_possibleConstructorReturn
FN:41,_inherits
FN:43,(anonymous_8)
FN:46,App
FN:54,render
FNF:10
FNH:9
FNDA:0,(anonymous_1)
FNDA:0,defineProperties
FNDA:0,(anonymous_3)
FNDA:0,_interopRequireDefault
FNDA:0,_classCallCheck
FNDA:0,_possibleConstructorReturn
FNDA:0,_inherits
FNDA:0,(anonymous_8)
FNDA:0,App
FNDA:0,render
DA:0,1
DA:11,0
DA:12,0
DA:13,0
DA:14,0
LF:5
LH:1
BRDA:3,1,0,0
BRDA:3,1,1,0
BRDA:3,2,0,0
BRDA:3,2,1,0
BRDA:3,3,0,0
BRDA:3,3,1,0
BRDA:3,4,0,0
BRDA:3,4,1,0
BRDA:35,5,0,0
BRDA:35,5,1,0
BRDA:35,6,0,0
BRDA:35,6,1,0
BRDA:37,7,0,0
BRDA:37,7,1,0
BRDA:39,8,0,0
BRDA:39,8,1,0
BRDA:39,9,0,0
BRDA:39,9,1,0
BRDA:39,10,0,0
BRDA:39,10,1,0
BRDA:39,10,2,0
BRDA:41,11,0,0
BRDA:41,11,1,0
BRDA:41,12,0,0
BRDA:41,12,1,0
BRDA:41,13,0,0
BRDA:41,13,1,0
BRDA:41,14,0,0
BRDA:41,14,1,0
BRDA:41,15,0,0
BRDA:41,15,1,0
BRF:31
BRH:31
end_of_record
TN:
SF:/Users/jas/Projects/git/wave-editor/src/app/defaults/waveformData.js
FN:8,getWaveformDataSchema
FN:21,getDefaultData
FNF:2
FNH:0
FNDA:0,getWaveformDataSchema
FNDA:0,getDefaultData
DA:0,1
DA:2,1
DA:3,0
DA:15,1
DA:16,0
LF:5
LH:3
BRF:0
BRH:0
end_of_record
TN:
SF:/Users/jas/Projects/git/wave-editor/src/app/helpers/stringToCssName.js
FN:3,(anonymous_1)
FNF:1
FNH:0
FNDA:0,(anonymous_1)
DA:1,0
DA:2,0
LF:2
LH:0
BRF:0
BRH:0
end_of_record
TN:
SF:/Users/jas/Projects/git/wave-editor/src/app/pages/About.js
FN:3,(anonymous_1)
FN:3,defineProperties
FN:3,(anonymous_3)
FN:21,_interopRequireDefault
FN:23,_classCallCheck
FN:25,_possibleConstructorReturn
FN:27,_inherits
FN:32,(anonymous_8)
FN:35,About
FN:43,render
FNF:10
FNH:9
FNDA:0,(anonymous_1)
FNDA:0,defineProperties
FNDA:0,(anonymous_3)
FNDA:0,_interopRequireDefault
FNDA:0,_classCallCheck
FNDA:0,_possibleConstructorReturn
FNDA:0,_inherits
FNDA:0,(anonymous_8)
FNDA:0,About
FNDA:0,render
DA:0,1
DA:5,0
DA:6,0
DA:10,0
LF:4
LH:1
BRDA:3,1,0,0
BRDA:3,1,1,0
BRDA:3,2,0,0
BRDA:3,2,1,0
BRDA:3,3,0,0
BRDA:3,3,1,0
BRDA:3,4,0,0
BRDA:3,4,1,0
BRDA:21,5,0,0
BRDA:21,5,1,0
BRDA:21,6,0,0
BRDA:21,6,1,0
BRDA:23,7,0,0
BRDA:23,7,1,0
BRDA:25,8,0,0
BRDA:25,8,1,0
BRDA:25,9,0,0
BRDA:25,9,1,0
BRDA:25,10,0,0
BRDA:25,10,1,0
BRDA:25,10,2,0
BRDA:27,11,0,0
BRDA:27,11,1,0
BRDA:27,12,0,0
BRDA:27,12,1,0
BRDA:27,13,0,0
BRDA:27,13,1,0
BRDA:27,14,0,0
BRDA:27,14,1,0
BRDA:27,15,0,0
BRDA:27,15,1,0
BRF:31
BRH:31
end_of_record
TN:
SF:/Users/jas/Projects/git/wave-editor/src/app/pages/Editor.js
FN:3,(anonymous_1)
FN:3,defineProperties
FN:3,(anonymous_3)
FN:33,_interopRequireDefault
FN:35,_classCallCheck
FN:37,_possibleConstructorReturn
FN:39,_inherits
FN:41,(anonymous_8)
FN:44,Editor
FN:52,componentDidMount
FN:60,componentWillUnmount
FN:67,handleFileButtonClick
FN:74,handleFileDrag
FN:80,handleFileSelect
FN:97,render
FN:261,(anonymous_16)
FNF:16
FNH:14
FNDA:0,(anonymous_1)
FNDA:0,defineProperties
FNDA:0,(anonymous_3)
FNDA:0,_interopRequireDefault
FNDA:0,_classCallCheck
FNDA:0,_possibleConstructorReturn
FNDA:0,_inherits
FNDA:0,(anonymous_8)
FNDA:0,Editor
FNDA:0,componentDidMount
FNDA:0,componentWillUnmount
FNDA:0,handleFileButtonClick
FNDA:0,handleFileDrag
FNDA:0,handleFileSelect
FNDA:0,render
FNDA:0,(anonymous_16)
DA:0,1
DA:12,0
DA:13,0
DA:14,0
DA:15,0
DA:18,0
DA:19,0
DA:20,0
DA:23,0
DA:24,0
DA:25,0
DA:28,0
DA:29,0
DA:35,0
DA:38,0
DA:42,0
DA:51,0
DA:128,0
LF:18
LH:1
BRDA:3,1,0,0
BRDA:3,1,1,0
BRDA:3,2,0,0
BRDA:3,2,1,0
BRDA:3,3,0,0
BRDA:3,3,1,0
BRDA:3,4,0,0
BRDA:3,4,1,0
BRDA:33,5,0,0
BRDA:33,5,1,0
BRDA:33,6,0,0
BRDA:33,6,1,0
BRDA:35,7,0,0
BRDA:35,7,1,0
BRDA:37,8,0,0
BRDA:37,8,1,0
BRDA:37,9,0,0
BRDA:37,9,1,0
BRDA:37,10,0,0
BRDA:37,10,1,0
BRDA:37,10,2,0
BRDA:39,11,0,0
BRDA:39,11,1,0
BRDA:39,12,0,0
BRDA:39,12,1,0
BRDA:39,13,0,0
BRDA:39,13,1,0
BRDA:39,14,0,0
BRDA:39,14,1,0
BRDA:39,15,0,0
BRDA:39,15,1,0
BRDA:88,16,0,0
BRDA:88,16,1,0
BRDA:91,17,0,0
BRDA:91,17,1,0
BRF:35
BRH:31
end_of_record
TN:
SF:/Users/jas/Projects/git/wave-editor/src/app/pages/Home.js
FN:3,(anonymous_1)
FN:3,defineProperties
FN:3,(anonymous_3)
FN:17,_interopRequireDefault
FN:19,_classCallCheck
FN:21,_possibleConstructorReturn
FN:23,_inherits
FN:25,(anonymous_8)
FN:28,Home
FN:36,render
FNF:10
FNH:9
FNDA:0,(anonymous_1)
FNDA:0,defineProperties
FNDA:0,(anonymous_3)
FNDA:0,_interopRequireDefault
FNDA:0,_classCallCheck
FNDA:0,_possibleConstructorReturn
FNDA:0,_inherits
FNDA:0,(anonymous_8)
FNDA:0,Home
FNDA:0,render
DA:0,1
DA:7,0
LF:2
LH:1
BRDA:3,1,0,0
BRDA:3,1,1,0
BRDA:3,2,0,0
BRDA:3,2,1,0
BRDA:3,3,0,0
BRDA:3,3,1,0
BRDA:3,4,0,0
BRDA:3,4,1,0
BRDA:17,5,0,0
BRDA:17,5,1,0
BRDA:17,6,0,0
BRDA:17,6,1,0
BRDA:19,7,0,0
BRDA:19,7,1,0
BRDA:21,8,0,0
BRDA:21,8,1,0
BRDA:21,9,0,0
BRDA:21,9,1,0
BRDA:21,10,0,0
BRDA:21,10,1,0
BRDA:21,10,2,0
BRDA:23,11,0,0
BRDA:23,11,1,0
BRDA:23,12,0,0
BRDA:23,12,1,0
BRDA:23,13,0,0
BRDA:23,13,1,0
BRDA:23,14,0,0
BRDA:23,14,1,0
BRDA:23,15,0,0
BRDA:23,15,1,0
BRF:31
BRH:31
end_of_record
TN:
SF:/Users/jas/Projects/git/wave-editor/src/app/pages/NotFound.js
FN:3,(anonymous_1)
FN:3,defineProperties
FN:3,(anonymous_3)
FN:19,_interopRequireDefault
FN:21,_classCallCheck
FN:23,_possibleConstructorReturn
FN:25,_inherits
FN:29,(anonymous_8)
FN:32,NotFound
FN:40,render
FNF:10
FNH:9
FNDA:0,(anonymous_1)
FNDA:0,defineProperties
FNDA:0,(anonymous_3)
FNDA:0,_interopRequireDefault
FNDA:0,_classCallCheck
FNDA:0,_possibleConstructorReturn
FNDA:0,_inherits
FNDA:0,(anonymous_8)
FNDA:0,NotFound
FNDA:0,render
DA:0,1
DA:5,0
DA:9,0
LF:3
LH:1
BRDA:3,1,0,0
BRDA:3,1,1,0
BRDA:3,2,0,0
BRDA:3,2,1,0
BRDA:3,3,0,0
BRDA:3,3,1,0
BRDA:3,4,0,0
BRDA:3,4,1,0
BRDA:19,5,0,0
BRDA:19,5,1,0
BRDA:19,6,0,0
BRDA:19,6,1,0
BRDA:21,7,0,0
BRDA:21,7,1,0
BRDA:23,8,0,0
BRDA:23,8,1,0
BRDA:23,9,0,0
BRDA:23,9,1,0
BRDA:23,10,0,0
BRDA:23,10,1,0
BRDA:23,10,2,0
BRDA:25,11,0,0
BRDA:25,11,1,0
BRDA:25,12,0,0
BRDA:25,12,1,0
BRDA:25,13,0,0
BRDA:25,13,1,0
BRDA:25,14,0,0
BRDA:25,14,1,0
BRDA:25,15,0,0
BRDA:25,15,1,0
BRF:31
BRH:31
end_of_record
TN:
SF:/Users/jas/Projects/git/wave-editor/src/app/routes/index.js
FN:33,_interopRequireDefault
FNF:1
FNH:1
FNDA:0,_interopRequireDefault
DA:0,1
DA:4,0
DA:12,0
LF:3
LH:1
BRDA:33,1,0,0
BRDA:33,1,1,0
BRDA:33,2,0,0
BRDA:33,2,1,0
BRF:4
BRH:4
end_of_record
TN:
SF:/Users/jas/Projects/git/wave-editor/src/app/reducers/audioContext.js
FN:12,_interopRequireWildcard
FN:14,counter
FNF:2
FNH:1
FNDA:0,_interopRequireWildcard
FNDA:0,counter
DA:0,1
DA:3,1
DA:4,0
DA:6,0
DA:8,0
LF:5
LH:2
BRDA:12,1,0,0
BRDA:12,1,1,0
BRDA:12,2,0,0
BRDA:12,2,1,0
BRDA:12,3,0,0
BRDA:12,3,1,0
BRDA:12,4,0,0
BRDA:12,4,1,0
BRDA:15,5,0,0
BRDA:15,5,1,0
BRDA:15,6,0,0
BRDA:15,6,1,0
BRDA:18,7,0,0
BRDA:18,7,1,0
BRF:14
BRH:8
end_of_record
TN:
SF:/Users/jas/Projects/git/wave-editor/src/app/reducers/buffer.js
FN:7,(anonymous_1)
FN:23,_interopRequireWildcard
FNF:2
FNH:1
FNDA:0,(anonymous_1)
FNDA:0,_interopRequireWildcard
DA:0,1
DA:4,0
DA:6,0
DA:8,0
LF:4
LH:1
BRDA:8,1,0,0
BRDA:8,1,1,0
BRDA:8,2,0,0
BRDA:8,2,1,0
BRDA:11,3,0,0
BRDA:11,3,1,0
BRDA:23,4,0,0
BRDA:23,4,1,0
BRDA:23,5,0,0
BRDA:23,5,1,0
BRDA:23,6,0,0
BRDA:23,6,1,0
BRDA:23,7,0,0
BRDA:23,7,1,0
BRF:14
BRH:8
end_of_record
TN:
SF:/Users/jas/Projects/git/wave-editor/src/app/reducers/examples.js
FN:7,(anonymous_1)
FN:26,_interopRequireWildcard
FNF:2
FNH:1
FNDA:0,(anonymous_1)
FNDA:0,_interopRequireWildcard
DA:0,1
DA:4,0
DA:6,0
DA:11,0
LF:4
LH:1
BRDA:8,1,0,0
BRDA:8,1,1,0
BRDA:8,2,0,0
BRDA:8,2,1,0
BRDA:11,3,0,0
BRDA:11,3,1,0
BRDA:26,4,0,0
BRDA:26,4,1,0
BRDA:26,5,0,0
BRDA:26,5,1,0
BRDA:26,6,0,0
BRDA:26,6,1,0
BRDA:26,7,0,0
BRDA:26,7,1,0
BRF:14
BRH:8
end_of_record
TN:
SF:/Users/jas/Projects/git/wave-editor/src/app/reducers/index.js
FN:55,_interopRequireDefault
FNF:1
FNH:1
FNDA:0,_interopRequireDefault
DA:0,1
DA:15,0
LF:2
LH:1
BRDA:55,1,0,0
BRDA:55,1,1,0
BRDA:55,2,0,0
BRDA:55,2,1,0
BRF:4
BRH:4
end_of_record
TN:
SF:/Users/jas/Projects/git/wave-editor/src/app/reducers/name.js
FN:7,(anonymous_1)
FN:23,_interopRequireWildcard
FNF:2
FNH:1
FNDA:0,(anonymous_1)
FNDA:0,_interopRequireWildcard
DA:0,1
DA:4,0
DA:6,0
DA:8,0
LF:4
LH:1
BRDA:8,1,0,0
BRDA:8,1,1,0
BRDA:8,2,0,0
BRDA:8,2,1,0
BRDA:11,3,0,0
BRDA:11,3,1,0
BRDA:23,4,0,0
BRDA:23,4,1,0
BRDA:23,5,0,0
BRDA:23,5,1,0
BRDA:23,6,0,0
BRDA:23,6,1,0
BRDA:23,7,0,0
BRDA:23,7,1,0
BRF:14
BRH:8
end_of_record
TN:
SF:/Users/jas/Projects/git/wave-editor/src/app/reducers/playbackPosition.js
FN:7,(anonymous_1)
FN:28,_interopRequireWildcard
FNF:2
FNH:1
FNDA:0,(anonymous_1)
FNDA:0,_interopRequireWildcard
DA:0,1
DA:4,0
DA:6,0
DA:7,0
DA:8,0
DA:13,0
LF:6
LH:1
BRDA:8,1,0,0
BRDA:8,1,1,0
BRDA:8,2,0,0
BRDA:8,2,1,0
BRDA:11,3,0,0
BRDA:11,3,1,0
BRDA:14,4,0,0
BRDA:14,4,1,0
BRDA:28,5,0,0
BRDA:28,5,1,0
BRDA:28,6,0,0
BRDA:28,6,1,0
BRDA:28,7,0,0
BRDA:28,7,1,0
BRDA:28,8,0,0
BRDA:28,8,1,0
BRF:16
BRH:8
end_of_record
TN:
SF:/Users/jas/Projects/git/wave-editor/src/app/reducers/playbackRate.js
FN:7,(anonymous_1)
FN:25,_interopRequireWildcard
FNF:2
FNH:1
FNDA:0,(anonymous_1)
FNDA:0,_interopRequireWildcard
DA:0,1
DA:4,0
DA:6,0
DA:7,0
DA:8,0
DA:10,0
LF:6
LH:1
BRDA:8,1,0,0
BRDA:8,1,1,0
BRDA:8,2,0,0
BRDA:8,2,1,0
BRDA:11,3,0,0
BRDA:11,3,1,0
BRDA:14,4,0,0
BRDA:14,4,1,0
BRDA:25,5,0,0
BRDA:25,5,1,0
BRDA:25,6,0,0
BRDA:25,6,1,0
BRDA:25,7,0,0
BRDA:25,7,1,0
BRDA:25,8,0,0
BRDA:25,8,1,0
BRF:16
BRH:8
end_of_record
TN:
SF:/Users/jas/Projects/git/wave-editor/src/app/reducers/playbackType.js
FN:7,(anonymous_1)
FN:31,_interopRequireWildcard
FNF:2
FNH:1
FNDA:0,(anonymous_1)
FNDA:0,_interopRequireWildcard
DA:0,1
DA:4,0
DA:6,0
DA:7,0
DA:8,0
DA:9,0
DA:10,0
DA:12,0
DA:14,0
DA:16,0
LF:10
LH:1
BRDA:8,1,0,0
BRDA:8,1,1,0
BRDA:8,2,0,0
BRDA:8,2,1,0
BRDA:11,3,0,0
BRDA:11,3,1,0
BRDA:14,4,0,0
BRDA:14,4,1,0
BRDA:16,5,0,0
BRDA:16,5,1,0
BRDA:31,6,0,0
BRDA:31,6,1,0
BRDA:31,7,0,0
BRDA:31,7,1,0
BRDA:31,8,0,0
BRDA:31,8,1,0
BRDA:31,9,0,0
BRDA:31,9,1,0
BRF:18
BRH:8
end_of_record
TN:
SF:/Users/jas/Projects/git/wave-editor/src/app/reducers/validFile.js
FN:7,(anonymous_1)
FN:26,_interopRequireWildcard
FN:28,getDefaultData
FNF:3
FNH:1
FNDA:0,(anonymous_1)
FNDA:0,_interopRequireWildcard
FNDA:0,getDefaultData
DA:0,1
DA:3,1
DA:4,0
DA:11,0
DA:13,0
DA:14,0
DA:15,0
DA:16,0
DA:18,0
LF:9
LH:2
BRDA:8,1,0,0
BRDA:8,1,1,0
BRDA:8,2,0,0
BRDA:8,2,1,0
BRDA:11,3,0,0
BRDA:11,3,1,0
BRDA:14,4,0,0
BRDA:14,4,1,0
BRDA:26,5,0,0
BRDA:26,5,1,0
BRDA:26,6,0,0
BRDA:26,6,1,0
BRDA:26,7,0,0
BRDA:26,7,1,0
BRDA:26,8,0,0
BRDA:26,8,1,0
BRF:16
BRH:8
end_of_record
TN:
SF:/Users/jas/Projects/git/wave-editor/src/app/reducers/volume.js
FN:7,(anonymous_1)
FN:27,_interopRequireWildcard
FNF:2
FNH:1
FNDA:0,(anonymous_1)
FNDA:0,_interopRequireWildcard
DA:0,1
DA:4,0
DA:6,0
DA:7,0
DA:8,0
DA:9,0
DA:10,0
DA:12,0
LF:8
LH:1
BRDA:8,1,0,0
BRDA:8,1,1,0
BRDA:8,2,0,0
BRDA:8,2,1,0
BRDA:11,3,0,0
BRDA:11,3,1,0
BRDA:14,4,0,0
BRDA:14,4,1,0
BRDA:27,5,0,0
BRDA:27,5,1,0
BRDA:27,6,0,0
BRDA:27,6,1,0
BRDA:27,7,0,0
BRDA:27,7,1,0
BRDA:27,8,0,0
BRDA:27,8,1,0
BRF:16
BRH:8
end_of_record
TN:
SF:/Users/jas/Projects/git/wave-editor/src/app/reducers/waveformData.js
FN:7,(anonymous_1)
FN:14,(anonymous_2)
FN:25,(anonymous_3)
FN:44,_interopRequireDefault
FN:46,_interopRequireWildcard
FNF:5
FNH:2
FNDA:0,(anonymous_1)
FNDA:0,(anonymous_2)
FNDA:0,(anonymous_3)
FNDA:0,_interopRequireDefault
FNDA:0,_interopRequireWildcard
DA:0,1
DA:5,0
DA:7,0
DA:8,0
DA:9,0
DA:10,0
DA:13,0
DA:14,0
DA:16,0
DA:17,0
DA:18,0
DA:19,0
DA:20,0
DA:21,0
DA:24,0
DA:26,0
LF:16
LH:1
BRDA:8,1,0,0
BRDA:8,1,1,0
BRDA:8,2,0,0
BRDA:8,2,1,0
BRDA:11,3,0,0
BRDA:11,3,1,0
BRDA:15,4,0,0
BRDA:15,4,1,0
BRDA:19,5,0,0
BRDA:19,5,1,0
BRDA:26,6,0,0
BRDA:26,6,1,0
BRDA:44,7,0,0
BRDA:44,7,1,0
BRDA:44,8,0,0
BRDA:44,8,1,0
BRDA:46,9,0,0
BRDA:46,9,1,0
BRDA:46,10,0,0
BRDA:46,10,1,0
BRDA:46,11,0,0
BRDA:46,11,1,0
BRDA:46,12,0,0
BRDA:46,12,1,0
BRF:24
BRH:12
end_of_record
TN:
SF:/Users/jas/Projects/git/wave-editor/src/app/reducers/zoom.js
FN:7,(anonymous_1)
FN:36,_interopRequireWildcard
FN:38,getDefaultData
FNF:3
FNH:1
FNDA:0,(anonymous_1)
FNDA:0,_interopRequireWildcard
FNDA:0,getDefaultData
DA:0,1
DA:3,1
DA:4,0
DA:15,0
DA:17,0
DA:23,0
DA:28,0
DA:32,0
LF:8
LH:2
BRDA:8,1,0,0
BRDA:8,1,1,0
BRDA:8,2,0,0
BRDA:8,2,1,0
BRDA:11,3,0,0
BRDA:11,3,1,0
BRDA:11,3,2,0
BRDA:11,3,3,0
BRDA:36,4,0,0
BRDA:36,4,1,0
BRDA:36,5,0,0
BRDA:36,5,1,0
BRDA:36,6,0,0
BRDA:36,6,1,0
BRDA:36,7,0,0
BRDA:36,7,1,0
BRF:16
BRH:8
end_of_record
TN:
SF:/Users/jas/Projects/git/wave-editor/src/app/store/configureStore.js
FN:26,_interopRequireDefault
FN:28,configureStore
FN:36,(anonymous_3)
FNF:3
FNH:1
FNDA:0,_interopRequireDefault
FNDA:0,configureStore
FNDA:0,(anonymous_3)
DA:0,1
DA:8,1
DA:9,0
DA:17,0
DA:19,0
DA:20,0
DA:21,0
DA:25,0
LF:8
LH:2
BRDA:26,1,0,0
BRDA:26,1,1,0
BRDA:26,2,0,0
BRDA:26,2,1,0
BRDA:34,3,0,0
BRDA:34,3,1,0
BRF:6
BRH:4
end_of_record
TN:
SF:/Users/jas/Projects/git/wave-editor/src/app/workers/waveformData.js
FN:5,(anonymous_1)
FN:23,emit
FN:44,initBucket
FN:62,updateBucket
FN:97,(anonymous_5)
FNF:5
FNH:0
FNDA:0,(anonymous_1)
FNDA:0,emit
FNDA:0,initBucket
FNDA:0,updateBucket
FNDA:0,(anonymous_5)
DA:0,1
DA:3,0
DA:4,0
DA:5,0
DA:6,0
DA:8,0
DA:9,0
DA:10,0
DA:11,0
DA:12,0
DA:13,0
DA:14,0
DA:15,0
DA:16,0
DA:17,0
DA:18,0
DA:19,0
DA:20,0
DA:21,0
DA:22,0
DA:23,0
DA:24,0
DA:25,0
DA:26,0
DA:27,0
DA:29,0
DA:30,0
DA:31,0
DA:33,0
DA:34,0
DA:37,0
DA:38,0
DA:55,0
DA:56,0
DA:57,0
DA:58,0
DA:59,0
DA:61,0
DA:62,0
DA:64,0
DA:65,0
DA:68,0
DA:69,0
DA:70,0
DA:71,0
DA:73,0
DA:74,0
DA:75,0
DA:76,0
DA:77,0
DA:78,0
DA:79,0
DA:80,0
DA:82,0
DA:83,0
DA:85,0
DA:87,0
DA:90,0
DA:92,0
LF:59
LH:1
BRDA:24,1,0,0
BRDA:24,1,1,0
BRDA:24,2,0,0
BRDA:24,2,1,0
BRDA:29,3,0,0
BRDA:29,3,1,0
BRDA:30,4,0,0
BRDA:30,4,1,0
BRDA:31,5,0,0
BRDA:31,5,1,0
BRDA:32,6,0,0
BRDA:32,6,1,0
BRDA:33,7,0,0
BRDA:33,7,1,0
BRDA:34,8,0,0
BRDA:34,8,1,0
BRDA:40,9,0,0
BRDA:40,9,1,0
BRDA:65,10,0,0
BRDA:65,10,1,0
BRDA:68,11,0,0
BRDA:68,11,1,0
BRDA:83,12,0,0
BRDA:83,12,1,0
BRDA:86,13,0,0
BRDA:86,13,1,0
BRF:26
BRH:0
end_of_record
